-- Found ament_cmake: 2.5.5 (/opt/ros/jazzy/share/ament_cmake/cmake)
-- Override CMake install command with custom implementation using symlinks instead of copying resources
-- Found rclcpp: 28.1.16 (/opt/ros/jazzy/share/rclcpp/cmake)
-- Found rosidl_generator_c: 4.6.7 (/opt/ros/jazzy/share/rosidl_generator_c/cmake)
-- Found rosidl_generator_cpp: 4.6.7 (/opt/ros/jazzy/share/rosidl_generator_cpp/cmake)
-- Using all available rosidl_typesupport_c: rosidl_typesupport_fastrtps_c;rosidl_typesupport_introspection_c
-- Using all available rosidl_typesupport_cpp: rosidl_typesupport_fastrtps_cpp;rosidl_typesupport_introspection_cpp
-- Found rmw_implementation_cmake: 7.3.3 (/opt/ros/jazzy/share/rmw_implementation_cmake/cmake)
-- Found rmw_fastrtps_cpp: 8.4.3 (/opt/ros/jazzy/share/rmw_fastrtps_cpp/cmake)
-- Using RMW implementation 'rmw_fastrtps_cpp' as default
-- Found rclcpp_lifecycle: 28.1.16 (/opt/ros/jazzy/share/rclcpp_lifecycle/cmake)
-- Found nav_msgs: 5.3.6 (/opt/ros/jazzy/share/nav_msgs/cmake)
-- Found std_srvs: 5.3.6 (/opt/ros/jazzy/share/std_srvs/cmake)
-- Configuring done (0.9s)
-- Generating done (0.0s)
-- Build files have been written to: /home/leonardo/git/autonomous-mobile-manipulation-in-simulation/build/amm_slam_manager
[ 50%] [32mBuilding CXX object CMakeFiles/slam_manager_node.dir/src/slam_manager_node.cpp.o[0m
[100%] [32m[1mLinking CXX executable slam_manager_node[0m
[100%] Built target slam_manager_node
-- Install configuration: ""
-- Execute custom install script
-- Symlinking: /home/leonardo/git/autonomous-mobile-manipulation-in-simulation/install/amm_slam_manager/lib/amm_slam_manager/slam_manager_node
-- Symlinking: /home/leonardo/git/autonomous-mobile-manipulation-in-simulation/install/amm_slam_manager/include//amm_slam_manager/slam_manager_node.hpp
-- Symlinking: /home/leonardo/git/autonomous-mobile-manipulation-in-simulation/install/amm_slam_manager/share/ament_index/resource_index/package_run_dependencies/amm_slam_manager
-- Symlinking: /home/leonardo/git/autonomous-mobile-manipulation-in-simulation/install/amm_slam_manager/share/ament_index/resource_index/parent_prefix_path/amm_slam_manager
-- Symlinking: /home/leonardo/git/autonomous-mobile-manipulation-in-simulation/install/amm_slam_manager/share/amm_slam_manager/environment/ament_prefix_path.sh
-- Symlinking: /home/leonardo/git/autonomous-mobile-manipulation-in-simulation/install/amm_slam_manager/share/amm_slam_manager/environment/ament_prefix_path.dsv
-- Symlinking: /home/leonardo/git/autonomous-mobile-manipulation-in-simulation/install/amm_slam_manager/share/amm_slam_manager/environment/path.sh
-- Symlinking: /home/leonardo/git/autonomous-mobile-manipulation-in-simulation/install/amm_slam_manager/share/amm_slam_manager/environment/path.dsv
-- Symlinking: /home/leonardo/git/autonomous-mobile-manipulation-in-simulation/install/amm_slam_manager/share/amm_slam_manager/local_setup.bash
-- Symlinking: /home/leonardo/git/autonomous-mobile-manipulation-in-simulation/install/amm_slam_manager/share/amm_slam_manager/local_setup.sh
-- Symlinking: /home/leonardo/git/autonomous-mobile-manipulation-in-simulation/install/amm_slam_manager/share/amm_slam_manager/local_setup.zsh
-- Symlinking: /home/leonardo/git/autonomous-mobile-manipulation-in-simulation/install/amm_slam_manager/share/amm_slam_manager/local_setup.dsv
-- Symlinking: /home/leonardo/git/autonomous-mobile-manipulation-in-simulation/install/amm_slam_manager/share/amm_slam_manager/package.dsv
-- Symlinking: /home/leonardo/git/autonomous-mobile-manipulation-in-simulation/install/amm_slam_manager/share/ament_index/resource_index/packages/amm_slam_manager
-- Symlinking: /home/leonardo/git/autonomous-mobile-manipulation-in-simulation/install/amm_slam_manager/share/amm_slam_manager/cmake/amm_slam_managerConfig.cmake
-- Symlinking: /home/leonardo/git/autonomous-mobile-manipulation-in-simulation/install/amm_slam_manager/share/amm_slam_manager/cmake/amm_slam_managerConfig-version.cmake
-- Symlinking: /home/leonardo/git/autonomous-mobile-manipulation-in-simulation/install/amm_slam_manager/share/amm_slam_manager/package.xml
