[0.018s] Invoking command in '/home/leonardo/git/autonomous-mobile-manipulation-in-simulation/build/amm_slam_manager': CMAKE_PREFIX_PATH=${CMAKE_PREFIX_PATH}:/home/leonardo/ros2_ws/install/mirte_test:/home/leonardo/ros2_ws/install/launch_testing_examples:/home/leonardo/ros2_ws/install/examples_rclpy_pointcloud_publisher:/home/leonardo/ros2_ws/install/examples_rclpy_minimal_subscriber:/home/leonardo/ros2_ws/install/examples_rclpy_minimal_service:/home/leonardo/ros2_ws/install/examples_rclpy_minimal_publisher:/home/leonardo/ros2_ws/install/examples_rclpy_minimal_client:/home/leonardo/ros2_ws/install/examples_rclpy_minimal_action_server:/home/leonardo/ros2_ws/install/examples_rclpy_minimal_action_client:/home/leonardo/ros2_ws/install/examples_rclpy_guard_conditions:/home/leonardo/ros2_ws/install/examples_rclpy_executors:/opt/ros/jazzy DEBUGINFOD_URLS=https://debuginfod.ubuntu.com /usr/bin/cmake --build /home/leonardo/git/autonomous-mobile-manipulation-in-simulation/build/amm_slam_manager -- -j8 -l8
[0.046s] -- Found ament_cmake: 2.5.5 (/opt/ros/jazzy/share/ament_cmake/cmake)
[0.311s] -- Override CMake install command with custom implementation using symlinks instead of copying resources
[0.323s] -- Found rclcpp: 28.1.16 (/opt/ros/jazzy/share/rclcpp/cmake)
[0.372s] -- Found rosidl_generator_c: 4.6.7 (/opt/ros/jazzy/share/rosidl_generator_c/cmake)
[0.389s] -- Found rosidl_generator_cpp: 4.6.7 (/opt/ros/jazzy/share/rosidl_generator_cpp/cmake)
[0.414s] -- Using all available rosidl_typesupport_c: rosidl_typesupport_fastrtps_c;rosidl_typesupport_introspection_c
[0.443s] -- Using all available rosidl_typesupport_cpp: rosidl_typesupport_fastrtps_cpp;rosidl_typesupport_introspection_cpp
[0.556s] -- Found rmw_implementation_cmake: 7.3.3 (/opt/ros/jazzy/share/rmw_implementation_cmake/cmake)
[0.560s] -- Found rmw_fastrtps_cpp: 8.4.3 (/opt/ros/jazzy/share/rmw_fastrtps_cpp/cmake)
[0.652s] -- Using RMW implementation 'rmw_fastrtps_cpp' as default
[0.738s] -- Found rclcpp_lifecycle: 28.1.16 (/opt/ros/jazzy/share/rclcpp_lifecycle/cmake)
[0.770s] -- Found nav_msgs: 5.3.6 (/opt/ros/jazzy/share/nav_msgs/cmake)
[0.840s] -- Found std_srvs: 5.3.6 (/opt/ros/jazzy/share/std_srvs/cmake)
[0.989s] -- Configuring done (0.9s)
[1.006s] -- Generating done (0.0s)
[1.015s] -- Build files have been written to: /home/leonardo/git/autonomous-mobile-manipulation-in-simulation/build/amm_slam_manager
[1.068s] [ 50%] [32mBuilding CXX object CMakeFiles/slam_manager_node.dir/src/slam_manager_node.cpp.o[0m
[11.719s] [100%] [32m[1mLinking CXX executable slam_manager_node[0m
[12.052s] [100%] Built target slam_manager_node
[12.065s] Invoked command in '/home/leonardo/git/autonomous-mobile-manipulation-in-simulation/build/amm_slam_manager' returned '0': CMAKE_PREFIX_PATH=${CMAKE_PREFIX_PATH}:/home/leonardo/ros2_ws/install/mirte_test:/home/leonardo/ros2_ws/install/launch_testing_examples:/home/leonardo/ros2_ws/install/examples_rclpy_pointcloud_publisher:/home/leonardo/ros2_ws/install/examples_rclpy_minimal_subscriber:/home/leonardo/ros2_ws/install/examples_rclpy_minimal_service:/home/leonardo/ros2_ws/install/examples_rclpy_minimal_publisher:/home/leonardo/ros2_ws/install/examples_rclpy_minimal_client:/home/leonardo/ros2_ws/install/examples_rclpy_minimal_action_server:/home/leonardo/ros2_ws/install/examples_rclpy_minimal_action_client:/home/leonardo/ros2_ws/install/examples_rclpy_guard_conditions:/home/leonardo/ros2_ws/install/examples_rclpy_executors:/opt/ros/jazzy DEBUGINFOD_URLS=https://debuginfod.ubuntu.com /usr/bin/cmake --build /home/leonardo/git/autonomous-mobile-manipulation-in-simulation/build/amm_slam_manager -- -j8 -l8
[12.067s] Invoking command in '/home/leonardo/git/autonomous-mobile-manipulation-in-simulation/build/amm_slam_manager': CMAKE_PREFIX_PATH=${CMAKE_PREFIX_PATH}:/home/leonardo/ros2_ws/install/mirte_test:/home/leonardo/ros2_ws/install/launch_testing_examples:/home/leonardo/ros2_ws/install/examples_rclpy_pointcloud_publisher:/home/leonardo/ros2_ws/install/examples_rclpy_minimal_subscriber:/home/leonardo/ros2_ws/install/examples_rclpy_minimal_service:/home/leonardo/ros2_ws/install/examples_rclpy_minimal_publisher:/home/leonardo/ros2_ws/install/examples_rclpy_minimal_client:/home/leonardo/ros2_ws/install/examples_rclpy_minimal_action_server:/home/leonardo/ros2_ws/install/examples_rclpy_minimal_action_client:/home/leonardo/ros2_ws/install/examples_rclpy_guard_conditions:/home/leonardo/ros2_ws/install/examples_rclpy_executors:/opt/ros/jazzy DEBUGINFOD_URLS=https://debuginfod.ubuntu.com /usr/bin/cmake --install /home/leonardo/git/autonomous-mobile-manipulation-in-simulation/build/amm_slam_manager
[12.077s] -- Install configuration: ""
[12.077s] -- Execute custom install script
[12.078s] -- Symlinking: /home/leonardo/git/autonomous-mobile-manipulation-in-simulation/install/amm_slam_manager/lib/amm_slam_manager/slam_manager_node
[12.089s] -- Symlinking: /home/leonardo/git/autonomous-mobile-manipulation-in-simulation/install/amm_slam_manager/include//amm_slam_manager/slam_manager_node.hpp
[12.103s] -- Symlinking: /home/leonardo/git/autonomous-mobile-manipulation-in-simulation/install/amm_slam_manager/share/ament_index/resource_index/package_run_dependencies/amm_slam_manager
[12.119s] -- Symlinking: /home/leonardo/git/autonomous-mobile-manipulation-in-simulation/install/amm_slam_manager/share/ament_index/resource_index/parent_prefix_path/amm_slam_manager
[12.136s] -- Symlinking: /home/leonardo/git/autonomous-mobile-manipulation-in-simulation/install/amm_slam_manager/share/amm_slam_manager/environment/ament_prefix_path.sh
[12.153s] -- Symlinking: /home/leonardo/git/autonomous-mobile-manipulation-in-simulation/install/amm_slam_manager/share/amm_slam_manager/environment/ament_prefix_path.dsv
[12.171s] -- Symlinking: /home/leonardo/git/autonomous-mobile-manipulation-in-simulation/install/amm_slam_manager/share/amm_slam_manager/environment/path.sh
[12.187s] -- Symlinking: /home/leonardo/git/autonomous-mobile-manipulation-in-simulation/install/amm_slam_manager/share/amm_slam_manager/environment/path.dsv
[12.204s] -- Symlinking: /home/leonardo/git/autonomous-mobile-manipulation-in-simulation/install/amm_slam_manager/share/amm_slam_manager/local_setup.bash
[12.220s] -- Symlinking: /home/leonardo/git/autonomous-mobile-manipulation-in-simulation/install/amm_slam_manager/share/amm_slam_manager/local_setup.sh
[12.236s] -- Symlinking: /home/leonardo/git/autonomous-mobile-manipulation-in-simulation/install/amm_slam_manager/share/amm_slam_manager/local_setup.zsh
[12.253s] -- Symlinking: /home/leonardo/git/autonomous-mobile-manipulation-in-simulation/install/amm_slam_manager/share/amm_slam_manager/local_setup.dsv
[12.271s] -- Symlinking: /home/leonardo/git/autonomous-mobile-manipulation-in-simulation/install/amm_slam_manager/share/amm_slam_manager/package.dsv
[12.288s] -- Symlinking: /home/leonardo/git/autonomous-mobile-manipulation-in-simulation/install/amm_slam_manager/share/ament_index/resource_index/packages/amm_slam_manager
[12.304s] -- Symlinking: /home/leonardo/git/autonomous-mobile-manipulation-in-simulation/install/amm_slam_manager/share/amm_slam_manager/cmake/amm_slam_managerConfig.cmake
[12.317s] -- Symlinking: /home/leonardo/git/autonomous-mobile-manipulation-in-simulation/install/amm_slam_manager/share/amm_slam_manager/cmake/amm_slam_managerConfig-version.cmake
[12.329s] -- Symlinking: /home/leonardo/git/autonomous-mobile-manipulation-in-simulation/install/amm_slam_manager/share/amm_slam_manager/package.xml
[12.345s] Invoked command in '/home/leonardo/git/autonomous-mobile-manipulation-in-simulation/build/amm_slam_manager' returned '0': CMAKE_PREFIX_PATH=${CMAKE_PREFIX_PATH}:/home/leonardo/ros2_ws/install/mirte_test:/home/leonardo/ros2_ws/install/launch_testing_examples:/home/leonardo/ros2_ws/install/examples_rclpy_pointcloud_publisher:/home/leonardo/ros2_ws/install/examples_rclpy_minimal_subscriber:/home/leonardo/ros2_ws/install/examples_rclpy_minimal_service:/home/leonardo/ros2_ws/install/examples_rclpy_minimal_publisher:/home/leonardo/ros2_ws/install/examples_rclpy_minimal_client:/home/leonardo/ros2_ws/install/examples_rclpy_minimal_action_server:/home/leonardo/ros2_ws/install/examples_rclpy_minimal_action_client:/home/leonardo/ros2_ws/install/examples_rclpy_guard_conditions:/home/leonardo/ros2_ws/install/examples_rclpy_executors:/opt/ros/jazzy DEBUGINFOD_URLS=https://debuginfod.ubuntu.com /usr/bin/cmake --install /home/leonardo/git/autonomous-mobile-manipulation-in-simulation/build/amm_slam_manager
