[0.182s] DEBUG:colcon:Command line arguments: ['/usr/bin/colcon', 'build', '--packages-select', 'amm_description', 'amm_gazebo', '--symlink-install']
[0.182s] DEBUG:colcon:Parsed command line arguments: Namespace(log_base=None, log_level=None, verb_name='build', build_base='build', install_base='install', merge_install=False, symlink_install=True, test_result_base=None, continue_on_error=False, executor='parallel', parallel_workers=8, event_handlers=None, ignore_user_meta=False, metas=['./colcon.meta'], base_paths=['.'], packages_ignore=None, packages_ignore_regex=None, paths=None, packages_up_to=None, packages_up_to_regex=None, packages_above=None, packages_above_and_dependencies=None, packages_above_depth=None, packages_select_by_dep=None, packages_skip_by_dep=None, packages_skip_up_to=None, packages_select_build_failed=False, packages_skip_build_finished=False, packages_select_test_failures=False, packages_skip_test_passed=False, packages_select=['amm_description', 'amm_gazebo'], packages_skip=None, packages_select_regex=None, packages_skip_regex=None, packages_start=None, packages_end=None, allow_overriding=[], cmake_args=None, cmake_target=None, cmake_target_skip_unavailable=False, cmake_clean_cache=False, cmake_clean_first=False, cmake_force_configure=False, ament_cmake_args=None, catkin_cmake_args=None, catkin_skip_building_tests=False, mixin_files=None, mixin=None, verb_parser=<colcon_mixin.mixin.mixin_argument.MixinArgumentDecorator object at 0x73df134694c0>, verb_extension=<colcon_core.verb.build.BuildVerb object at 0x73df13469160>, main=<bound method BuildVerb.main of <colcon_core.verb.build.BuildVerb object at 0x73df13469160>>, mixin_verb=('build',))
[0.243s] Level 1:colcon.colcon_core.package_discovery:discover_packages(colcon_meta) check parameters
[0.243s] Level 1:colcon.colcon_core.package_discovery:discover_packages(recursive) check parameters
[0.243s] Level 1:colcon.colcon_core.package_discovery:discover_packages(ignore) check parameters
[0.243s] Level 1:colcon.colcon_core.package_discovery:discover_packages(path) check parameters
[0.243s] Level 1:colcon.colcon_core.package_discovery:discover_packages(colcon_meta) discover
[0.243s] Level 1:colcon.colcon_core.package_discovery:discover_packages(recursive) discover
[0.243s] INFO:colcon.colcon_core.package_discovery:Crawling recursively for packages in '/home/leonardo/git/autonomous-mobile-manipulation-in-simulation'
[0.243s] Level 1:colcon.colcon_core.package_identification:_identify(.) by extensions ['ignore', 'ignore_ament_install']
[0.243s] Level 1:colcon.colcon_core.package_identification:_identify(.) by extension 'ignore'
[0.243s] Level 1:colcon.colcon_core.package_identification:_identify(.) by extension 'ignore_ament_install'
[0.243s] Level 1:colcon.colcon_core.package_identification:_identify(.) by extensions ['colcon_pkg']
[0.243s] Level 1:colcon.colcon_core.package_identification:_identify(.) by extension 'colcon_pkg'
[0.244s] Level 1:colcon.colcon_core.package_identification:_identify(.) by extensions ['colcon_meta']
[0.244s] Level 1:colcon.colcon_core.package_identification:_identify(.) by extension 'colcon_meta'
[0.244s] Level 1:colcon.colcon_core.package_identification:_identify(.) by extensions ['ros']
[0.244s] Level 1:colcon.colcon_core.package_identification:_identify(.) by extension 'ros'
[0.286s] Level 1:colcon.colcon_core.package_identification:_identify(.) by extensions ['cmake', 'python']
[0.286s] Level 1:colcon.colcon_core.package_identification:_identify(.) by extension 'cmake'
[0.286s] Level 1:colcon.colcon_core.package_identification:_identify(.) by extension 'python'
[0.286s] Level 1:colcon.colcon_core.package_identification:_identify(.) by extensions ['python_setup_py']
[0.286s] Level 1:colcon.colcon_core.package_identification:_identify(.) by extension 'python_setup_py'
[0.287s] Level 1:colcon.colcon_core.package_identification:_identify(build) by extensions ['ignore', 'ignore_ament_install']
[0.287s] Level 1:colcon.colcon_core.package_identification:_identify(build) by extension 'ignore'
[0.287s] Level 1:colcon.colcon_core.package_identification:_identify(build) ignored
[0.287s] Level 1:colcon.colcon_core.package_identification:_identify(install) by extensions ['ignore', 'ignore_ament_install']
[0.287s] Level 1:colcon.colcon_core.package_identification:_identify(install) by extension 'ignore'
[0.287s] Level 1:colcon.colcon_core.package_identification:_identify(install) ignored
[0.287s] Level 1:colcon.colcon_core.package_identification:_identify(log) by extensions ['ignore', 'ignore_ament_install']
[0.288s] Level 1:colcon.colcon_core.package_identification:_identify(log) by extension 'ignore'
[0.288s] Level 1:colcon.colcon_core.package_identification:_identify(log) ignored
[0.288s] Level 1:colcon.colcon_core.package_identification:_identify(src) by extensions ['ignore', 'ignore_ament_install']
[0.288s] Level 1:colcon.colcon_core.package_identification:_identify(src) by extension 'ignore'
[0.288s] Level 1:colcon.colcon_core.package_identification:_identify(src) by extension 'ignore_ament_install'
[0.288s] Level 1:colcon.colcon_core.package_identification:_identify(src) by extensions ['colcon_pkg']
[0.288s] Level 1:colcon.colcon_core.package_identification:_identify(src) by extension 'colcon_pkg'
[0.288s] Level 1:colcon.colcon_core.package_identification:_identify(src) by extensions ['colcon_meta']
[0.288s] Level 1:colcon.colcon_core.package_identification:_identify(src) by extension 'colcon_meta'
[0.288s] Level 1:colcon.colcon_core.package_identification:_identify(src) by extensions ['ros']
[0.288s] Level 1:colcon.colcon_core.package_identification:_identify(src) by extension 'ros'
[0.288s] Level 1:colcon.colcon_core.package_identification:_identify(src) by extensions ['cmake', 'python']
[0.288s] Level 1:colcon.colcon_core.package_identification:_identify(src) by extension 'cmake'
[0.288s] Level 1:colcon.colcon_core.package_identification:_identify(src) by extension 'python'
[0.289s] Level 1:colcon.colcon_core.package_identification:_identify(src) by extensions ['python_setup_py']
[0.289s] Level 1:colcon.colcon_core.package_identification:_identify(src) by extension 'python_setup_py'
[0.289s] Level 1:colcon.colcon_core.package_identification:_identify(src/amm_bringup) by extensions ['ignore', 'ignore_ament_install']
[0.289s] Level 1:colcon.colcon_core.package_identification:_identify(src/amm_bringup) by extension 'ignore'
[0.289s] Level 1:colcon.colcon_core.package_identification:_identify(src/amm_bringup) by extension 'ignore_ament_install'
[0.289s] Level 1:colcon.colcon_core.package_identification:_identify(src/amm_bringup) by extensions ['colcon_pkg']
[0.289s] Level 1:colcon.colcon_core.package_identification:_identify(src/amm_bringup) by extension 'colcon_pkg'
[0.289s] Level 1:colcon.colcon_core.package_identification:_identify(src/amm_bringup) by extensions ['colcon_meta']
[0.289s] Level 1:colcon.colcon_core.package_identification:_identify(src/amm_bringup) by extension 'colcon_meta'
[0.289s] Level 1:colcon.colcon_core.package_identification:_identify(src/amm_bringup) by extensions ['ros']
[0.289s] Level 1:colcon.colcon_core.package_identification:_identify(src/amm_bringup) by extension 'ros'
[0.293s] DEBUG:colcon.colcon_core.package_identification:Package 'src/amm_bringup' with type 'ros.ament_cmake' and name 'amm_bringup'
[0.293s] Level 1:colcon.colcon_core.package_identification:_identify(src/amm_description) by extensions ['ignore', 'ignore_ament_install']
[0.293s] Level 1:colcon.colcon_core.package_identification:_identify(src/amm_description) by extension 'ignore'
[0.293s] Level 1:colcon.colcon_core.package_identification:_identify(src/amm_description) by extension 'ignore_ament_install'
[0.293s] Level 1:colcon.colcon_core.package_identification:_identify(src/amm_description) by extensions ['colcon_pkg']
[0.293s] Level 1:colcon.colcon_core.package_identification:_identify(src/amm_description) by extension 'colcon_pkg'
[0.293s] Level 1:colcon.colcon_core.package_identification:_identify(src/amm_description) by extensions ['colcon_meta']
[0.293s] Level 1:colcon.colcon_core.package_identification:_identify(src/amm_description) by extension 'colcon_meta'
[0.293s] Level 1:colcon.colcon_core.package_identification:_identify(src/amm_description) by extensions ['ros']
[0.294s] Level 1:colcon.colcon_core.package_identification:_identify(src/amm_description) by extension 'ros'
[0.294s] DEBUG:colcon.colcon_core.package_identification:Package 'src/amm_description' with type 'ros.ament_cmake' and name 'amm_description'
[0.294s] Level 1:colcon.colcon_core.package_identification:_identify(src/amm_gazebo) by extensions ['ignore', 'ignore_ament_install']
[0.295s] Level 1:colcon.colcon_core.package_identification:_identify(src/amm_gazebo) by extension 'ignore'
[0.295s] Level 1:colcon.colcon_core.package_identification:_identify(src/amm_gazebo) by extension 'ignore_ament_install'
[0.295s] Level 1:colcon.colcon_core.package_identification:_identify(src/amm_gazebo) by extensions ['colcon_pkg']
[0.295s] Level 1:colcon.colcon_core.package_identification:_identify(src/amm_gazebo) by extension 'colcon_pkg'
[0.295s] Level 1:colcon.colcon_core.package_identification:_identify(src/amm_gazebo) by extensions ['colcon_meta']
[0.295s] Level 1:colcon.colcon_core.package_identification:_identify(src/amm_gazebo) by extension 'colcon_meta'
[0.295s] Level 1:colcon.colcon_core.package_identification:_identify(src/amm_gazebo) by extensions ['ros']
[0.295s] Level 1:colcon.colcon_core.package_identification:_identify(src/amm_gazebo) by extension 'ros'
[0.295s] DEBUG:colcon.colcon_core.package_identification:Package 'src/amm_gazebo' with type 'ros.ament_cmake' and name 'amm_gazebo'
[0.296s] Level 1:colcon.colcon_core.package_identification:_identify(src/amm_manipulation) by extensions ['ignore', 'ignore_ament_install']
[0.296s] Level 1:colcon.colcon_core.package_identification:_identify(src/amm_manipulation) by extension 'ignore'
[0.296s] Level 1:colcon.colcon_core.package_identification:_identify(src/amm_manipulation) by extension 'ignore_ament_install'
[0.296s] Level 1:colcon.colcon_core.package_identification:_identify(src/amm_manipulation) by extensions ['colcon_pkg']
[0.296s] Level 1:colcon.colcon_core.package_identification:_identify(src/amm_manipulation) by extension 'colcon_pkg'
[0.296s] Level 1:colcon.colcon_core.package_identification:_identify(src/amm_manipulation) by extensions ['colcon_meta']
[0.296s] Level 1:colcon.colcon_core.package_identification:_identify(src/amm_manipulation) by extension 'colcon_meta'
[0.296s] Level 1:colcon.colcon_core.package_identification:_identify(src/amm_manipulation) by extensions ['ros']
[0.296s] Level 1:colcon.colcon_core.package_identification:_identify(src/amm_manipulation) by extension 'ros'
[0.297s] DEBUG:colcon.colcon_core.package_identification:Package 'src/amm_manipulation' with type 'ros.ament_cmake' and name 'amm_manipulation'
[0.297s] Level 1:colcon.colcon_core.package_identification:_identify(src/amm_mission_manager) by extensions ['ignore', 'ignore_ament_install']
[0.297s] Level 1:colcon.colcon_core.package_identification:_identify(src/amm_mission_manager) by extension 'ignore'
[0.297s] Level 1:colcon.colcon_core.package_identification:_identify(src/amm_mission_manager) by extension 'ignore_ament_install'
[0.297s] Level 1:colcon.colcon_core.package_identification:_identify(src/amm_mission_manager) by extensions ['colcon_pkg']
[0.298s] Level 1:colcon.colcon_core.package_identification:_identify(src/amm_mission_manager) by extension 'colcon_pkg'
[0.298s] Level 1:colcon.colcon_core.package_identification:_identify(src/amm_mission_manager) by extensions ['colcon_meta']
[0.298s] Level 1:colcon.colcon_core.package_identification:_identify(src/amm_mission_manager) by extension 'colcon_meta'
[0.298s] Level 1:colcon.colcon_core.package_identification:_identify(src/amm_mission_manager) by extensions ['ros']
[0.298s] Level 1:colcon.colcon_core.package_identification:_identify(src/amm_mission_manager) by extension 'ros'
[0.299s] DEBUG:colcon.colcon_core.package_identification:Package 'src/amm_mission_manager' with type 'ros.ament_cmake' and name 'amm_mission_manager'
[0.299s] Level 1:colcon.colcon_core.package_identification:_identify(src/amm_msgs) by extensions ['ignore', 'ignore_ament_install']
[0.299s] Level 1:colcon.colcon_core.package_identification:_identify(src/amm_msgs) by extension 'ignore'
[0.299s] Level 1:colcon.colcon_core.package_identification:_identify(src/amm_msgs) by extension 'ignore_ament_install'
[0.299s] Level 1:colcon.colcon_core.package_identification:_identify(src/amm_msgs) by extensions ['colcon_pkg']
[0.299s] Level 1:colcon.colcon_core.package_identification:_identify(src/amm_msgs) by extension 'colcon_pkg'
[0.299s] Level 1:colcon.colcon_core.package_identification:_identify(src/amm_msgs) by extensions ['colcon_meta']
[0.299s] Level 1:colcon.colcon_core.package_identification:_identify(src/amm_msgs) by extension 'colcon_meta'
[0.299s] Level 1:colcon.colcon_core.package_identification:_identify(src/amm_msgs) by extensions ['ros']
[0.299s] Level 1:colcon.colcon_core.package_identification:_identify(src/amm_msgs) by extension 'ros'
[0.300s] DEBUG:colcon.colcon_core.package_identification:Package 'src/amm_msgs' with type 'ros.ament_cmake' and name 'amm_msgs'
[0.301s] Level 1:colcon.colcon_core.package_identification:_identify(src/amm_navigation_manager) by extensions ['ignore', 'ignore_ament_install']
[0.301s] Level 1:colcon.colcon_core.package_identification:_identify(src/amm_navigation_manager) by extension 'ignore'
[0.301s] Level 1:colcon.colcon_core.package_identification:_identify(src/amm_navigation_manager) by extension 'ignore_ament_install'
[0.301s] Level 1:colcon.colcon_core.package_identification:_identify(src/amm_navigation_manager) by extensions ['colcon_pkg']
[0.301s] Level 1:colcon.colcon_core.package_identification:_identify(src/amm_navigation_manager) by extension 'colcon_pkg'
[0.301s] Level 1:colcon.colcon_core.package_identification:_identify(src/amm_navigation_manager) by extensions ['colcon_meta']
[0.301s] Level 1:colcon.colcon_core.package_identification:_identify(src/amm_navigation_manager) by extension 'colcon_meta'
[0.301s] Level 1:colcon.colcon_core.package_identification:_identify(src/amm_navigation_manager) by extensions ['ros']
[0.301s] Level 1:colcon.colcon_core.package_identification:_identify(src/amm_navigation_manager) by extension 'ros'
[0.303s] DEBUG:colcon.colcon_core.package_identification:Package 'src/amm_navigation_manager' with type 'ros.ament_cmake' and name 'amm_navigation_manager'
[0.303s] Level 1:colcon.colcon_core.package_identification:_identify(src/amm_perception) by extensions ['ignore', 'ignore_ament_install']
[0.303s] Level 1:colcon.colcon_core.package_identification:_identify(src/amm_perception) by extension 'ignore'
[0.304s] Level 1:colcon.colcon_core.package_identification:_identify(src/amm_perception) by extension 'ignore_ament_install'
[0.304s] Level 1:colcon.colcon_core.package_identification:_identify(src/amm_perception) by extensions ['colcon_pkg']
[0.304s] Level 1:colcon.colcon_core.package_identification:_identify(src/amm_perception) by extension 'colcon_pkg'
[0.304s] Level 1:colcon.colcon_core.package_identification:_identify(src/amm_perception) by extensions ['colcon_meta']
[0.304s] Level 1:colcon.colcon_core.package_identification:_identify(src/amm_perception) by extension 'colcon_meta'
[0.304s] Level 1:colcon.colcon_core.package_identification:_identify(src/amm_perception) by extensions ['ros']
[0.304s] Level 1:colcon.colcon_core.package_identification:_identify(src/amm_perception) by extension 'ros'
[0.305s] DEBUG:colcon.colcon_core.package_identification:Package 'src/amm_perception' with type 'ros.ament_cmake' and name 'amm_perception'
[0.305s] Level 1:colcon.colcon_core.package_identification:_identify(src/amm_slam_manager) by extensions ['ignore', 'ignore_ament_install']
[0.305s] Level 1:colcon.colcon_core.package_identification:_identify(src/amm_slam_manager) by extension 'ignore'
[0.306s] Level 1:colcon.colcon_core.package_identification:_identify(src/amm_slam_manager) by extension 'ignore_ament_install'
[0.306s] Level 1:colcon.colcon_core.package_identification:_identify(src/amm_slam_manager) by extensions ['colcon_pkg']
[0.306s] Level 1:colcon.colcon_core.package_identification:_identify(src/amm_slam_manager) by extension 'colcon_pkg'
[0.306s] Level 1:colcon.colcon_core.package_identification:_identify(src/amm_slam_manager) by extensions ['colcon_meta']
[0.306s] Level 1:colcon.colcon_core.package_identification:_identify(src/amm_slam_manager) by extension 'colcon_meta'
[0.306s] Level 1:colcon.colcon_core.package_identification:_identify(src/amm_slam_manager) by extensions ['ros']
[0.306s] Level 1:colcon.colcon_core.package_identification:_identify(src/amm_slam_manager) by extension 'ros'
[0.307s] DEBUG:colcon.colcon_core.package_identification:Package 'src/amm_slam_manager' with type 'ros.ament_cmake' and name 'amm_slam_manager'
[0.308s] Level 1:colcon.colcon_core.package_identification:_identify(src/amm_task_planner) by extensions ['ignore', 'ignore_ament_install']
[0.308s] Level 1:colcon.colcon_core.package_identification:_identify(src/amm_task_planner) by extension 'ignore'
[0.308s] Level 1:colcon.colcon_core.package_identification:_identify(src/amm_task_planner) by extension 'ignore_ament_install'
[0.308s] Level 1:colcon.colcon_core.package_identification:_identify(src/amm_task_planner) by extensions ['colcon_pkg']
[0.308s] Level 1:colcon.colcon_core.package_identification:_identify(src/amm_task_planner) by extension 'colcon_pkg'
[0.308s] Level 1:colcon.colcon_core.package_identification:_identify(src/amm_task_planner) by extensions ['colcon_meta']
[0.308s] Level 1:colcon.colcon_core.package_identification:_identify(src/amm_task_planner) by extension 'colcon_meta'
[0.308s] Level 1:colcon.colcon_core.package_identification:_identify(src/amm_task_planner) by extensions ['ros']
[0.308s] Level 1:colcon.colcon_core.package_identification:_identify(src/amm_task_planner) by extension 'ros'
[0.309s] DEBUG:colcon.colcon_core.package_identification:Package 'src/amm_task_planner' with type 'ros.ament_cmake' and name 'amm_task_planner'
[0.309s] Level 1:colcon.colcon_core.package_discovery:discover_packages(recursive) using defaults
[0.310s] Level 1:colcon.colcon_core.package_discovery:discover_packages(ignore) discover
[0.310s] Level 1:colcon.colcon_core.package_discovery:discover_packages(ignore) using defaults
[0.310s] Level 1:colcon.colcon_core.package_discovery:discover_packages(path) discover
[0.310s] Level 1:colcon.colcon_core.package_discovery:discover_packages(path) using defaults
[0.339s] INFO:colcon.colcon_core.package_selection:Skipping not selected package 'amm_msgs' in 'src/amm_msgs'
[0.339s] INFO:colcon.colcon_core.package_selection:Skipping not selected package 'amm_slam_manager' in 'src/amm_slam_manager'
[0.339s] INFO:colcon.colcon_core.package_selection:Skipping not selected package 'amm_manipulation' in 'src/amm_manipulation'
[0.339s] INFO:colcon.colcon_core.package_selection:Skipping not selected package 'amm_mission_manager' in 'src/amm_mission_manager'
[0.339s] INFO:colcon.colcon_core.package_selection:Skipping not selected package 'amm_navigation_manager' in 'src/amm_navigation_manager'
[0.339s] INFO:colcon.colcon_core.package_selection:Skipping not selected package 'amm_perception' in 'src/amm_perception'
[0.339s] INFO:colcon.colcon_core.package_selection:Skipping not selected package 'amm_task_planner' in 'src/amm_task_planner'
[0.340s] INFO:colcon.colcon_core.package_selection:Skipping not selected package 'amm_bringup' in 'src/amm_bringup'
[0.340s] Level 1:colcon.colcon_core.package_discovery:discover_packages(prefix_path) check parameters
[0.340s] Level 1:colcon.colcon_core.package_discovery:discover_packages(prefix_path) discover
[0.345s] DEBUG:colcon.colcon_installed_package_information.package_discovery:Found 10 installed packages in /home/leonardo/git/autonomous-mobile-manipulation-in-simulation/install
[0.347s] DEBUG:colcon.colcon_installed_package_information.package_discovery:Found 42 installed packages in /home/leonardo/ros2_ws/install
[0.351s] DEBUG:colcon.colcon_installed_package_information.package_discovery:Found 516 installed packages in /opt/ros/jazzy
[0.355s] Level 1:colcon.colcon_core.package_discovery:discover_packages(prefix_path) using defaults
[0.480s] WARNING:colcon.colcon_core.package_selection:Some selected packages are already built in one or more underlay workspaces:
	'amm_description' is in: /home/leonardo/git/autonomous-mobile-manipulation-in-simulation/install/amm_description
If a package in a merged underlay workspace is overridden and it installs headers, then all packages in the overlay must sort their include directories by workspace order. Failure to do so may result in build failures or undefined behavior at run time.
If the overridden package is used by another package in any underlay, then the overriding package in the overlay must be API and ABI compatible or undefined behavior at run time may occur.

If you understand the risks and want to override a package anyways, add the following to the command line:
	--allow-overriding amm_description

This may be promoted to an error in a future release of colcon-override-check.
[0.482s] Level 5:colcon.colcon_core.verb:set package 'amm_description' build argument 'cmake_args' from command line to 'None'
[0.482s] Level 5:colcon.colcon_core.verb:set package 'amm_description' build argument 'cmake_target' from command line to 'None'
[0.482s] Level 5:colcon.colcon_core.verb:set package 'amm_description' build argument 'cmake_target_skip_unavailable' from command line to 'False'
[0.482s] Level 5:colcon.colcon_core.verb:set package 'amm_description' build argument 'cmake_clean_cache' from command line to 'False'
[0.482s] Level 5:colcon.colcon_core.verb:set package 'amm_description' build argument 'cmake_clean_first' from command line to 'False'
[0.482s] Level 5:colcon.colcon_core.verb:set package 'amm_description' build argument 'cmake_force_configure' from command line to 'False'
[0.482s] Level 5:colcon.colcon_core.verb:set package 'amm_description' build argument 'ament_cmake_args' from command line to 'None'
[0.483s] Level 5:colcon.colcon_core.verb:set package 'amm_description' build argument 'catkin_cmake_args' from command line to 'None'
[0.483s] Level 5:colcon.colcon_core.verb:set package 'amm_description' build argument 'catkin_skip_building_tests' from command line to 'False'
[0.483s] DEBUG:colcon.colcon_core.verb:Building package 'amm_description' with the following arguments: {'ament_cmake_args': None, 'build_base': '/home/leonardo/git/autonomous-mobile-manipulation-in-simulation/build/amm_description', 'catkin_cmake_args': None, 'catkin_skip_building_tests': False, 'cmake_args': None, 'cmake_clean_cache': False, 'cmake_clean_first': False, 'cmake_force_configure': False, 'cmake_target': None, 'cmake_target_skip_unavailable': False, 'install_base': '/home/leonardo/git/autonomous-mobile-manipulation-in-simulation/install/amm_description', 'merge_install': False, 'path': '/home/leonardo/git/autonomous-mobile-manipulation-in-simulation/src/amm_description', 'symlink_install': True, 'test_result_base': None}
[0.483s] Level 5:colcon.colcon_core.verb:set package 'amm_gazebo' build argument 'cmake_args' from command line to 'None'
[0.483s] Level 5:colcon.colcon_core.verb:set package 'amm_gazebo' build argument 'cmake_target' from command line to 'None'
[0.483s] Level 5:colcon.colcon_core.verb:set package 'amm_gazebo' build argument 'cmake_target_skip_unavailable' from command line to 'False'
[0.483s] Level 5:colcon.colcon_core.verb:set package 'amm_gazebo' build argument 'cmake_clean_cache' from command line to 'False'
[0.483s] Level 5:colcon.colcon_core.verb:set package 'amm_gazebo' build argument 'cmake_clean_first' from command line to 'False'
[0.483s] Level 5:colcon.colcon_core.verb:set package 'amm_gazebo' build argument 'cmake_force_configure' from command line to 'False'
[0.483s] Level 5:colcon.colcon_core.verb:set package 'amm_gazebo' build argument 'ament_cmake_args' from command line to 'None'
[0.483s] Level 5:colcon.colcon_core.verb:set package 'amm_gazebo' build argument 'catkin_cmake_args' from command line to 'None'
[0.483s] Level 5:colcon.colcon_core.verb:set package 'amm_gazebo' build argument 'catkin_skip_building_tests' from command line to 'False'
[0.484s] DEBUG:colcon.colcon_core.verb:Building package 'amm_gazebo' with the following arguments: {'ament_cmake_args': None, 'build_base': '/home/leonardo/git/autonomous-mobile-manipulation-in-simulation/build/amm_gazebo', 'catkin_cmake_args': None, 'catkin_skip_building_tests': False, 'cmake_args': None, 'cmake_clean_cache': False, 'cmake_clean_first': False, 'cmake_force_configure': False, 'cmake_target': None, 'cmake_target_skip_unavailable': False, 'install_base': '/home/leonardo/git/autonomous-mobile-manipulation-in-simulation/install/amm_gazebo', 'merge_install': False, 'path': '/home/leonardo/git/autonomous-mobile-manipulation-in-simulation/src/amm_gazebo', 'symlink_install': True, 'test_result_base': None}
[0.484s] INFO:colcon.colcon_core.executor:Executing jobs using 'parallel' executor
[0.485s] DEBUG:colcon.colcon_parallel_executor.executor.parallel:run_until_complete
[0.485s] INFO:colcon.colcon_ros.task.ament_cmake.build:Building ROS package in '/home/leonardo/git/autonomous-mobile-manipulation-in-simulation/src/amm_description' with build type 'ament_cmake'
[0.486s] INFO:colcon.colcon_cmake.task.cmake.build:Building CMake package in '/home/leonardo/git/autonomous-mobile-manipulation-in-simulation/src/amm_description'
[0.490s] INFO:colcon.colcon_core.plugin_system:Skipping extension 'colcon_core.shell.bat': Not used on non-Windows systems
[0.490s] INFO:colcon.colcon_core.shell:Skip shell extension 'powershell' for command environment: Not usable outside of PowerShell
[0.490s] DEBUG:colcon.colcon_core.shell:Skip shell extension 'dsv' for command environment
[0.507s] DEBUG:colcon.colcon_core.event_handler.log_command:Invoking command in '/home/leonardo/git/autonomous-mobile-manipulation-in-simulation/build/amm_description': CMAKE_PREFIX_PATH=${CMAKE_PREFIX_PATH}:/home/leonardo/ros2_ws/install/mirte_test:/home/leonardo/ros2_ws/install/launch_testing_examples:/home/leonardo/ros2_ws/install/examples_rclpy_pointcloud_publisher:/home/leonardo/ros2_ws/install/examples_rclpy_minimal_subscriber:/home/leonardo/ros2_ws/install/examples_rclpy_minimal_service:/home/leonardo/ros2_ws/install/examples_rclpy_minimal_publisher:/home/leonardo/ros2_ws/install/examples_rclpy_minimal_client:/home/leonardo/ros2_ws/install/examples_rclpy_minimal_action_server:/home/leonardo/ros2_ws/install/examples_rclpy_minimal_action_client:/home/leonardo/ros2_ws/install/examples_rclpy_guard_conditions:/home/leonardo/ros2_ws/install/examples_rclpy_executors:/opt/ros/jazzy DEBUGINFOD_URLS=https://debuginfod.ubuntu.com /usr/bin/cmake --build /home/leonardo/git/autonomous-mobile-manipulation-in-simulation/build/amm_description -- -j8 -l8
[0.569s] DEBUG:colcon.colcon_core.event_handler.log_command:Invoked command in '/home/leonardo/git/autonomous-mobile-manipulation-in-simulation/build/amm_description' returned '0': CMAKE_PREFIX_PATH=${CMAKE_PREFIX_PATH}:/home/leonardo/ros2_ws/install/mirte_test:/home/leonardo/ros2_ws/install/launch_testing_examples:/home/leonardo/ros2_ws/install/examples_rclpy_pointcloud_publisher:/home/leonardo/ros2_ws/install/examples_rclpy_minimal_subscriber:/home/leonardo/ros2_ws/install/examples_rclpy_minimal_service:/home/leonardo/ros2_ws/install/examples_rclpy_minimal_publisher:/home/leonardo/ros2_ws/install/examples_rclpy_minimal_client:/home/leonardo/ros2_ws/install/examples_rclpy_minimal_action_server:/home/leonardo/ros2_ws/install/examples_rclpy_minimal_action_client:/home/leonardo/ros2_ws/install/examples_rclpy_guard_conditions:/home/leonardo/ros2_ws/install/examples_rclpy_executors:/opt/ros/jazzy DEBUGINFOD_URLS=https://debuginfod.ubuntu.com /usr/bin/cmake --build /home/leonardo/git/autonomous-mobile-manipulation-in-simulation/build/amm_description -- -j8 -l8
[0.585s] DEBUG:colcon.colcon_core.event_handler.log_command:Invoking command in '/home/leonardo/git/autonomous-mobile-manipulation-in-simulation/build/amm_description': CMAKE_PREFIX_PATH=${CMAKE_PREFIX_PATH}:/home/leonardo/ros2_ws/install/mirte_test:/home/leonardo/ros2_ws/install/launch_testing_examples:/home/leonardo/ros2_ws/install/examples_rclpy_pointcloud_publisher:/home/leonardo/ros2_ws/install/examples_rclpy_minimal_subscriber:/home/leonardo/ros2_ws/install/examples_rclpy_minimal_service:/home/leonardo/ros2_ws/install/examples_rclpy_minimal_publisher:/home/leonardo/ros2_ws/install/examples_rclpy_minimal_client:/home/leonardo/ros2_ws/install/examples_rclpy_minimal_action_server:/home/leonardo/ros2_ws/install/examples_rclpy_minimal_action_client:/home/leonardo/ros2_ws/install/examples_rclpy_guard_conditions:/home/leonardo/ros2_ws/install/examples_rclpy_executors:/opt/ros/jazzy DEBUGINFOD_URLS=https://debuginfod.ubuntu.com /usr/bin/cmake --install /home/leonardo/git/autonomous-mobile-manipulation-in-simulation/build/amm_description
[0.626s] Level 1:colcon.colcon_core.environment:create_environment_scripts_only(amm_description)
[0.626s] DEBUG:colcon.colcon_core.event_handler.log_command:Invoked command in '/home/leonardo/git/autonomous-mobile-manipulation-in-simulation/build/amm_description' returned '0': CMAKE_PREFIX_PATH=${CMAKE_PREFIX_PATH}:/home/leonardo/ros2_ws/install/mirte_test:/home/leonardo/ros2_ws/install/launch_testing_examples:/home/leonardo/ros2_ws/install/examples_rclpy_pointcloud_publisher:/home/leonardo/ros2_ws/install/examples_rclpy_minimal_subscriber:/home/leonardo/ros2_ws/install/examples_rclpy_minimal_service:/home/leonardo/ros2_ws/install/examples_rclpy_minimal_publisher:/home/leonardo/ros2_ws/install/examples_rclpy_minimal_client:/home/leonardo/ros2_ws/install/examples_rclpy_minimal_action_server:/home/leonardo/ros2_ws/install/examples_rclpy_minimal_action_client:/home/leonardo/ros2_ws/install/examples_rclpy_guard_conditions:/home/leonardo/ros2_ws/install/examples_rclpy_executors:/opt/ros/jazzy DEBUGINFOD_URLS=https://debuginfod.ubuntu.com /usr/bin/cmake --install /home/leonardo/git/autonomous-mobile-manipulation-in-simulation/build/amm_description
[0.630s] Level 1:colcon.colcon_core.environment:checking '/home/leonardo/git/autonomous-mobile-manipulation-in-simulation/install/amm_description' for CMake module files
[0.631s] Level 1:colcon.colcon_core.environment:checking '/home/leonardo/git/autonomous-mobile-manipulation-in-simulation/install/amm_description' for CMake config files
[0.632s] Level 1:colcon.colcon_core.shell:create_environment_hook('amm_description', 'cmake_prefix_path')
[0.632s] INFO:colcon.colcon_core.shell:Creating environment hook '/home/leonardo/git/autonomous-mobile-manipulation-in-simulation/install/amm_description/share/amm_description/hook/cmake_prefix_path.ps1'
[0.633s] INFO:colcon.colcon_core.shell:Creating environment descriptor '/home/leonardo/git/autonomous-mobile-manipulation-in-simulation/install/amm_description/share/amm_description/hook/cmake_prefix_path.dsv'
[0.634s] INFO:colcon.colcon_core.shell:Creating environment hook '/home/leonardo/git/autonomous-mobile-manipulation-in-simulation/install/amm_description/share/amm_description/hook/cmake_prefix_path.sh'
[0.635s] Level 1:colcon.colcon_core.environment:checking '/home/leonardo/git/autonomous-mobile-manipulation-in-simulation/install/amm_description/bin'
[0.636s] Level 1:colcon.colcon_core.environment:checking '/home/leonardo/git/autonomous-mobile-manipulation-in-simulation/install/amm_description/lib/pkgconfig/amm_description.pc'
[0.636s] Level 1:colcon.colcon_core.environment:checking '/home/leonardo/git/autonomous-mobile-manipulation-in-simulation/install/amm_description/lib/python3.12/site-packages'
[0.637s] Level 1:colcon.colcon_core.environment:checking '/home/leonardo/git/autonomous-mobile-manipulation-in-simulation/install/amm_description/bin'
[0.638s] INFO:colcon.colcon_core.shell:Creating package script '/home/leonardo/git/autonomous-mobile-manipulation-in-simulation/install/amm_description/share/amm_description/package.ps1'
[0.640s] INFO:colcon.colcon_core.shell:Creating package descriptor '/home/leonardo/git/autonomous-mobile-manipulation-in-simulation/install/amm_description/share/amm_description/package.dsv'
[0.641s] INFO:colcon.colcon_core.shell:Creating package script '/home/leonardo/git/autonomous-mobile-manipulation-in-simulation/install/amm_description/share/amm_description/package.sh'
[0.642s] INFO:colcon.colcon_core.shell:Creating package script '/home/leonardo/git/autonomous-mobile-manipulation-in-simulation/install/amm_description/share/amm_description/package.bash'
[0.642s] INFO:colcon.colcon_core.shell:Creating package script '/home/leonardo/git/autonomous-mobile-manipulation-in-simulation/install/amm_description/share/amm_description/package.zsh'
[0.643s] Level 1:colcon.colcon_core.environment:create_file_with_runtime_dependencies(/home/leonardo/git/autonomous-mobile-manipulation-in-simulation/install/amm_description/share/colcon-core/packages/amm_description)
[0.644s] Level 1:colcon.colcon_core.environment:create_environment_scripts_only(amm_description)
[0.644s] Level 1:colcon.colcon_core.environment:checking '/home/leonardo/git/autonomous-mobile-manipulation-in-simulation/install/amm_description' for CMake module files
[0.645s] Level 1:colcon.colcon_core.environment:checking '/home/leonardo/git/autonomous-mobile-manipulation-in-simulation/install/amm_description' for CMake config files
[0.646s] Level 1:colcon.colcon_core.shell:create_environment_hook('amm_description', 'cmake_prefix_path')
[0.646s] INFO:colcon.colcon_core.shell:Creating environment hook '/home/leonardo/git/autonomous-mobile-manipulation-in-simulation/install/amm_description/share/amm_description/hook/cmake_prefix_path.ps1'
[0.647s] INFO:colcon.colcon_core.shell:Creating environment descriptor '/home/leonardo/git/autonomous-mobile-manipulation-in-simulation/install/amm_description/share/amm_description/hook/cmake_prefix_path.dsv'
[0.647s] INFO:colcon.colcon_core.shell:Creating environment hook '/home/leonardo/git/autonomous-mobile-manipulation-in-simulation/install/amm_description/share/amm_description/hook/cmake_prefix_path.sh'
[0.648s] Level 1:colcon.colcon_core.environment:checking '/home/leonardo/git/autonomous-mobile-manipulation-in-simulation/install/amm_description/bin'
[0.648s] Level 1:colcon.colcon_core.environment:checking '/home/leonardo/git/autonomous-mobile-manipulation-in-simulation/install/amm_description/lib/pkgconfig/amm_description.pc'
[0.648s] Level 1:colcon.colcon_core.environment:checking '/home/leonardo/git/autonomous-mobile-manipulation-in-simulation/install/amm_description/lib/python3.12/site-packages'
[0.648s] Level 1:colcon.colcon_core.environment:checking '/home/leonardo/git/autonomous-mobile-manipulation-in-simulation/install/amm_description/bin'
[0.649s] INFO:colcon.colcon_core.shell:Creating package script '/home/leonardo/git/autonomous-mobile-manipulation-in-simulation/install/amm_description/share/amm_description/package.ps1'
[0.650s] INFO:colcon.colcon_core.shell:Creating package descriptor '/home/leonardo/git/autonomous-mobile-manipulation-in-simulation/install/amm_description/share/amm_description/package.dsv'
[0.651s] INFO:colcon.colcon_core.shell:Creating package script '/home/leonardo/git/autonomous-mobile-manipulation-in-simulation/install/amm_description/share/amm_description/package.sh'
[0.651s] INFO:colcon.colcon_core.shell:Creating package script '/home/leonardo/git/autonomous-mobile-manipulation-in-simulation/install/amm_description/share/amm_description/package.bash'
[0.652s] INFO:colcon.colcon_core.shell:Creating package script '/home/leonardo/git/autonomous-mobile-manipulation-in-simulation/install/amm_description/share/amm_description/package.zsh'
[0.653s] Level 1:colcon.colcon_core.environment:create_file_with_runtime_dependencies(/home/leonardo/git/autonomous-mobile-manipulation-in-simulation/install/amm_description/share/colcon-core/packages/amm_description)
[0.653s] INFO:colcon.colcon_ros.task.ament_cmake.build:Building ROS package in '/home/leonardo/git/autonomous-mobile-manipulation-in-simulation/src/amm_gazebo' with build type 'ament_cmake'
[0.653s] INFO:colcon.colcon_cmake.task.cmake.build:Building CMake package in '/home/leonardo/git/autonomous-mobile-manipulation-in-simulation/src/amm_gazebo'
[0.654s] INFO:colcon.colcon_core.shell:Skip shell extension 'powershell' for command environment: Not usable outside of PowerShell
[0.654s] DEBUG:colcon.colcon_core.shell:Skip shell extension 'dsv' for command environment
[0.680s] DEBUG:colcon.colcon_core.event_handler.log_command:Invoking command in '/home/leonardo/git/autonomous-mobile-manipulation-in-simulation/build/amm_gazebo': CMAKE_PREFIX_PATH=/home/leonardo/git/autonomous-mobile-manipulation-in-simulation/install/amm_description:/home/leonardo/git/autonomous-mobile-manipulation-in-simulation/install/amm_bringup:/home/leonardo/git/autonomous-mobile-manipulation-in-simulation/install/amm_task_planner:/home/leonardo/git/autonomous-mobile-manipulation-in-simulation/install/amm_slam_manager:/home/leonardo/git/autonomous-mobile-manipulation-in-simulation/install/amm_perception:/home/leonardo/git/autonomous-mobile-manipulation-in-simulation/install/amm_navigation_manager:/home/leonardo/git/autonomous-mobile-manipulation-in-simulation/install/amm_mission_manager:/home/leonardo/git/autonomous-mobile-manipulation-in-simulation/install/amm_manipulation:/home/leonardo/git/autonomous-mobile-manipulation-in-simulation/install/amm_msgs:/home/leonardo/git/autonomous-mobile-manipulation-in-simulation/install/amm_gazebo:/home/leonardo/ros2_ws/install/turtlesim:/home/leonardo/ros2_ws/install/subscriber_example:/home/leonardo/ros2_ws/install/publisher_example:/home/leonardo/ros2_ws/install/my_package:/home/leonardo/ros2_ws/install/mirte_zenoh_setup:/home/leonardo/ros2_ws/install/mirte_bringup:/home/leonardo/ros2_ws/install/mirte_teleop:/home/leonardo/ros2_ws/install/mirte_pioneer_description:/home/leonardo/ros2_ws/install/mirte_master_arm_control:/home/leonardo/ros2_ws/install/mirte_gazebo:/home/leonardo/ros2_ws/install/mirte_control:/home/leonardo/ros2_ws/install/mirte_base_control:/home/leonardo/ros2_ws/install/mirte_msgs:/home/leonardo/ros2_ws/install/mirte_moveit_config:/home/leonardo/ros2_ws/install/mirte_master_description:/home/leonardo/ros2_ws/install/mirte_fastdds_discovery_setup:/home/leonardo/ros2_ws/install/examples_rclcpp_wait_set:/home/leonardo/ros2_ws/install/examples_rclcpp_multithreaded_executor:/home/leonardo/ros2_ws/install/examples_rclcpp_minimal_timer:/home/leonardo/ros2_ws/install/examples_rclcpp_minimal_subscriber:/home/leonardo/ros2_ws/install/examples_rclcpp_minimal_service:/home/leonardo/ros2_ws/install/examples_rclcpp_minimal_publisher:/home/leonardo/ros2_ws/install/examples_rclcpp_minimal_composition:/home/leonardo/ros2_ws/install/examples_rclcpp_minimal_client:/home/leonardo/ros2_ws/install/examples_rclcpp_minimal_action_server:/home/leonardo/ros2_ws/install/examples_rclcpp_minimal_action_client:/home/leonardo/ros2_ws/install/examples_rclcpp_cbg_executor:/home/leonardo/ros2_ws/install/examples_rclcpp_async_client:/home/leonardo/ros2_ws/install/cpp_pubsub:/home/leonardo/ros2_ws/install/bump_go:/home/leonardo/ros2_ws/install/aws_robomaker_small_warehouse_world:/opt/ros/jazzy/opt/gz_sim_vendor:/opt/ros/jazzy/opt/gz_sensors_vendor:/opt/ros/jazzy/opt/gz_physics_vendor:/opt/ros/jazzy/opt/sdformat_vendor:/opt/ros/jazzy/opt/gz_gui_vendor:/opt/ros/jazzy/opt/gz_transport_vendor:/opt/ros/jazzy/opt/gz_rendering_vendor:/opt/ros/jazzy/opt/gz_plugin_vendor:/opt/ros/jazzy/opt/gz_fuel_tools_vendor:/opt/ros/jazzy/opt/gz_msgs_vendor:/opt/ros/jazzy/opt/gz_common_vendor:/opt/ros/jazzy/opt/gz_math_vendor:/opt/ros/jazzy/opt/gz_utils_vendor:/opt/ros/jazzy/opt/gz_tools_vendor:/opt/ros/jazzy/opt/gz_ogre_next_vendor:/opt/ros/jazzy/opt/gz_dartsim_vendor:/opt/ros/jazzy/opt/gz_cmake_vendor:/home/leonardo/ros2_ws/install/mirte_test:/home/leonardo/ros2_ws/install/launch_testing_examples:/home/leonardo/ros2_ws/install/examples_rclpy_pointcloud_publisher:/home/leonardo/ros2_ws/install/examples_rclpy_minimal_subscriber:/home/leonardo/ros2_ws/install/examples_rclpy_minimal_service:/home/leonardo/ros2_ws/install/examples_rclpy_minimal_publisher:/home/leonardo/ros2_ws/install/examples_rclpy_minimal_client:/home/leonardo/ros2_ws/install/examples_rclpy_minimal_action_server:/home/leonardo/ros2_ws/install/examples_rclpy_minimal_action_client:/home/leonardo/ros2_ws/install/examples_rclpy_guard_conditions:/home/leonardo/ros2_ws/install/examples_rclpy_executors:/opt/ros/jazzy DEBUGINFOD_URLS=https://debuginfod.ubuntu.com /usr/bin/cmake --build /home/leonardo/git/autonomous-mobile-manipulation-in-simulation/build/amm_gazebo -- -j8 -l8
[0.744s] DEBUG:colcon.colcon_core.event_handler.log_command:Invoked command in '/home/leonardo/git/autonomous-mobile-manipulation-in-simulation/build/amm_gazebo' returned '0': CMAKE_PREFIX_PATH=/home/leonardo/git/autonomous-mobile-manipulation-in-simulation/install/amm_description:/home/leonardo/git/autonomous-mobile-manipulation-in-simulation/install/amm_bringup:/home/leonardo/git/autonomous-mobile-manipulation-in-simulation/install/amm_task_planner:/home/leonardo/git/autonomous-mobile-manipulation-in-simulation/install/amm_slam_manager:/home/leonardo/git/autonomous-mobile-manipulation-in-simulation/install/amm_perception:/home/leonardo/git/autonomous-mobile-manipulation-in-simulation/install/amm_navigation_manager:/home/leonardo/git/autonomous-mobile-manipulation-in-simulation/install/amm_mission_manager:/home/leonardo/git/autonomous-mobile-manipulation-in-simulation/install/amm_manipulation:/home/leonardo/git/autonomous-mobile-manipulation-in-simulation/install/amm_msgs:/home/leonardo/git/autonomous-mobile-manipulation-in-simulation/install/amm_gazebo:/home/leonardo/ros2_ws/install/turtlesim:/home/leonardo/ros2_ws/install/subscriber_example:/home/leonardo/ros2_ws/install/publisher_example:/home/leonardo/ros2_ws/install/my_package:/home/leonardo/ros2_ws/install/mirte_zenoh_setup:/home/leonardo/ros2_ws/install/mirte_bringup:/home/leonardo/ros2_ws/install/mirte_teleop:/home/leonardo/ros2_ws/install/mirte_pioneer_description:/home/leonardo/ros2_ws/install/mirte_master_arm_control:/home/leonardo/ros2_ws/install/mirte_gazebo:/home/leonardo/ros2_ws/install/mirte_control:/home/leonardo/ros2_ws/install/mirte_base_control:/home/leonardo/ros2_ws/install/mirte_msgs:/home/leonardo/ros2_ws/install/mirte_moveit_config:/home/leonardo/ros2_ws/install/mirte_master_description:/home/leonardo/ros2_ws/install/mirte_fastdds_discovery_setup:/home/leonardo/ros2_ws/install/examples_rclcpp_wait_set:/home/leonardo/ros2_ws/install/examples_rclcpp_multithreaded_executor:/home/leonardo/ros2_ws/install/examples_rclcpp_minimal_timer:/home/leonardo/ros2_ws/install/examples_rclcpp_minimal_subscriber:/home/leonardo/ros2_ws/install/examples_rclcpp_minimal_service:/home/leonardo/ros2_ws/install/examples_rclcpp_minimal_publisher:/home/leonardo/ros2_ws/install/examples_rclcpp_minimal_composition:/home/leonardo/ros2_ws/install/examples_rclcpp_minimal_client:/home/leonardo/ros2_ws/install/examples_rclcpp_minimal_action_server:/home/leonardo/ros2_ws/install/examples_rclcpp_minimal_action_client:/home/leonardo/ros2_ws/install/examples_rclcpp_cbg_executor:/home/leonardo/ros2_ws/install/examples_rclcpp_async_client:/home/leonardo/ros2_ws/install/cpp_pubsub:/home/leonardo/ros2_ws/install/bump_go:/home/leonardo/ros2_ws/install/aws_robomaker_small_warehouse_world:/opt/ros/jazzy/opt/gz_sim_vendor:/opt/ros/jazzy/opt/gz_sensors_vendor:/opt/ros/jazzy/opt/gz_physics_vendor:/opt/ros/jazzy/opt/sdformat_vendor:/opt/ros/jazzy/opt/gz_gui_vendor:/opt/ros/jazzy/opt/gz_transport_vendor:/opt/ros/jazzy/opt/gz_rendering_vendor:/opt/ros/jazzy/opt/gz_plugin_vendor:/opt/ros/jazzy/opt/gz_fuel_tools_vendor:/opt/ros/jazzy/opt/gz_msgs_vendor:/opt/ros/jazzy/opt/gz_common_vendor:/opt/ros/jazzy/opt/gz_math_vendor:/opt/ros/jazzy/opt/gz_utils_vendor:/opt/ros/jazzy/opt/gz_tools_vendor:/opt/ros/jazzy/opt/gz_ogre_next_vendor:/opt/ros/jazzy/opt/gz_dartsim_vendor:/opt/ros/jazzy/opt/gz_cmake_vendor:/home/leonardo/ros2_ws/install/mirte_test:/home/leonardo/ros2_ws/install/launch_testing_examples:/home/leonardo/ros2_ws/install/examples_rclpy_pointcloud_publisher:/home/leonardo/ros2_ws/install/examples_rclpy_minimal_subscriber:/home/leonardo/ros2_ws/install/examples_rclpy_minimal_service:/home/leonardo/ros2_ws/install/examples_rclpy_minimal_publisher:/home/leonardo/ros2_ws/install/examples_rclpy_minimal_client:/home/leonardo/ros2_ws/install/examples_rclpy_minimal_action_server:/home/leonardo/ros2_ws/install/examples_rclpy_minimal_action_client:/home/leonardo/ros2_ws/install/examples_rclpy_guard_conditions:/home/leonardo/ros2_ws/install/examples_rclpy_executors:/opt/ros/jazzy DEBUGINFOD_URLS=https://debuginfod.ubuntu.com /usr/bin/cmake --build /home/leonardo/git/autonomous-mobile-manipulation-in-simulation/build/amm_gazebo -- -j8 -l8
[0.745s] DEBUG:colcon.colcon_core.event_handler.log_command:Invoking command in '/home/leonardo/git/autonomous-mobile-manipulation-in-simulation/build/amm_gazebo': CMAKE_PREFIX_PATH=/home/leonardo/git/autonomous-mobile-manipulation-in-simulation/install/amm_description:/home/leonardo/git/autonomous-mobile-manipulation-in-simulation/install/amm_bringup:/home/leonardo/git/autonomous-mobile-manipulation-in-simulation/install/amm_task_planner:/home/leonardo/git/autonomous-mobile-manipulation-in-simulation/install/amm_slam_manager:/home/leonardo/git/autonomous-mobile-manipulation-in-simulation/install/amm_perception:/home/leonardo/git/autonomous-mobile-manipulation-in-simulation/install/amm_navigation_manager:/home/leonardo/git/autonomous-mobile-manipulation-in-simulation/install/amm_mission_manager:/home/leonardo/git/autonomous-mobile-manipulation-in-simulation/install/amm_manipulation:/home/leonardo/git/autonomous-mobile-manipulation-in-simulation/install/amm_msgs:/home/leonardo/git/autonomous-mobile-manipulation-in-simulation/install/amm_gazebo:/home/leonardo/ros2_ws/install/turtlesim:/home/leonardo/ros2_ws/install/subscriber_example:/home/leonardo/ros2_ws/install/publisher_example:/home/leonardo/ros2_ws/install/my_package:/home/leonardo/ros2_ws/install/mirte_zenoh_setup:/home/leonardo/ros2_ws/install/mirte_bringup:/home/leonardo/ros2_ws/install/mirte_teleop:/home/leonardo/ros2_ws/install/mirte_pioneer_description:/home/leonardo/ros2_ws/install/mirte_master_arm_control:/home/leonardo/ros2_ws/install/mirte_gazebo:/home/leonardo/ros2_ws/install/mirte_control:/home/leonardo/ros2_ws/install/mirte_base_control:/home/leonardo/ros2_ws/install/mirte_msgs:/home/leonardo/ros2_ws/install/mirte_moveit_config:/home/leonardo/ros2_ws/install/mirte_master_description:/home/leonardo/ros2_ws/install/mirte_fastdds_discovery_setup:/home/leonardo/ros2_ws/install/examples_rclcpp_wait_set:/home/leonardo/ros2_ws/install/examples_rclcpp_multithreaded_executor:/home/leonardo/ros2_ws/install/examples_rclcpp_minimal_timer:/home/leonardo/ros2_ws/install/examples_rclcpp_minimal_subscriber:/home/leonardo/ros2_ws/install/examples_rclcpp_minimal_service:/home/leonardo/ros2_ws/install/examples_rclcpp_minimal_publisher:/home/leonardo/ros2_ws/install/examples_rclcpp_minimal_composition:/home/leonardo/ros2_ws/install/examples_rclcpp_minimal_client:/home/leonardo/ros2_ws/install/examples_rclcpp_minimal_action_server:/home/leonardo/ros2_ws/install/examples_rclcpp_minimal_action_client:/home/leonardo/ros2_ws/install/examples_rclcpp_cbg_executor:/home/leonardo/ros2_ws/install/examples_rclcpp_async_client:/home/leonardo/ros2_ws/install/cpp_pubsub:/home/leonardo/ros2_ws/install/bump_go:/home/leonardo/ros2_ws/install/aws_robomaker_small_warehouse_world:/opt/ros/jazzy/opt/gz_sim_vendor:/opt/ros/jazzy/opt/gz_sensors_vendor:/opt/ros/jazzy/opt/gz_physics_vendor:/opt/ros/jazzy/opt/sdformat_vendor:/opt/ros/jazzy/opt/gz_gui_vendor:/opt/ros/jazzy/opt/gz_transport_vendor:/opt/ros/jazzy/opt/gz_rendering_vendor:/opt/ros/jazzy/opt/gz_plugin_vendor:/opt/ros/jazzy/opt/gz_fuel_tools_vendor:/opt/ros/jazzy/opt/gz_msgs_vendor:/opt/ros/jazzy/opt/gz_common_vendor:/opt/ros/jazzy/opt/gz_math_vendor:/opt/ros/jazzy/opt/gz_utils_vendor:/opt/ros/jazzy/opt/gz_tools_vendor:/opt/ros/jazzy/opt/gz_ogre_next_vendor:/opt/ros/jazzy/opt/gz_dartsim_vendor:/opt/ros/jazzy/opt/gz_cmake_vendor:/home/leonardo/ros2_ws/install/mirte_test:/home/leonardo/ros2_ws/install/launch_testing_examples:/home/leonardo/ros2_ws/install/examples_rclpy_pointcloud_publisher:/home/leonardo/ros2_ws/install/examples_rclpy_minimal_subscriber:/home/leonardo/ros2_ws/install/examples_rclpy_minimal_service:/home/leonardo/ros2_ws/install/examples_rclpy_minimal_publisher:/home/leonardo/ros2_ws/install/examples_rclpy_minimal_client:/home/leonardo/ros2_ws/install/examples_rclpy_minimal_action_server:/home/leonardo/ros2_ws/install/examples_rclpy_minimal_action_client:/home/leonardo/ros2_ws/install/examples_rclpy_guard_conditions:/home/leonardo/ros2_ws/install/examples_rclpy_executors:/opt/ros/jazzy DEBUGINFOD_URLS=https://debuginfod.ubuntu.com /usr/bin/cmake --install /home/leonardo/git/autonomous-mobile-manipulation-in-simulation/build/amm_gazebo
[0.784s] Level 1:colcon.colcon_core.environment:create_environment_scripts_only(amm_gazebo)
[0.784s] Level 1:colcon.colcon_core.environment:checking '/home/leonardo/git/autonomous-mobile-manipulation-in-simulation/install/amm_gazebo' for CMake module files
[0.785s] DEBUG:colcon.colcon_core.event_handler.log_command:Invoked command in '/home/leonardo/git/autonomous-mobile-manipulation-in-simulation/build/amm_gazebo' returned '0': CMAKE_PREFIX_PATH=/home/leonardo/git/autonomous-mobile-manipulation-in-simulation/install/amm_description:/home/leonardo/git/autonomous-mobile-manipulation-in-simulation/install/amm_bringup:/home/leonardo/git/autonomous-mobile-manipulation-in-simulation/install/amm_task_planner:/home/leonardo/git/autonomous-mobile-manipulation-in-simulation/install/amm_slam_manager:/home/leonardo/git/autonomous-mobile-manipulation-in-simulation/install/amm_perception:/home/leonardo/git/autonomous-mobile-manipulation-in-simulation/install/amm_navigation_manager:/home/leonardo/git/autonomous-mobile-manipulation-in-simulation/install/amm_mission_manager:/home/leonardo/git/autonomous-mobile-manipulation-in-simulation/install/amm_manipulation:/home/leonardo/git/autonomous-mobile-manipulation-in-simulation/install/amm_msgs:/home/leonardo/git/autonomous-mobile-manipulation-in-simulation/install/amm_gazebo:/home/leonardo/ros2_ws/install/turtlesim:/home/leonardo/ros2_ws/install/subscriber_example:/home/leonardo/ros2_ws/install/publisher_example:/home/leonardo/ros2_ws/install/my_package:/home/leonardo/ros2_ws/install/mirte_zenoh_setup:/home/leonardo/ros2_ws/install/mirte_bringup:/home/leonardo/ros2_ws/install/mirte_teleop:/home/leonardo/ros2_ws/install/mirte_pioneer_description:/home/leonardo/ros2_ws/install/mirte_master_arm_control:/home/leonardo/ros2_ws/install/mirte_gazebo:/home/leonardo/ros2_ws/install/mirte_control:/home/leonardo/ros2_ws/install/mirte_base_control:/home/leonardo/ros2_ws/install/mirte_msgs:/home/leonardo/ros2_ws/install/mirte_moveit_config:/home/leonardo/ros2_ws/install/mirte_master_description:/home/leonardo/ros2_ws/install/mirte_fastdds_discovery_setup:/home/leonardo/ros2_ws/install/examples_rclcpp_wait_set:/home/leonardo/ros2_ws/install/examples_rclcpp_multithreaded_executor:/home/leonardo/ros2_ws/install/examples_rclcpp_minimal_timer:/home/leonardo/ros2_ws/install/examples_rclcpp_minimal_subscriber:/home/leonardo/ros2_ws/install/examples_rclcpp_minimal_service:/home/leonardo/ros2_ws/install/examples_rclcpp_minimal_publisher:/home/leonardo/ros2_ws/install/examples_rclcpp_minimal_composition:/home/leonardo/ros2_ws/install/examples_rclcpp_minimal_client:/home/leonardo/ros2_ws/install/examples_rclcpp_minimal_action_server:/home/leonardo/ros2_ws/install/examples_rclcpp_minimal_action_client:/home/leonardo/ros2_ws/install/examples_rclcpp_cbg_executor:/home/leonardo/ros2_ws/install/examples_rclcpp_async_client:/home/leonardo/ros2_ws/install/cpp_pubsub:/home/leonardo/ros2_ws/install/bump_go:/home/leonardo/ros2_ws/install/aws_robomaker_small_warehouse_world:/opt/ros/jazzy/opt/gz_sim_vendor:/opt/ros/jazzy/opt/gz_sensors_vendor:/opt/ros/jazzy/opt/gz_physics_vendor:/opt/ros/jazzy/opt/sdformat_vendor:/opt/ros/jazzy/opt/gz_gui_vendor:/opt/ros/jazzy/opt/gz_transport_vendor:/opt/ros/jazzy/opt/gz_rendering_vendor:/opt/ros/jazzy/opt/gz_plugin_vendor:/opt/ros/jazzy/opt/gz_fuel_tools_vendor:/opt/ros/jazzy/opt/gz_msgs_vendor:/opt/ros/jazzy/opt/gz_common_vendor:/opt/ros/jazzy/opt/gz_math_vendor:/opt/ros/jazzy/opt/gz_utils_vendor:/opt/ros/jazzy/opt/gz_tools_vendor:/opt/ros/jazzy/opt/gz_ogre_next_vendor:/opt/ros/jazzy/opt/gz_dartsim_vendor:/opt/ros/jazzy/opt/gz_cmake_vendor:/home/leonardo/ros2_ws/install/mirte_test:/home/leonardo/ros2_ws/install/launch_testing_examples:/home/leonardo/ros2_ws/install/examples_rclpy_pointcloud_publisher:/home/leonardo/ros2_ws/install/examples_rclpy_minimal_subscriber:/home/leonardo/ros2_ws/install/examples_rclpy_minimal_service:/home/leonardo/ros2_ws/install/examples_rclpy_minimal_publisher:/home/leonardo/ros2_ws/install/examples_rclpy_minimal_client:/home/leonardo/ros2_ws/install/examples_rclpy_minimal_action_server:/home/leonardo/ros2_ws/install/examples_rclpy_minimal_action_client:/home/leonardo/ros2_ws/install/examples_rclpy_guard_conditions:/home/leonardo/ros2_ws/install/examples_rclpy_executors:/opt/ros/jazzy DEBUGINFOD_URLS=https://debuginfod.ubuntu.com /usr/bin/cmake --install /home/leonardo/git/autonomous-mobile-manipulation-in-simulation/build/amm_gazebo
[0.786s] Level 1:colcon.colcon_core.environment:checking '/home/leonardo/git/autonomous-mobile-manipulation-in-simulation/install/amm_gazebo' for CMake config files
[0.787s] Level 1:colcon.colcon_core.shell:create_environment_hook('amm_gazebo', 'cmake_prefix_path')
[0.787s] INFO:colcon.colcon_core.shell:Creating environment hook '/home/leonardo/git/autonomous-mobile-manipulation-in-simulation/install/amm_gazebo/share/amm_gazebo/hook/cmake_prefix_path.ps1'
[0.788s] INFO:colcon.colcon_core.shell:Creating environment descriptor '/home/leonardo/git/autonomous-mobile-manipulation-in-simulation/install/amm_gazebo/share/amm_gazebo/hook/cmake_prefix_path.dsv'
[0.789s] INFO:colcon.colcon_core.shell:Creating environment hook '/home/leonardo/git/autonomous-mobile-manipulation-in-simulation/install/amm_gazebo/share/amm_gazebo/hook/cmake_prefix_path.sh'
[0.790s] Level 1:colcon.colcon_core.environment:checking '/home/leonardo/git/autonomous-mobile-manipulation-in-simulation/install/amm_gazebo/bin'
[0.790s] Level 1:colcon.colcon_core.environment:checking '/home/leonardo/git/autonomous-mobile-manipulation-in-simulation/install/amm_gazebo/lib/pkgconfig/amm_gazebo.pc'
[0.790s] Level 1:colcon.colcon_core.environment:checking '/home/leonardo/git/autonomous-mobile-manipulation-in-simulation/install/amm_gazebo/lib/python3.12/site-packages'
[0.791s] Level 1:colcon.colcon_core.environment:checking '/home/leonardo/git/autonomous-mobile-manipulation-in-simulation/install/amm_gazebo/bin'
[0.791s] INFO:colcon.colcon_core.shell:Creating package script '/home/leonardo/git/autonomous-mobile-manipulation-in-simulation/install/amm_gazebo/share/amm_gazebo/package.ps1'
[0.792s] INFO:colcon.colcon_core.shell:Creating package descriptor '/home/leonardo/git/autonomous-mobile-manipulation-in-simulation/install/amm_gazebo/share/amm_gazebo/package.dsv'
[0.793s] INFO:colcon.colcon_core.shell:Creating package script '/home/leonardo/git/autonomous-mobile-manipulation-in-simulation/install/amm_gazebo/share/amm_gazebo/package.sh'
[0.794s] INFO:colcon.colcon_core.shell:Creating package script '/home/leonardo/git/autonomous-mobile-manipulation-in-simulation/install/amm_gazebo/share/amm_gazebo/package.bash'
[0.795s] INFO:colcon.colcon_core.shell:Creating package script '/home/leonardo/git/autonomous-mobile-manipulation-in-simulation/install/amm_gazebo/share/amm_gazebo/package.zsh'
[0.796s] Level 1:colcon.colcon_core.environment:create_file_with_runtime_dependencies(/home/leonardo/git/autonomous-mobile-manipulation-in-simulation/install/amm_gazebo/share/colcon-core/packages/amm_gazebo)
[0.797s] Level 1:colcon.colcon_core.environment:create_environment_scripts_only(amm_gazebo)
[0.797s] Level 1:colcon.colcon_core.environment:checking '/home/leonardo/git/autonomous-mobile-manipulation-in-simulation/install/amm_gazebo' for CMake module files
[0.798s] Level 1:colcon.colcon_core.environment:checking '/home/leonardo/git/autonomous-mobile-manipulation-in-simulation/install/amm_gazebo' for CMake config files
[0.799s] Level 1:colcon.colcon_core.shell:create_environment_hook('amm_gazebo', 'cmake_prefix_path')
[0.799s] INFO:colcon.colcon_core.shell:Creating environment hook '/home/leonardo/git/autonomous-mobile-manipulation-in-simulation/install/amm_gazebo/share/amm_gazebo/hook/cmake_prefix_path.ps1'
[0.800s] INFO:colcon.colcon_core.shell:Creating environment descriptor '/home/leonardo/git/autonomous-mobile-manipulation-in-simulation/install/amm_gazebo/share/amm_gazebo/hook/cmake_prefix_path.dsv'
[0.800s] INFO:colcon.colcon_core.shell:Creating environment hook '/home/leonardo/git/autonomous-mobile-manipulation-in-simulation/install/amm_gazebo/share/amm_gazebo/hook/cmake_prefix_path.sh'
[0.801s] Level 1:colcon.colcon_core.environment:checking '/home/leonardo/git/autonomous-mobile-manipulation-in-simulation/install/amm_gazebo/bin'
[0.802s] Level 1:colcon.colcon_core.environment:checking '/home/leonardo/git/autonomous-mobile-manipulation-in-simulation/install/amm_gazebo/lib/pkgconfig/amm_gazebo.pc'
[0.802s] Level 1:colcon.colcon_core.environment:checking '/home/leonardo/git/autonomous-mobile-manipulation-in-simulation/install/amm_gazebo/lib/python3.12/site-packages'
[0.803s] Level 1:colcon.colcon_core.environment:checking '/home/leonardo/git/autonomous-mobile-manipulation-in-simulation/install/amm_gazebo/bin'
[0.804s] INFO:colcon.colcon_core.shell:Creating package script '/home/leonardo/git/autonomous-mobile-manipulation-in-simulation/install/amm_gazebo/share/amm_gazebo/package.ps1'
[0.805s] INFO:colcon.colcon_core.shell:Creating package descriptor '/home/leonardo/git/autonomous-mobile-manipulation-in-simulation/install/amm_gazebo/share/amm_gazebo/package.dsv'
[0.805s] INFO:colcon.colcon_core.shell:Creating package script '/home/leonardo/git/autonomous-mobile-manipulation-in-simulation/install/amm_gazebo/share/amm_gazebo/package.sh'
[0.806s] INFO:colcon.colcon_core.shell:Creating package script '/home/leonardo/git/autonomous-mobile-manipulation-in-simulation/install/amm_gazebo/share/amm_gazebo/package.bash'
[0.807s] INFO:colcon.colcon_core.shell:Creating package script '/home/leonardo/git/autonomous-mobile-manipulation-in-simulation/install/amm_gazebo/share/amm_gazebo/package.zsh'
[0.807s] Level 1:colcon.colcon_core.environment:create_file_with_runtime_dependencies(/home/leonardo/git/autonomous-mobile-manipulation-in-simulation/install/amm_gazebo/share/colcon-core/packages/amm_gazebo)
[0.808s] DEBUG:colcon.colcon_parallel_executor.executor.parallel:closing loop
[0.808s] DEBUG:colcon.colcon_parallel_executor.executor.parallel:loop closed
[0.809s] DEBUG:colcon.colcon_parallel_executor.executor.parallel:run_until_complete finished with '0'
[0.809s] DEBUG:colcon.colcon_core.event_reactor:joining thread
[0.817s] INFO:colcon.colcon_core.plugin_system:Skipping extension 'colcon_notification.desktop_notification.terminal_notifier': Not used on non-Darwin systems
[0.817s] INFO:colcon.colcon_core.plugin_system:Skipping extension 'colcon_notification.desktop_notification.win32': Not used on non-Windows systems
[0.818s] INFO:colcon.colcon_notification.desktop_notification:Sending desktop notification using 'notify2'
[0.834s] DEBUG:colcon.colcon_core.event_reactor:joined thread
[0.835s] INFO:colcon.colcon_core.shell:Creating prefix script '/home/leonardo/git/autonomous-mobile-manipulation-in-simulation/install/local_setup.ps1'
[0.836s] INFO:colcon.colcon_core.shell:Creating prefix util module '/home/leonardo/git/autonomous-mobile-manipulation-in-simulation/install/_local_setup_util_ps1.py'
[0.838s] INFO:colcon.colcon_core.shell:Creating prefix chain script '/home/leonardo/git/autonomous-mobile-manipulation-in-simulation/install/setup.ps1'
[0.844s] INFO:colcon.colcon_core.shell:Creating prefix script '/home/leonardo/git/autonomous-mobile-manipulation-in-simulation/install/local_setup.sh'
[0.846s] INFO:colcon.colcon_core.shell:Creating prefix util module '/home/leonardo/git/autonomous-mobile-manipulation-in-simulation/install/_local_setup_util_sh.py'
[0.847s] INFO:colcon.colcon_core.shell:Creating prefix chain script '/home/leonardo/git/autonomous-mobile-manipulation-in-simulation/install/setup.sh'
[0.854s] INFO:colcon.colcon_core.shell:Creating prefix script '/home/leonardo/git/autonomous-mobile-manipulation-in-simulation/install/local_setup.bash'
[0.854s] INFO:colcon.colcon_core.shell:Creating prefix chain script '/home/leonardo/git/autonomous-mobile-manipulation-in-simulation/install/setup.bash'
[0.859s] INFO:colcon.colcon_core.shell:Creating prefix script '/home/leonardo/git/autonomous-mobile-manipulation-in-simulation/install/local_setup.zsh'
[0.859s] INFO:colcon.colcon_core.shell:Creating prefix chain script '/home/leonardo/git/autonomous-mobile-manipulation-in-simulation/install/setup.zsh'
