[0.209s] DEBUG:colcon:Command line arguments: ['/usr/bin/colcon', 'build', '--symlink-install']
[0.209s] DEBUG:colcon:Parsed command line arguments: Namespace(log_base=None, log_level=None, verb_name='build', build_base='build', install_base='install', merge_install=False, symlink_install=True, test_result_base=None, continue_on_error=False, executor='parallel', parallel_workers=8, event_handlers=None, ignore_user_meta=False, metas=['./colcon.meta'], base_paths=['.'], packages_ignore=None, packages_ignore_regex=None, paths=None, packages_up_to=None, packages_up_to_regex=None, packages_above=None, packages_above_and_dependencies=None, packages_above_depth=None, packages_select_by_dep=None, packages_skip_by_dep=None, packages_skip_up_to=None, packages_select_build_failed=False, packages_skip_build_finished=False, packages_select_test_failures=False, packages_skip_test_passed=False, packages_select=None, packages_skip=None, packages_select_regex=None, packages_skip_regex=None, packages_start=None, packages_end=None, allow_overriding=[], cmake_args=None, cmake_target=None, cmake_target_skip_unavailable=False, cmake_clean_cache=False, cmake_clean_first=False, cmake_force_configure=False, ament_cmake_args=None, catkin_cmake_args=None, catkin_skip_building_tests=False, mixin_files=None, mixin=None, verb_parser=<colcon_mixin.mixin.mixin_argument.MixinArgumentDecorator object at 0x7640bccd50d0>, verb_extension=<colcon_core.verb.build.BuildVerb object at 0x7640bccd4dd0>, main=<bound method BuildVerb.main of <colcon_core.verb.build.BuildVerb object at 0x7640bccd4dd0>>, mixin_verb=('build',))
[0.319s] Level 1:colcon.colcon_core.package_discovery:discover_packages(colcon_meta) check parameters
[0.320s] Level 1:colcon.colcon_core.package_discovery:discover_packages(recursive) check parameters
[0.320s] Level 1:colcon.colcon_core.package_discovery:discover_packages(ignore) check parameters
[0.320s] Level 1:colcon.colcon_core.package_discovery:discover_packages(path) check parameters
[0.320s] Level 1:colcon.colcon_core.package_discovery:discover_packages(colcon_meta) discover
[0.320s] Level 1:colcon.colcon_core.package_discovery:discover_packages(recursive) discover
[0.320s] INFO:colcon.colcon_core.package_discovery:Crawling recursively for packages in '/home/leonardo/git/autonomous-mobile-manipulation-in-simulation'
[0.320s] Level 1:colcon.colcon_core.package_identification:_identify(.) by extensions ['ignore', 'ignore_ament_install']
[0.320s] Level 1:colcon.colcon_core.package_identification:_identify(.) by extension 'ignore'
[0.320s] Level 1:colcon.colcon_core.package_identification:_identify(.) by extension 'ignore_ament_install'
[0.320s] Level 1:colcon.colcon_core.package_identification:_identify(.) by extensions ['colcon_pkg']
[0.320s] Level 1:colcon.colcon_core.package_identification:_identify(.) by extension 'colcon_pkg'
[0.320s] Level 1:colcon.colcon_core.package_identification:_identify(.) by extensions ['colcon_meta']
[0.320s] Level 1:colcon.colcon_core.package_identification:_identify(.) by extension 'colcon_meta'
[0.321s] Level 1:colcon.colcon_core.package_identification:_identify(.) by extensions ['ros']
[0.321s] Level 1:colcon.colcon_core.package_identification:_identify(.) by extension 'ros'
[0.370s] Level 1:colcon.colcon_core.package_identification:_identify(.) by extensions ['cmake', 'python']
[0.370s] Level 1:colcon.colcon_core.package_identification:_identify(.) by extension 'cmake'
[0.370s] Level 1:colcon.colcon_core.package_identification:_identify(.) by extension 'python'
[0.370s] Level 1:colcon.colcon_core.package_identification:_identify(.) by extensions ['python_setup_py']
[0.370s] Level 1:colcon.colcon_core.package_identification:_identify(.) by extension 'python_setup_py'
[0.370s] Level 1:colcon.colcon_core.package_identification:_identify(build) by extensions ['ignore', 'ignore_ament_install']
[0.370s] Level 1:colcon.colcon_core.package_identification:_identify(build) by extension 'ignore'
[0.370s] Level 1:colcon.colcon_core.package_identification:_identify(build) ignored
[0.370s] Level 1:colcon.colcon_core.package_identification:_identify(install) by extensions ['ignore', 'ignore_ament_install']
[0.370s] Level 1:colcon.colcon_core.package_identification:_identify(install) by extension 'ignore'
[0.370s] Level 1:colcon.colcon_core.package_identification:_identify(install) ignored
[0.370s] Level 1:colcon.colcon_core.package_identification:_identify(log) by extensions ['ignore', 'ignore_ament_install']
[0.371s] Level 1:colcon.colcon_core.package_identification:_identify(log) by extension 'ignore'
[0.371s] Level 1:colcon.colcon_core.package_identification:_identify(log) ignored
[0.371s] Level 1:colcon.colcon_core.package_identification:_identify(src) by extensions ['ignore', 'ignore_ament_install']
[0.371s] Level 1:colcon.colcon_core.package_identification:_identify(src) by extension 'ignore'
[0.371s] Level 1:colcon.colcon_core.package_identification:_identify(src) by extension 'ignore_ament_install'
[0.371s] Level 1:colcon.colcon_core.package_identification:_identify(src) by extensions ['colcon_pkg']
[0.371s] Level 1:colcon.colcon_core.package_identification:_identify(src) by extension 'colcon_pkg'
[0.371s] Level 1:colcon.colcon_core.package_identification:_identify(src) by extensions ['colcon_meta']
[0.371s] Level 1:colcon.colcon_core.package_identification:_identify(src) by extension 'colcon_meta'
[0.371s] Level 1:colcon.colcon_core.package_identification:_identify(src) by extensions ['ros']
[0.371s] Level 1:colcon.colcon_core.package_identification:_identify(src) by extension 'ros'
[0.371s] Level 1:colcon.colcon_core.package_identification:_identify(src) by extensions ['cmake', 'python']
[0.371s] Level 1:colcon.colcon_core.package_identification:_identify(src) by extension 'cmake'
[0.371s] Level 1:colcon.colcon_core.package_identification:_identify(src) by extension 'python'
[0.371s] Level 1:colcon.colcon_core.package_identification:_identify(src) by extensions ['python_setup_py']
[0.371s] Level 1:colcon.colcon_core.package_identification:_identify(src) by extension 'python_setup_py'
[0.372s] Level 1:colcon.colcon_core.package_identification:_identify(src/amm_bringup) by extensions ['ignore', 'ignore_ament_install']
[0.372s] Level 1:colcon.colcon_core.package_identification:_identify(src/amm_bringup) by extension 'ignore'
[0.372s] Level 1:colcon.colcon_core.package_identification:_identify(src/amm_bringup) by extension 'ignore_ament_install'
[0.372s] Level 1:colcon.colcon_core.package_identification:_identify(src/amm_bringup) by extensions ['colcon_pkg']
[0.372s] Level 1:colcon.colcon_core.package_identification:_identify(src/amm_bringup) by extension 'colcon_pkg'
[0.372s] Level 1:colcon.colcon_core.package_identification:_identify(src/amm_bringup) by extensions ['colcon_meta']
[0.372s] Level 1:colcon.colcon_core.package_identification:_identify(src/amm_bringup) by extension 'colcon_meta'
[0.372s] Level 1:colcon.colcon_core.package_identification:_identify(src/amm_bringup) by extensions ['ros']
[0.372s] Level 1:colcon.colcon_core.package_identification:_identify(src/amm_bringup) by extension 'ros'
[0.376s] DEBUG:colcon.colcon_core.package_identification:Package 'src/amm_bringup' with type 'ros.ament_cmake' and name 'amm_bringup'
[0.377s] Level 1:colcon.colcon_core.package_identification:_identify(src/amm_description) by extensions ['ignore', 'ignore_ament_install']
[0.377s] Level 1:colcon.colcon_core.package_identification:_identify(src/amm_description) by extension 'ignore'
[0.377s] Level 1:colcon.colcon_core.package_identification:_identify(src/amm_description) by extension 'ignore_ament_install'
[0.377s] Level 1:colcon.colcon_core.package_identification:_identify(src/amm_description) by extensions ['colcon_pkg']
[0.377s] Level 1:colcon.colcon_core.package_identification:_identify(src/amm_description) by extension 'colcon_pkg'
[0.377s] Level 1:colcon.colcon_core.package_identification:_identify(src/amm_description) by extensions ['colcon_meta']
[0.377s] Level 1:colcon.colcon_core.package_identification:_identify(src/amm_description) by extension 'colcon_meta'
[0.377s] Level 1:colcon.colcon_core.package_identification:_identify(src/amm_description) by extensions ['ros']
[0.377s] Level 1:colcon.colcon_core.package_identification:_identify(src/amm_description) by extension 'ros'
[0.378s] DEBUG:colcon.colcon_core.package_identification:Package 'src/amm_description' with type 'ros.ament_cmake' and name 'amm_description'
[0.378s] Level 1:colcon.colcon_core.package_identification:_identify(src/amm_gazebo) by extensions ['ignore', 'ignore_ament_install']
[0.378s] Level 1:colcon.colcon_core.package_identification:_identify(src/amm_gazebo) by extension 'ignore'
[0.378s] Level 1:colcon.colcon_core.package_identification:_identify(src/amm_gazebo) by extension 'ignore_ament_install'
[0.378s] Level 1:colcon.colcon_core.package_identification:_identify(src/amm_gazebo) by extensions ['colcon_pkg']
[0.378s] Level 1:colcon.colcon_core.package_identification:_identify(src/amm_gazebo) by extension 'colcon_pkg'
[0.378s] Level 1:colcon.colcon_core.package_identification:_identify(src/amm_gazebo) by extensions ['colcon_meta']
[0.378s] Level 1:colcon.colcon_core.package_identification:_identify(src/amm_gazebo) by extension 'colcon_meta'
[0.378s] Level 1:colcon.colcon_core.package_identification:_identify(src/amm_gazebo) by extensions ['ros']
[0.379s] Level 1:colcon.colcon_core.package_identification:_identify(src/amm_gazebo) by extension 'ros'
[0.379s] DEBUG:colcon.colcon_core.package_identification:Package 'src/amm_gazebo' with type 'ros.ament_cmake' and name 'amm_gazebo'
[0.379s] Level 1:colcon.colcon_core.package_identification:_identify(src/amm_manipulation) by extensions ['ignore', 'ignore_ament_install']
[0.379s] Level 1:colcon.colcon_core.package_identification:_identify(src/amm_manipulation) by extension 'ignore'
[0.379s] Level 1:colcon.colcon_core.package_identification:_identify(src/amm_manipulation) by extension 'ignore_ament_install'
[0.379s] Level 1:colcon.colcon_core.package_identification:_identify(src/amm_manipulation) by extensions ['colcon_pkg']
[0.379s] Level 1:colcon.colcon_core.package_identification:_identify(src/amm_manipulation) by extension 'colcon_pkg'
[0.379s] Level 1:colcon.colcon_core.package_identification:_identify(src/amm_manipulation) by extensions ['colcon_meta']
[0.379s] Level 1:colcon.colcon_core.package_identification:_identify(src/amm_manipulation) by extension 'colcon_meta'
[0.379s] Level 1:colcon.colcon_core.package_identification:_identify(src/amm_manipulation) by extensions ['ros']
[0.380s] Level 1:colcon.colcon_core.package_identification:_identify(src/amm_manipulation) by extension 'ros'
[0.381s] DEBUG:colcon.colcon_core.package_identification:Package 'src/amm_manipulation' with type 'ros.ament_cmake' and name 'amm_manipulation'
[0.381s] Level 1:colcon.colcon_core.package_identification:_identify(src/amm_mission_manager) by extensions ['ignore', 'ignore_ament_install']
[0.381s] Level 1:colcon.colcon_core.package_identification:_identify(src/amm_mission_manager) by extension 'ignore'
[0.381s] Level 1:colcon.colcon_core.package_identification:_identify(src/amm_mission_manager) by extension 'ignore_ament_install'
[0.381s] Level 1:colcon.colcon_core.package_identification:_identify(src/amm_mission_manager) by extensions ['colcon_pkg']
[0.381s] Level 1:colcon.colcon_core.package_identification:_identify(src/amm_mission_manager) by extension 'colcon_pkg'
[0.381s] Level 1:colcon.colcon_core.package_identification:_identify(src/amm_mission_manager) by extensions ['colcon_meta']
[0.381s] Level 1:colcon.colcon_core.package_identification:_identify(src/amm_mission_manager) by extension 'colcon_meta'
[0.381s] Level 1:colcon.colcon_core.package_identification:_identify(src/amm_mission_manager) by extensions ['ros']
[0.381s] Level 1:colcon.colcon_core.package_identification:_identify(src/amm_mission_manager) by extension 'ros'
[0.382s] DEBUG:colcon.colcon_core.package_identification:Package 'src/amm_mission_manager' with type 'ros.ament_cmake' and name 'amm_mission_manager'
[0.382s] Level 1:colcon.colcon_core.package_identification:_identify(src/amm_msgs) by extensions ['ignore', 'ignore_ament_install']
[0.382s] Level 1:colcon.colcon_core.package_identification:_identify(src/amm_msgs) by extension 'ignore'
[0.382s] Level 1:colcon.colcon_core.package_identification:_identify(src/amm_msgs) by extension 'ignore_ament_install'
[0.382s] Level 1:colcon.colcon_core.package_identification:_identify(src/amm_msgs) by extensions ['colcon_pkg']
[0.382s] Level 1:colcon.colcon_core.package_identification:_identify(src/amm_msgs) by extension 'colcon_pkg'
[0.382s] Level 1:colcon.colcon_core.package_identification:_identify(src/amm_msgs) by extensions ['colcon_meta']
[0.382s] Level 1:colcon.colcon_core.package_identification:_identify(src/amm_msgs) by extension 'colcon_meta'
[0.382s] Level 1:colcon.colcon_core.package_identification:_identify(src/amm_msgs) by extensions ['ros']
[0.382s] Level 1:colcon.colcon_core.package_identification:_identify(src/amm_msgs) by extension 'ros'
[0.383s] DEBUG:colcon.colcon_core.package_identification:Package 'src/amm_msgs' with type 'ros.ament_cmake' and name 'amm_msgs'
[0.383s] Level 1:colcon.colcon_core.package_identification:_identify(src/amm_navigation_manager) by extensions ['ignore', 'ignore_ament_install']
[0.383s] Level 1:colcon.colcon_core.package_identification:_identify(src/amm_navigation_manager) by extension 'ignore'
[0.383s] Level 1:colcon.colcon_core.package_identification:_identify(src/amm_navigation_manager) by extension 'ignore_ament_install'
[0.383s] Level 1:colcon.colcon_core.package_identification:_identify(src/amm_navigation_manager) by extensions ['colcon_pkg']
[0.383s] Level 1:colcon.colcon_core.package_identification:_identify(src/amm_navigation_manager) by extension 'colcon_pkg'
[0.383s] Level 1:colcon.colcon_core.package_identification:_identify(src/amm_navigation_manager) by extensions ['colcon_meta']
[0.384s] Level 1:colcon.colcon_core.package_identification:_identify(src/amm_navigation_manager) by extension 'colcon_meta'
[0.384s] Level 1:colcon.colcon_core.package_identification:_identify(src/amm_navigation_manager) by extensions ['ros']
[0.384s] Level 1:colcon.colcon_core.package_identification:_identify(src/amm_navigation_manager) by extension 'ros'
[0.384s] DEBUG:colcon.colcon_core.package_identification:Package 'src/amm_navigation_manager' with type 'ros.ament_cmake' and name 'amm_navigation_manager'
[0.385s] Level 1:colcon.colcon_core.package_identification:_identify(src/amm_perception) by extensions ['ignore', 'ignore_ament_install']
[0.385s] Level 1:colcon.colcon_core.package_identification:_identify(src/amm_perception) by extension 'ignore'
[0.385s] Level 1:colcon.colcon_core.package_identification:_identify(src/amm_perception) by extension 'ignore_ament_install'
[0.385s] Level 1:colcon.colcon_core.package_identification:_identify(src/amm_perception) by extensions ['colcon_pkg']
[0.385s] Level 1:colcon.colcon_core.package_identification:_identify(src/amm_perception) by extension 'colcon_pkg'
[0.385s] Level 1:colcon.colcon_core.package_identification:_identify(src/amm_perception) by extensions ['colcon_meta']
[0.385s] Level 1:colcon.colcon_core.package_identification:_identify(src/amm_perception) by extension 'colcon_meta'
[0.385s] Level 1:colcon.colcon_core.package_identification:_identify(src/amm_perception) by extensions ['ros']
[0.385s] Level 1:colcon.colcon_core.package_identification:_identify(src/amm_perception) by extension 'ros'
[0.386s] DEBUG:colcon.colcon_core.package_identification:Package 'src/amm_perception' with type 'ros.ament_cmake' and name 'amm_perception'
[0.386s] Level 1:colcon.colcon_core.package_identification:_identify(src/amm_slam_manager) by extensions ['ignore', 'ignore_ament_install']
[0.386s] Level 1:colcon.colcon_core.package_identification:_identify(src/amm_slam_manager) by extension 'ignore'
[0.386s] Level 1:colcon.colcon_core.package_identification:_identify(src/amm_slam_manager) by extension 'ignore_ament_install'
[0.386s] Level 1:colcon.colcon_core.package_identification:_identify(src/amm_slam_manager) by extensions ['colcon_pkg']
[0.386s] Level 1:colcon.colcon_core.package_identification:_identify(src/amm_slam_manager) by extension 'colcon_pkg'
[0.386s] Level 1:colcon.colcon_core.package_identification:_identify(src/amm_slam_manager) by extensions ['colcon_meta']
[0.386s] Level 1:colcon.colcon_core.package_identification:_identify(src/amm_slam_manager) by extension 'colcon_meta'
[0.386s] Level 1:colcon.colcon_core.package_identification:_identify(src/amm_slam_manager) by extensions ['ros']
[0.386s] Level 1:colcon.colcon_core.package_identification:_identify(src/amm_slam_manager) by extension 'ros'
[0.387s] DEBUG:colcon.colcon_core.package_identification:Package 'src/amm_slam_manager' with type 'ros.ament_cmake' and name 'amm_slam_manager'
[0.387s] Level 1:colcon.colcon_core.package_identification:_identify(src/amm_task_planner) by extensions ['ignore', 'ignore_ament_install']
[0.387s] Level 1:colcon.colcon_core.package_identification:_identify(src/amm_task_planner) by extension 'ignore'
[0.387s] Level 1:colcon.colcon_core.package_identification:_identify(src/amm_task_planner) by extension 'ignore_ament_install'
[0.388s] Level 1:colcon.colcon_core.package_identification:_identify(src/amm_task_planner) by extensions ['colcon_pkg']
[0.388s] Level 1:colcon.colcon_core.package_identification:_identify(src/amm_task_planner) by extension 'colcon_pkg'
[0.388s] Level 1:colcon.colcon_core.package_identification:_identify(src/amm_task_planner) by extensions ['colcon_meta']
[0.388s] Level 1:colcon.colcon_core.package_identification:_identify(src/amm_task_planner) by extension 'colcon_meta'
[0.388s] Level 1:colcon.colcon_core.package_identification:_identify(src/amm_task_planner) by extensions ['ros']
[0.388s] Level 1:colcon.colcon_core.package_identification:_identify(src/amm_task_planner) by extension 'ros'
[0.388s] DEBUG:colcon.colcon_core.package_identification:Package 'src/amm_task_planner' with type 'ros.ament_cmake' and name 'amm_task_planner'
[0.388s] Level 1:colcon.colcon_core.package_discovery:discover_packages(recursive) using defaults
[0.389s] Level 1:colcon.colcon_core.package_discovery:discover_packages(ignore) discover
[0.389s] Level 1:colcon.colcon_core.package_discovery:discover_packages(ignore) using defaults
[0.389s] Level 1:colcon.colcon_core.package_discovery:discover_packages(path) discover
[0.389s] Level 1:colcon.colcon_core.package_discovery:discover_packages(path) using defaults
[0.427s] Level 1:colcon.colcon_core.package_discovery:discover_packages(prefix_path) check parameters
[0.428s] Level 1:colcon.colcon_core.package_discovery:discover_packages(prefix_path) discover
[0.445s] DEBUG:colcon.colcon_installed_package_information.package_discovery:Found 42 installed packages in /home/leonardo/ros2_ws/install
[0.448s] DEBUG:colcon.colcon_installed_package_information.package_discovery:Found 516 installed packages in /opt/ros/jazzy
[0.450s] Level 1:colcon.colcon_core.package_discovery:discover_packages(prefix_path) using defaults
[0.690s] Level 5:colcon.colcon_core.verb:set package 'amm_description' build argument 'cmake_args' from command line to 'None'
[0.690s] Level 5:colcon.colcon_core.verb:set package 'amm_description' build argument 'cmake_target' from command line to 'None'
[0.690s] Level 5:colcon.colcon_core.verb:set package 'amm_description' build argument 'cmake_target_skip_unavailable' from command line to 'False'
[0.690s] Level 5:colcon.colcon_core.verb:set package 'amm_description' build argument 'cmake_clean_cache' from command line to 'False'
[0.690s] Level 5:colcon.colcon_core.verb:set package 'amm_description' build argument 'cmake_clean_first' from command line to 'False'
[0.690s] Level 5:colcon.colcon_core.verb:set package 'amm_description' build argument 'cmake_force_configure' from command line to 'False'
[0.690s] Level 5:colcon.colcon_core.verb:set package 'amm_description' build argument 'ament_cmake_args' from command line to 'None'
[0.690s] Level 5:colcon.colcon_core.verb:set package 'amm_description' build argument 'catkin_cmake_args' from command line to 'None'
[0.690s] Level 5:colcon.colcon_core.verb:set package 'amm_description' build argument 'catkin_skip_building_tests' from command line to 'False'
[0.690s] DEBUG:colcon.colcon_core.verb:Building package 'amm_description' with the following arguments: {'ament_cmake_args': None, 'build_base': '/home/leonardo/git/autonomous-mobile-manipulation-in-simulation/build/amm_description', 'catkin_cmake_args': None, 'catkin_skip_building_tests': False, 'cmake_args': None, 'cmake_clean_cache': False, 'cmake_clean_first': False, 'cmake_force_configure': False, 'cmake_target': None, 'cmake_target_skip_unavailable': False, 'install_base': '/home/leonardo/git/autonomous-mobile-manipulation-in-simulation/install/amm_description', 'merge_install': False, 'path': '/home/leonardo/git/autonomous-mobile-manipulation-in-simulation/src/amm_description', 'symlink_install': True, 'test_result_base': None}
[0.690s] Level 5:colcon.colcon_core.verb:set package 'amm_msgs' build argument 'cmake_args' from command line to 'None'
[0.690s] Level 5:colcon.colcon_core.verb:set package 'amm_msgs' build argument 'cmake_target' from command line to 'None'
[0.690s] Level 5:colcon.colcon_core.verb:set package 'amm_msgs' build argument 'cmake_target_skip_unavailable' from command line to 'False'
[0.690s] Level 5:colcon.colcon_core.verb:set package 'amm_msgs' build argument 'cmake_clean_cache' from command line to 'False'
[0.691s] Level 5:colcon.colcon_core.verb:set package 'amm_msgs' build argument 'cmake_clean_first' from command line to 'False'
[0.691s] Level 5:colcon.colcon_core.verb:set package 'amm_msgs' build argument 'cmake_force_configure' from command line to 'False'
[0.691s] Level 5:colcon.colcon_core.verb:set package 'amm_msgs' build argument 'ament_cmake_args' from command line to 'None'
[0.691s] Level 5:colcon.colcon_core.verb:set package 'amm_msgs' build argument 'catkin_cmake_args' from command line to 'None'
[0.691s] Level 5:colcon.colcon_core.verb:set package 'amm_msgs' build argument 'catkin_skip_building_tests' from command line to 'False'
[0.691s] DEBUG:colcon.colcon_core.verb:Building package 'amm_msgs' with the following arguments: {'ament_cmake_args': None, 'build_base': '/home/leonardo/git/autonomous-mobile-manipulation-in-simulation/build/amm_msgs', 'catkin_cmake_args': None, 'catkin_skip_building_tests': False, 'cmake_args': None, 'cmake_clean_cache': False, 'cmake_clean_first': False, 'cmake_force_configure': False, 'cmake_target': None, 'cmake_target_skip_unavailable': False, 'install_base': '/home/leonardo/git/autonomous-mobile-manipulation-in-simulation/install/amm_msgs', 'merge_install': False, 'path': '/home/leonardo/git/autonomous-mobile-manipulation-in-simulation/src/amm_msgs', 'symlink_install': True, 'test_result_base': None}
[0.691s] Level 5:colcon.colcon_core.verb:set package 'amm_slam_manager' build argument 'cmake_args' from command line to 'None'
[0.691s] Level 5:colcon.colcon_core.verb:set package 'amm_slam_manager' build argument 'cmake_target' from command line to 'None'
[0.691s] Level 5:colcon.colcon_core.verb:set package 'amm_slam_manager' build argument 'cmake_target_skip_unavailable' from command line to 'False'
[0.691s] Level 5:colcon.colcon_core.verb:set package 'amm_slam_manager' build argument 'cmake_clean_cache' from command line to 'False'
[0.691s] Level 5:colcon.colcon_core.verb:set package 'amm_slam_manager' build argument 'cmake_clean_first' from command line to 'False'
[0.691s] Level 5:colcon.colcon_core.verb:set package 'amm_slam_manager' build argument 'cmake_force_configure' from command line to 'False'
[0.691s] Level 5:colcon.colcon_core.verb:set package 'amm_slam_manager' build argument 'ament_cmake_args' from command line to 'None'
[0.691s] Level 5:colcon.colcon_core.verb:set package 'amm_slam_manager' build argument 'catkin_cmake_args' from command line to 'None'
[0.691s] Level 5:colcon.colcon_core.verb:set package 'amm_slam_manager' build argument 'catkin_skip_building_tests' from command line to 'False'
[0.691s] DEBUG:colcon.colcon_core.verb:Building package 'amm_slam_manager' with the following arguments: {'ament_cmake_args': None, 'build_base': '/home/leonardo/git/autonomous-mobile-manipulation-in-simulation/build/amm_slam_manager', 'catkin_cmake_args': None, 'catkin_skip_building_tests': False, 'cmake_args': None, 'cmake_clean_cache': False, 'cmake_clean_first': False, 'cmake_force_configure': False, 'cmake_target': None, 'cmake_target_skip_unavailable': False, 'install_base': '/home/leonardo/git/autonomous-mobile-manipulation-in-simulation/install/amm_slam_manager', 'merge_install': False, 'path': '/home/leonardo/git/autonomous-mobile-manipulation-in-simulation/src/amm_slam_manager', 'symlink_install': True, 'test_result_base': None}
[0.691s] Level 5:colcon.colcon_core.verb:set package 'amm_gazebo' build argument 'cmake_args' from command line to 'None'
[0.691s] Level 5:colcon.colcon_core.verb:set package 'amm_gazebo' build argument 'cmake_target' from command line to 'None'
[0.691s] Level 5:colcon.colcon_core.verb:set package 'amm_gazebo' build argument 'cmake_target_skip_unavailable' from command line to 'False'
[0.691s] Level 5:colcon.colcon_core.verb:set package 'amm_gazebo' build argument 'cmake_clean_cache' from command line to 'False'
[0.691s] Level 5:colcon.colcon_core.verb:set package 'amm_gazebo' build argument 'cmake_clean_first' from command line to 'False'
[0.691s] Level 5:colcon.colcon_core.verb:set package 'amm_gazebo' build argument 'cmake_force_configure' from command line to 'False'
[0.691s] Level 5:colcon.colcon_core.verb:set package 'amm_gazebo' build argument 'ament_cmake_args' from command line to 'None'
[0.691s] Level 5:colcon.colcon_core.verb:set package 'amm_gazebo' build argument 'catkin_cmake_args' from command line to 'None'
[0.692s] Level 5:colcon.colcon_core.verb:set package 'amm_gazebo' build argument 'catkin_skip_building_tests' from command line to 'False'
[0.692s] DEBUG:colcon.colcon_core.verb:Building package 'amm_gazebo' with the following arguments: {'ament_cmake_args': None, 'build_base': '/home/leonardo/git/autonomous-mobile-manipulation-in-simulation/build/amm_gazebo', 'catkin_cmake_args': None, 'catkin_skip_building_tests': False, 'cmake_args': None, 'cmake_clean_cache': False, 'cmake_clean_first': False, 'cmake_force_configure': False, 'cmake_target': None, 'cmake_target_skip_unavailable': False, 'install_base': '/home/leonardo/git/autonomous-mobile-manipulation-in-simulation/install/amm_gazebo', 'merge_install': False, 'path': '/home/leonardo/git/autonomous-mobile-manipulation-in-simulation/src/amm_gazebo', 'symlink_install': True, 'test_result_base': None}
[0.692s] Level 5:colcon.colcon_core.verb:set package 'amm_manipulation' build argument 'cmake_args' from command line to 'None'
[0.692s] Level 5:colcon.colcon_core.verb:set package 'amm_manipulation' build argument 'cmake_target' from command line to 'None'
[0.692s] Level 5:colcon.colcon_core.verb:set package 'amm_manipulation' build argument 'cmake_target_skip_unavailable' from command line to 'False'
[0.692s] Level 5:colcon.colcon_core.verb:set package 'amm_manipulation' build argument 'cmake_clean_cache' from command line to 'False'
[0.692s] Level 5:colcon.colcon_core.verb:set package 'amm_manipulation' build argument 'cmake_clean_first' from command line to 'False'
[0.692s] Level 5:colcon.colcon_core.verb:set package 'amm_manipulation' build argument 'cmake_force_configure' from command line to 'False'
[0.692s] Level 5:colcon.colcon_core.verb:set package 'amm_manipulation' build argument 'ament_cmake_args' from command line to 'None'
[0.692s] Level 5:colcon.colcon_core.verb:set package 'amm_manipulation' build argument 'catkin_cmake_args' from command line to 'None'
[0.692s] Level 5:colcon.colcon_core.verb:set package 'amm_manipulation' build argument 'catkin_skip_building_tests' from command line to 'False'
[0.692s] DEBUG:colcon.colcon_core.verb:Building package 'amm_manipulation' with the following arguments: {'ament_cmake_args': None, 'build_base': '/home/leonardo/git/autonomous-mobile-manipulation-in-simulation/build/amm_manipulation', 'catkin_cmake_args': None, 'catkin_skip_building_tests': False, 'cmake_args': None, 'cmake_clean_cache': False, 'cmake_clean_first': False, 'cmake_force_configure': False, 'cmake_target': None, 'cmake_target_skip_unavailable': False, 'install_base': '/home/leonardo/git/autonomous-mobile-manipulation-in-simulation/install/amm_manipulation', 'merge_install': False, 'path': '/home/leonardo/git/autonomous-mobile-manipulation-in-simulation/src/amm_manipulation', 'symlink_install': True, 'test_result_base': None}
[0.692s] Level 5:colcon.colcon_core.verb:set package 'amm_mission_manager' build argument 'cmake_args' from command line to 'None'
[0.692s] Level 5:colcon.colcon_core.verb:set package 'amm_mission_manager' build argument 'cmake_target' from command line to 'None'
[0.692s] Level 5:colcon.colcon_core.verb:set package 'amm_mission_manager' build argument 'cmake_target_skip_unavailable' from command line to 'False'
[0.692s] Level 5:colcon.colcon_core.verb:set package 'amm_mission_manager' build argument 'cmake_clean_cache' from command line to 'False'
[0.692s] Level 5:colcon.colcon_core.verb:set package 'amm_mission_manager' build argument 'cmake_clean_first' from command line to 'False'
[0.692s] Level 5:colcon.colcon_core.verb:set package 'amm_mission_manager' build argument 'cmake_force_configure' from command line to 'False'
[0.692s] Level 5:colcon.colcon_core.verb:set package 'amm_mission_manager' build argument 'ament_cmake_args' from command line to 'None'
[0.692s] Level 5:colcon.colcon_core.verb:set package 'amm_mission_manager' build argument 'catkin_cmake_args' from command line to 'None'
[0.692s] Level 5:colcon.colcon_core.verb:set package 'amm_mission_manager' build argument 'catkin_skip_building_tests' from command line to 'False'
[0.692s] DEBUG:colcon.colcon_core.verb:Building package 'amm_mission_manager' with the following arguments: {'ament_cmake_args': None, 'build_base': '/home/leonardo/git/autonomous-mobile-manipulation-in-simulation/build/amm_mission_manager', 'catkin_cmake_args': None, 'catkin_skip_building_tests': False, 'cmake_args': None, 'cmake_clean_cache': False, 'cmake_clean_first': False, 'cmake_force_configure': False, 'cmake_target': None, 'cmake_target_skip_unavailable': False, 'install_base': '/home/leonardo/git/autonomous-mobile-manipulation-in-simulation/install/amm_mission_manager', 'merge_install': False, 'path': '/home/leonardo/git/autonomous-mobile-manipulation-in-simulation/src/amm_mission_manager', 'symlink_install': True, 'test_result_base': None}
[0.693s] Level 5:colcon.colcon_core.verb:set package 'amm_navigation_manager' build argument 'cmake_args' from command line to 'None'
[0.693s] Level 5:colcon.colcon_core.verb:set package 'amm_navigation_manager' build argument 'cmake_target' from command line to 'None'
[0.693s] Level 5:colcon.colcon_core.verb:set package 'amm_navigation_manager' build argument 'cmake_target_skip_unavailable' from command line to 'False'
[0.693s] Level 5:colcon.colcon_core.verb:set package 'amm_navigation_manager' build argument 'cmake_clean_cache' from command line to 'False'
[0.693s] Level 5:colcon.colcon_core.verb:set package 'amm_navigation_manager' build argument 'cmake_clean_first' from command line to 'False'
[0.693s] Level 5:colcon.colcon_core.verb:set package 'amm_navigation_manager' build argument 'cmake_force_configure' from command line to 'False'
[0.693s] Level 5:colcon.colcon_core.verb:set package 'amm_navigation_manager' build argument 'ament_cmake_args' from command line to 'None'
[0.693s] Level 5:colcon.colcon_core.verb:set package 'amm_navigation_manager' build argument 'catkin_cmake_args' from command line to 'None'
[0.693s] Level 5:colcon.colcon_core.verb:set package 'amm_navigation_manager' build argument 'catkin_skip_building_tests' from command line to 'False'
[0.693s] DEBUG:colcon.colcon_core.verb:Building package 'amm_navigation_manager' with the following arguments: {'ament_cmake_args': None, 'build_base': '/home/leonardo/git/autonomous-mobile-manipulation-in-simulation/build/amm_navigation_manager', 'catkin_cmake_args': None, 'catkin_skip_building_tests': False, 'cmake_args': None, 'cmake_clean_cache': False, 'cmake_clean_first': False, 'cmake_force_configure': False, 'cmake_target': None, 'cmake_target_skip_unavailable': False, 'install_base': '/home/leonardo/git/autonomous-mobile-manipulation-in-simulation/install/amm_navigation_manager', 'merge_install': False, 'path': '/home/leonardo/git/autonomous-mobile-manipulation-in-simulation/src/amm_navigation_manager', 'symlink_install': True, 'test_result_base': None}
[0.693s] Level 5:colcon.colcon_core.verb:set package 'amm_perception' build argument 'cmake_args' from command line to 'None'
[0.693s] Level 5:colcon.colcon_core.verb:set package 'amm_perception' build argument 'cmake_target' from command line to 'None'
[0.693s] Level 5:colcon.colcon_core.verb:set package 'amm_perception' build argument 'cmake_target_skip_unavailable' from command line to 'False'
[0.693s] Level 5:colcon.colcon_core.verb:set package 'amm_perception' build argument 'cmake_clean_cache' from command line to 'False'
[0.693s] Level 5:colcon.colcon_core.verb:set package 'amm_perception' build argument 'cmake_clean_first' from command line to 'False'
[0.693s] Level 5:colcon.colcon_core.verb:set package 'amm_perception' build argument 'cmake_force_configure' from command line to 'False'
[0.693s] Level 5:colcon.colcon_core.verb:set package 'amm_perception' build argument 'ament_cmake_args' from command line to 'None'
[0.693s] Level 5:colcon.colcon_core.verb:set package 'amm_perception' build argument 'catkin_cmake_args' from command line to 'None'
[0.693s] Level 5:colcon.colcon_core.verb:set package 'amm_perception' build argument 'catkin_skip_building_tests' from command line to 'False'
[0.693s] DEBUG:colcon.colcon_core.verb:Building package 'amm_perception' with the following arguments: {'ament_cmake_args': None, 'build_base': '/home/leonardo/git/autonomous-mobile-manipulation-in-simulation/build/amm_perception', 'catkin_cmake_args': None, 'catkin_skip_building_tests': False, 'cmake_args': None, 'cmake_clean_cache': False, 'cmake_clean_first': False, 'cmake_force_configure': False, 'cmake_target': None, 'cmake_target_skip_unavailable': False, 'install_base': '/home/leonardo/git/autonomous-mobile-manipulation-in-simulation/install/amm_perception', 'merge_install': False, 'path': '/home/leonardo/git/autonomous-mobile-manipulation-in-simulation/src/amm_perception', 'symlink_install': True, 'test_result_base': None}
[0.694s] Level 5:colcon.colcon_core.verb:set package 'amm_task_planner' build argument 'cmake_args' from command line to 'None'
[0.694s] Level 5:colcon.colcon_core.verb:set package 'amm_task_planner' build argument 'cmake_target' from command line to 'None'
[0.694s] Level 5:colcon.colcon_core.verb:set package 'amm_task_planner' build argument 'cmake_target_skip_unavailable' from command line to 'False'
[0.694s] Level 5:colcon.colcon_core.verb:set package 'amm_task_planner' build argument 'cmake_clean_cache' from command line to 'False'
[0.694s] Level 5:colcon.colcon_core.verb:set package 'amm_task_planner' build argument 'cmake_clean_first' from command line to 'False'
[0.694s] Level 5:colcon.colcon_core.verb:set package 'amm_task_planner' build argument 'cmake_force_configure' from command line to 'False'
[0.694s] Level 5:colcon.colcon_core.verb:set package 'amm_task_planner' build argument 'ament_cmake_args' from command line to 'None'
[0.694s] Level 5:colcon.colcon_core.verb:set package 'amm_task_planner' build argument 'catkin_cmake_args' from command line to 'None'
[0.694s] Level 5:colcon.colcon_core.verb:set package 'amm_task_planner' build argument 'catkin_skip_building_tests' from command line to 'False'
[0.694s] DEBUG:colcon.colcon_core.verb:Building package 'amm_task_planner' with the following arguments: {'ament_cmake_args': None, 'build_base': '/home/leonardo/git/autonomous-mobile-manipulation-in-simulation/build/amm_task_planner', 'catkin_cmake_args': None, 'catkin_skip_building_tests': False, 'cmake_args': None, 'cmake_clean_cache': False, 'cmake_clean_first': False, 'cmake_force_configure': False, 'cmake_target': None, 'cmake_target_skip_unavailable': False, 'install_base': '/home/leonardo/git/autonomous-mobile-manipulation-in-simulation/install/amm_task_planner', 'merge_install': False, 'path': '/home/leonardo/git/autonomous-mobile-manipulation-in-simulation/src/amm_task_planner', 'symlink_install': True, 'test_result_base': None}
[0.694s] Level 5:colcon.colcon_core.verb:set package 'amm_bringup' build argument 'cmake_args' from command line to 'None'
[0.694s] Level 5:colcon.colcon_core.verb:set package 'amm_bringup' build argument 'cmake_target' from command line to 'None'
[0.694s] Level 5:colcon.colcon_core.verb:set package 'amm_bringup' build argument 'cmake_target_skip_unavailable' from command line to 'False'
[0.694s] Level 5:colcon.colcon_core.verb:set package 'amm_bringup' build argument 'cmake_clean_cache' from command line to 'False'
[0.694s] Level 5:colcon.colcon_core.verb:set package 'amm_bringup' build argument 'cmake_clean_first' from command line to 'False'
[0.694s] Level 5:colcon.colcon_core.verb:set package 'amm_bringup' build argument 'cmake_force_configure' from command line to 'False'
[0.694s] Level 5:colcon.colcon_core.verb:set package 'amm_bringup' build argument 'ament_cmake_args' from command line to 'None'
[0.694s] Level 5:colcon.colcon_core.verb:set package 'amm_bringup' build argument 'catkin_cmake_args' from command line to 'None'
[0.694s] Level 5:colcon.colcon_core.verb:set package 'amm_bringup' build argument 'catkin_skip_building_tests' from command line to 'False'
[0.694s] DEBUG:colcon.colcon_core.verb:Building package 'amm_bringup' with the following arguments: {'ament_cmake_args': None, 'build_base': '/home/leonardo/git/autonomous-mobile-manipulation-in-simulation/build/amm_bringup', 'catkin_cmake_args': None, 'catkin_skip_building_tests': False, 'cmake_args': None, 'cmake_clean_cache': False, 'cmake_clean_first': False, 'cmake_force_configure': False, 'cmake_target': None, 'cmake_target_skip_unavailable': False, 'install_base': '/home/leonardo/git/autonomous-mobile-manipulation-in-simulation/install/amm_bringup', 'merge_install': False, 'path': '/home/leonardo/git/autonomous-mobile-manipulation-in-simulation/src/amm_bringup', 'symlink_install': True, 'test_result_base': None}
[0.694s] INFO:colcon.colcon_core.executor:Executing jobs using 'parallel' executor
[0.695s] DEBUG:colcon.colcon_parallel_executor.executor.parallel:run_until_complete
[0.695s] INFO:colcon.colcon_ros.task.ament_cmake.build:Building ROS package in '/home/leonardo/git/autonomous-mobile-manipulation-in-simulation/src/amm_msgs' with build type 'ament_cmake'
[0.695s] INFO:colcon.colcon_cmake.task.cmake.build:Building CMake package in '/home/leonardo/git/autonomous-mobile-manipulation-in-simulation/src/amm_msgs'
[0.700s] INFO:colcon.colcon_core.plugin_system:Skipping extension 'colcon_core.shell.bat': Not used on non-Windows systems
[0.700s] INFO:colcon.colcon_core.shell:Skip shell extension 'powershell' for command environment: Not usable outside of PowerShell
[0.700s] DEBUG:colcon.colcon_core.shell:Skip shell extension 'dsv' for command environment
[0.708s] INFO:colcon.colcon_ros.task.ament_cmake.build:Building ROS package in '/home/leonardo/git/autonomous-mobile-manipulation-in-simulation/src/amm_description' with build type 'ament_cmake'
[0.708s] INFO:colcon.colcon_cmake.task.cmake.build:Building CMake package in '/home/leonardo/git/autonomous-mobile-manipulation-in-simulation/src/amm_description'
[0.708s] INFO:colcon.colcon_core.shell:Skip shell extension 'powershell' for command environment: Not usable outside of PowerShell
[0.708s] DEBUG:colcon.colcon_core.shell:Skip shell extension 'dsv' for command environment
[0.715s] INFO:colcon.colcon_ros.task.ament_cmake.build:Building ROS package in '/home/leonardo/git/autonomous-mobile-manipulation-in-simulation/src/amm_slam_manager' with build type 'ament_cmake'
[0.715s] INFO:colcon.colcon_cmake.task.cmake.build:Building CMake package in '/home/leonardo/git/autonomous-mobile-manipulation-in-simulation/src/amm_slam_manager'
[0.715s] INFO:colcon.colcon_core.shell:Skip shell extension 'powershell' for command environment: Not usable outside of PowerShell
[0.715s] DEBUG:colcon.colcon_core.shell:Skip shell extension 'dsv' for command environment
[0.725s] DEBUG:colcon.colcon_core.event_handler.log_command:Invoking command in '/home/leonardo/git/autonomous-mobile-manipulation-in-simulation/build/amm_msgs': CMAKE_PREFIX_PATH=${CMAKE_PREFIX_PATH}:/home/leonardo/ros2_ws/install/mirte_test:/home/leonardo/ros2_ws/install/launch_testing_examples:/home/leonardo/ros2_ws/install/examples_rclpy_pointcloud_publisher:/home/leonardo/ros2_ws/install/examples_rclpy_minimal_subscriber:/home/leonardo/ros2_ws/install/examples_rclpy_minimal_service:/home/leonardo/ros2_ws/install/examples_rclpy_minimal_publisher:/home/leonardo/ros2_ws/install/examples_rclpy_minimal_client:/home/leonardo/ros2_ws/install/examples_rclpy_minimal_action_server:/home/leonardo/ros2_ws/install/examples_rclpy_minimal_action_client:/home/leonardo/ros2_ws/install/examples_rclpy_guard_conditions:/home/leonardo/ros2_ws/install/examples_rclpy_executors:/opt/ros/jazzy DEBUGINFOD_URLS=https://debuginfod.ubuntu.com /usr/bin/cmake /home/leonardo/git/autonomous-mobile-manipulation-in-simulation/src/amm_msgs -DAMENT_CMAKE_SYMLINK_INSTALL=1 -DCMAKE_INSTALL_PREFIX=/home/leonardo/git/autonomous-mobile-manipulation-in-simulation/install/amm_msgs
[0.728s] DEBUG:colcon.colcon_core.event_handler.log_command:Invoking command in '/home/leonardo/git/autonomous-mobile-manipulation-in-simulation/build/amm_description': CMAKE_PREFIX_PATH=${CMAKE_PREFIX_PATH}:/home/leonardo/ros2_ws/install/mirte_test:/home/leonardo/ros2_ws/install/launch_testing_examples:/home/leonardo/ros2_ws/install/examples_rclpy_pointcloud_publisher:/home/leonardo/ros2_ws/install/examples_rclpy_minimal_subscriber:/home/leonardo/ros2_ws/install/examples_rclpy_minimal_service:/home/leonardo/ros2_ws/install/examples_rclpy_minimal_publisher:/home/leonardo/ros2_ws/install/examples_rclpy_minimal_client:/home/leonardo/ros2_ws/install/examples_rclpy_minimal_action_server:/home/leonardo/ros2_ws/install/examples_rclpy_minimal_action_client:/home/leonardo/ros2_ws/install/examples_rclpy_guard_conditions:/home/leonardo/ros2_ws/install/examples_rclpy_executors:/opt/ros/jazzy DEBUGINFOD_URLS=https://debuginfod.ubuntu.com /usr/bin/cmake /home/leonardo/git/autonomous-mobile-manipulation-in-simulation/src/amm_description -DAMENT_CMAKE_SYMLINK_INSTALL=1 -DCMAKE_INSTALL_PREFIX=/home/leonardo/git/autonomous-mobile-manipulation-in-simulation/install/amm_description
[0.733s] DEBUG:colcon.colcon_core.event_handler.log_command:Invoking command in '/home/leonardo/git/autonomous-mobile-manipulation-in-simulation/build/amm_slam_manager': CMAKE_PREFIX_PATH=${CMAKE_PREFIX_PATH}:/home/leonardo/ros2_ws/install/mirte_test:/home/leonardo/ros2_ws/install/launch_testing_examples:/home/leonardo/ros2_ws/install/examples_rclpy_pointcloud_publisher:/home/leonardo/ros2_ws/install/examples_rclpy_minimal_subscriber:/home/leonardo/ros2_ws/install/examples_rclpy_minimal_service:/home/leonardo/ros2_ws/install/examples_rclpy_minimal_publisher:/home/leonardo/ros2_ws/install/examples_rclpy_minimal_client:/home/leonardo/ros2_ws/install/examples_rclpy_minimal_action_server:/home/leonardo/ros2_ws/install/examples_rclpy_minimal_action_client:/home/leonardo/ros2_ws/install/examples_rclpy_guard_conditions:/home/leonardo/ros2_ws/install/examples_rclpy_executors:/opt/ros/jazzy DEBUGINFOD_URLS=https://debuginfod.ubuntu.com /usr/bin/cmake /home/leonardo/git/autonomous-mobile-manipulation-in-simulation/src/amm_slam_manager -DAMENT_CMAKE_SYMLINK_INSTALL=1 -DCMAKE_INSTALL_PREFIX=/home/leonardo/git/autonomous-mobile-manipulation-in-simulation/install/amm_slam_manager
[2.079s] DEBUG:colcon.colcon_core.event_handler.log_command:Invoked command in '/home/leonardo/git/autonomous-mobile-manipulation-in-simulation/build/amm_description' returned '0': CMAKE_PREFIX_PATH=${CMAKE_PREFIX_PATH}:/home/leonardo/ros2_ws/install/mirte_test:/home/leonardo/ros2_ws/install/launch_testing_examples:/home/leonardo/ros2_ws/install/examples_rclpy_pointcloud_publisher:/home/leonardo/ros2_ws/install/examples_rclpy_minimal_subscriber:/home/leonardo/ros2_ws/install/examples_rclpy_minimal_service:/home/leonardo/ros2_ws/install/examples_rclpy_minimal_publisher:/home/leonardo/ros2_ws/install/examples_rclpy_minimal_client:/home/leonardo/ros2_ws/install/examples_rclpy_minimal_action_server:/home/leonardo/ros2_ws/install/examples_rclpy_minimal_action_client:/home/leonardo/ros2_ws/install/examples_rclpy_guard_conditions:/home/leonardo/ros2_ws/install/examples_rclpy_executors:/opt/ros/jazzy DEBUGINFOD_URLS=https://debuginfod.ubuntu.com /usr/bin/cmake /home/leonardo/git/autonomous-mobile-manipulation-in-simulation/src/amm_description -DAMENT_CMAKE_SYMLINK_INSTALL=1 -DCMAKE_INSTALL_PREFIX=/home/leonardo/git/autonomous-mobile-manipulation-in-simulation/install/amm_description
[2.081s] DEBUG:colcon.colcon_core.event_handler.log_command:Invoking command in '/home/leonardo/git/autonomous-mobile-manipulation-in-simulation/build/amm_description': CMAKE_PREFIX_PATH=${CMAKE_PREFIX_PATH}:/home/leonardo/ros2_ws/install/mirte_test:/home/leonardo/ros2_ws/install/launch_testing_examples:/home/leonardo/ros2_ws/install/examples_rclpy_pointcloud_publisher:/home/leonardo/ros2_ws/install/examples_rclpy_minimal_subscriber:/home/leonardo/ros2_ws/install/examples_rclpy_minimal_service:/home/leonardo/ros2_ws/install/examples_rclpy_minimal_publisher:/home/leonardo/ros2_ws/install/examples_rclpy_minimal_client:/home/leonardo/ros2_ws/install/examples_rclpy_minimal_action_server:/home/leonardo/ros2_ws/install/examples_rclpy_minimal_action_client:/home/leonardo/ros2_ws/install/examples_rclpy_guard_conditions:/home/leonardo/ros2_ws/install/examples_rclpy_executors:/opt/ros/jazzy DEBUGINFOD_URLS=https://debuginfod.ubuntu.com /usr/bin/cmake --build /home/leonardo/git/autonomous-mobile-manipulation-in-simulation/build/amm_description -- -j8 -l8
[2.126s] DEBUG:colcon.colcon_core.event_handler.log_command:Invoked command in '/home/leonardo/git/autonomous-mobile-manipulation-in-simulation/build/amm_description' returned '0': CMAKE_PREFIX_PATH=${CMAKE_PREFIX_PATH}:/home/leonardo/ros2_ws/install/mirte_test:/home/leonardo/ros2_ws/install/launch_testing_examples:/home/leonardo/ros2_ws/install/examples_rclpy_pointcloud_publisher:/home/leonardo/ros2_ws/install/examples_rclpy_minimal_subscriber:/home/leonardo/ros2_ws/install/examples_rclpy_minimal_service:/home/leonardo/ros2_ws/install/examples_rclpy_minimal_publisher:/home/leonardo/ros2_ws/install/examples_rclpy_minimal_client:/home/leonardo/ros2_ws/install/examples_rclpy_minimal_action_server:/home/leonardo/ros2_ws/install/examples_rclpy_minimal_action_client:/home/leonardo/ros2_ws/install/examples_rclpy_guard_conditions:/home/leonardo/ros2_ws/install/examples_rclpy_executors:/opt/ros/jazzy DEBUGINFOD_URLS=https://debuginfod.ubuntu.com /usr/bin/cmake --build /home/leonardo/git/autonomous-mobile-manipulation-in-simulation/build/amm_description -- -j8 -l8
[2.138s] DEBUG:colcon.colcon_core.event_handler.log_command:Invoking command in '/home/leonardo/git/autonomous-mobile-manipulation-in-simulation/build/amm_description': CMAKE_PREFIX_PATH=${CMAKE_PREFIX_PATH}:/home/leonardo/ros2_ws/install/mirte_test:/home/leonardo/ros2_ws/install/launch_testing_examples:/home/leonardo/ros2_ws/install/examples_rclpy_pointcloud_publisher:/home/leonardo/ros2_ws/install/examples_rclpy_minimal_subscriber:/home/leonardo/ros2_ws/install/examples_rclpy_minimal_service:/home/leonardo/ros2_ws/install/examples_rclpy_minimal_publisher:/home/leonardo/ros2_ws/install/examples_rclpy_minimal_client:/home/leonardo/ros2_ws/install/examples_rclpy_minimal_action_server:/home/leonardo/ros2_ws/install/examples_rclpy_minimal_action_client:/home/leonardo/ros2_ws/install/examples_rclpy_guard_conditions:/home/leonardo/ros2_ws/install/examples_rclpy_executors:/opt/ros/jazzy DEBUGINFOD_URLS=https://debuginfod.ubuntu.com /usr/bin/cmake --install /home/leonardo/git/autonomous-mobile-manipulation-in-simulation/build/amm_description
[2.161s] DEBUG:colcon.colcon_core.event_handler.log_command:Invoked command in '/home/leonardo/git/autonomous-mobile-manipulation-in-simulation/build/amm_description' returned '1': CMAKE_PREFIX_PATH=${CMAKE_PREFIX_PATH}:/home/leonardo/ros2_ws/install/mirte_test:/home/leonardo/ros2_ws/install/launch_testing_examples:/home/leonardo/ros2_ws/install/examples_rclpy_pointcloud_publisher:/home/leonardo/ros2_ws/install/examples_rclpy_minimal_subscriber:/home/leonardo/ros2_ws/install/examples_rclpy_minimal_service:/home/leonardo/ros2_ws/install/examples_rclpy_minimal_publisher:/home/leonardo/ros2_ws/install/examples_rclpy_minimal_client:/home/leonardo/ros2_ws/install/examples_rclpy_minimal_action_server:/home/leonardo/ros2_ws/install/examples_rclpy_minimal_action_client:/home/leonardo/ros2_ws/install/examples_rclpy_guard_conditions:/home/leonardo/ros2_ws/install/examples_rclpy_executors:/opt/ros/jazzy DEBUGINFOD_URLS=https://debuginfod.ubuntu.com /usr/bin/cmake --install /home/leonardo/git/autonomous-mobile-manipulation-in-simulation/build/amm_description
[2.161s] Level 1:colcon.colcon_core.environment:create_environment_scripts_only(amm_description)
[2.165s] Level 1:colcon.colcon_core.environment:checking '/home/leonardo/git/autonomous-mobile-manipulation-in-simulation/install/amm_description' for CMake module files
[2.165s] Level 1:colcon.colcon_core.environment:checking '/home/leonardo/git/autonomous-mobile-manipulation-in-simulation/install/amm_description' for CMake config files
[2.166s] Level 1:colcon.colcon_core.environment:checking '/home/leonardo/git/autonomous-mobile-manipulation-in-simulation/install/amm_description/bin'
[2.166s] Level 1:colcon.colcon_core.environment:checking '/home/leonardo/git/autonomous-mobile-manipulation-in-simulation/install/amm_description/lib/pkgconfig/amm_description.pc'
[2.166s] Level 1:colcon.colcon_core.environment:checking '/home/leonardo/git/autonomous-mobile-manipulation-in-simulation/install/amm_description/lib/python3.12/site-packages'
[2.167s] Level 1:colcon.colcon_core.environment:checking '/home/leonardo/git/autonomous-mobile-manipulation-in-simulation/install/amm_description/bin'
[2.167s] INFO:colcon.colcon_core.shell:Creating package script '/home/leonardo/git/autonomous-mobile-manipulation-in-simulation/install/amm_description/share/amm_description/package.ps1'
[2.168s] INFO:colcon.colcon_core.shell:Creating package descriptor '/home/leonardo/git/autonomous-mobile-manipulation-in-simulation/install/amm_description/share/amm_description/package.dsv'
[2.169s] INFO:colcon.colcon_core.shell:Creating package script '/home/leonardo/git/autonomous-mobile-manipulation-in-simulation/install/amm_description/share/amm_description/package.sh'
[2.169s] INFO:colcon.colcon_core.shell:Creating package script '/home/leonardo/git/autonomous-mobile-manipulation-in-simulation/install/amm_description/share/amm_description/package.bash'
[2.170s] INFO:colcon.colcon_core.shell:Creating package script '/home/leonardo/git/autonomous-mobile-manipulation-in-simulation/install/amm_description/share/amm_description/package.zsh'
[2.172s] Level 1:colcon.colcon_core.environment:create_file_with_runtime_dependencies(/home/leonardo/git/autonomous-mobile-manipulation-in-simulation/install/amm_description/share/colcon-core/packages/amm_description)
[5.700s] DEBUG:colcon.colcon_parallel_executor.executor.parallel:closing loop
[5.700s] DEBUG:colcon.colcon_parallel_executor.executor.parallel:loop closed
[5.700s] DEBUG:colcon.colcon_parallel_executor.executor.parallel:run_until_complete finished with '1'
[5.700s] DEBUG:colcon.colcon_core.event_reactor:joining thread
[5.708s] INFO:colcon.colcon_core.plugin_system:Skipping extension 'colcon_notification.desktop_notification.terminal_notifier': Not used on non-Darwin systems
[5.708s] INFO:colcon.colcon_core.plugin_system:Skipping extension 'colcon_notification.desktop_notification.win32': Not used on non-Windows systems
[5.709s] INFO:colcon.colcon_notification.desktop_notification:Sending desktop notification using 'notify2'
[5.730s] DEBUG:colcon.colcon_core.event_reactor:joined thread
[5.731s] INFO:colcon.colcon_core.shell:Creating prefix script '/home/leonardo/git/autonomous-mobile-manipulation-in-simulation/install/local_setup.ps1'
[5.732s] INFO:colcon.colcon_core.shell:Creating prefix util module '/home/leonardo/git/autonomous-mobile-manipulation-in-simulation/install/_local_setup_util_ps1.py'
[5.734s] INFO:colcon.colcon_core.shell:Creating prefix chain script '/home/leonardo/git/autonomous-mobile-manipulation-in-simulation/install/setup.ps1'
[5.739s] INFO:colcon.colcon_core.shell:Creating prefix script '/home/leonardo/git/autonomous-mobile-manipulation-in-simulation/install/local_setup.sh'
[5.740s] INFO:colcon.colcon_core.shell:Creating prefix util module '/home/leonardo/git/autonomous-mobile-manipulation-in-simulation/install/_local_setup_util_sh.py'
[5.741s] INFO:colcon.colcon_core.shell:Creating prefix chain script '/home/leonardo/git/autonomous-mobile-manipulation-in-simulation/install/setup.sh'
[5.746s] INFO:colcon.colcon_core.shell:Creating prefix script '/home/leonardo/git/autonomous-mobile-manipulation-in-simulation/install/local_setup.bash'
[5.747s] INFO:colcon.colcon_core.shell:Creating prefix chain script '/home/leonardo/git/autonomous-mobile-manipulation-in-simulation/install/setup.bash'
[5.751s] INFO:colcon.colcon_core.shell:Creating prefix script '/home/leonardo/git/autonomous-mobile-manipulation-in-simulation/install/local_setup.zsh'
[5.753s] INFO:colcon.colcon_core.shell:Creating prefix chain script '/home/leonardo/git/autonomous-mobile-manipulation-in-simulation/install/setup.zsh'
