-- The C compiler identification is GNU 13.3.0
-- The CXX compiler identification is GNU 13.3.0
-- Detecting C compiler ABI info
-- Detecting C compiler ABI info - done
-- Check for working C compiler: /usr/bin/cc - skipped
-- Detecting C compile features
-- Detecting C compile features - done
-- Detecting CXX compiler ABI info
-- Detecting CXX compiler ABI info - done
-- Check for working CXX compiler: /usr/bin/c++ - skipped
-- Detecting CXX compile features
-- Detecting CXX compile features - done
-- Found ament_cmake: 2.5.5 (/opt/ros/jazzy/share/ament_cmake/cmake)
-- Found Python3: /usr/bin/python3 (found version "3.12.3") found components: Interpreter 
-- Override CMake install command with custom implementation using symlinks instead of copying resources
-- Configuring done (1.2s)
-- Generating done (0.0s)
-- Build files have been written to: /home/leonardo/git/autonomous-mobile-manipulation-in-simulation/build/ridgeback_description
-- Install configuration: ""
-- Execute custom install script
-- Symlinking: /home/leonardo/git/autonomous-mobile-manipulation-in-simulation/install/ridgeback_description/share/ridgeback_description/urdf/ridgeback.urdf.xacro
-- Symlinking: /home/leonardo/git/autonomous-mobile-manipulation-in-simulation/install/ridgeback_description/share/ament_index/resource_index/package_run_dependencies/ridgeback_description
-- Symlinking: /home/leonardo/git/autonomous-mobile-manipulation-in-simulation/install/ridgeback_description/share/ament_index/resource_index/parent_prefix_path/ridgeback_description
-- Symlinking: /home/leonardo/git/autonomous-mobile-manipulation-in-simulation/install/ridgeback_description/share/ridgeback_description/environment/ament_prefix_path.sh
-- Symlinking: /home/leonardo/git/autonomous-mobile-manipulation-in-simulation/install/ridgeback_description/share/ridgeback_description/environment/ament_prefix_path.dsv
-- Symlinking: /home/leonardo/git/autonomous-mobile-manipulation-in-simulation/install/ridgeback_description/share/ridgeback_description/environment/path.sh
-- Symlinking: /home/leonardo/git/autonomous-mobile-manipulation-in-simulation/install/ridgeback_description/share/ridgeback_description/environment/path.dsv
-- Symlinking: /home/leonardo/git/autonomous-mobile-manipulation-in-simulation/install/ridgeback_description/share/ridgeback_description/local_setup.bash
-- Symlinking: /home/leonardo/git/autonomous-mobile-manipulation-in-simulation/install/ridgeback_description/share/ridgeback_description/local_setup.sh
-- Symlinking: /home/leonardo/git/autonomous-mobile-manipulation-in-simulation/install/ridgeback_description/share/ridgeback_description/local_setup.zsh
-- Symlinking: /home/leonardo/git/autonomous-mobile-manipulation-in-simulation/install/ridgeback_description/share/ridgeback_description/local_setup.dsv
-- Symlinking: /home/leonardo/git/autonomous-mobile-manipulation-in-simulation/install/ridgeback_description/share/ridgeback_description/package.dsv
-- Symlinking: /home/leonardo/git/autonomous-mobile-manipulation-in-simulation/install/ridgeback_description/share/ament_index/resource_index/packages/ridgeback_description
-- Symlinking: /home/leonardo/git/autonomous-mobile-manipulation-in-simulation/install/ridgeback_description/share/ridgeback_description/cmake/ridgeback_descriptionConfig.cmake
-- Symlinking: /home/leonardo/git/autonomous-mobile-manipulation-in-simulation/install/ridgeback_description/share/ridgeback_description/cmake/ridgeback_descriptionConfig-version.cmake
-- Symlinking: /home/leonardo/git/autonomous-mobile-manipulation-in-simulation/install/ridgeback_description/share/ridgeback_description/package.xml
