[0.026s] Invoking command in '/home/leonardo/git/autonomous-mobile-manipulation-in-simulation/build/ridgeback_description': CMAKE_PREFIX_PATH=${CMAKE_PREFIX_PATH}:/home/leonardo/ros2_ws/install/mirte_test:/home/leonardo/ros2_ws/install/launch_testing_examples:/home/leonardo/ros2_ws/install/examples_rclpy_pointcloud_publisher:/home/leonardo/ros2_ws/install/examples_rclpy_minimal_subscriber:/home/leonardo/ros2_ws/install/examples_rclpy_minimal_service:/home/leonardo/ros2_ws/install/examples_rclpy_minimal_publisher:/home/leonardo/ros2_ws/install/examples_rclpy_minimal_client:/home/leonardo/ros2_ws/install/examples_rclpy_minimal_action_server:/home/leonardo/ros2_ws/install/examples_rclpy_minimal_action_client:/home/leonardo/ros2_ws/install/examples_rclpy_guard_conditions:/home/leonardo/ros2_ws/install/examples_rclpy_executors:/opt/ros/jazzy DEBUGINFOD_URLS=https://debuginfod.ubuntu.com /usr/bin/cmake /home/leonardo/git/autonomous-mobile-manipulation-in-simulation/src/ridgeback_description -DAMENT_CMAKE_SYMLINK_INSTALL=1 -DCMAKE_INSTALL_PREFIX=/home/leonardo/git/autonomous-mobile-manipulation-in-simulation/install/ridgeback_description
[0.102s] -- The C compiler identification is GNU 13.3.0
[0.201s] -- The CXX compiler identification is GNU 13.3.0
[0.226s] -- Detecting C compiler ABI info
[0.343s] -- Detecting C compiler ABI info - done
[0.357s] -- Check for working C compiler: /usr/bin/cc - skipped
[0.357s] -- Detecting C compile features
[0.358s] -- Detecting C compile features - done
[0.372s] -- Detecting CXX compiler ABI info
[0.485s] -- Detecting CXX compiler ABI info - done
[0.500s] -- Check for working CXX compiler: /usr/bin/c++ - skipped
[0.501s] -- Detecting CXX compile features
[0.502s] -- Detecting CXX compile features - done
[0.515s] -- Found ament_cmake: 2.5.5 (/opt/ros/jazzy/share/ament_cmake/cmake)
[0.803s] -- Found Python3: /usr/bin/python3 (found version "3.12.3") found components: Interpreter 
[0.958s] -- Override CMake install command with custom implementation using symlinks instead of copying resources
[1.238s] -- Configuring done (1.2s)
[1.241s] -- Generating done (0.0s)
[1.243s] -- Build files have been written to: /home/leonardo/git/autonomous-mobile-manipulation-in-simulation/build/ridgeback_description
[1.248s] Invoked command in '/home/leonardo/git/autonomous-mobile-manipulation-in-simulation/build/ridgeback_description' returned '0': CMAKE_PREFIX_PATH=${CMAKE_PREFIX_PATH}:/home/leonardo/ros2_ws/install/mirte_test:/home/leonardo/ros2_ws/install/launch_testing_examples:/home/leonardo/ros2_ws/install/examples_rclpy_pointcloud_publisher:/home/leonardo/ros2_ws/install/examples_rclpy_minimal_subscriber:/home/leonardo/ros2_ws/install/examples_rclpy_minimal_service:/home/leonardo/ros2_ws/install/examples_rclpy_minimal_publisher:/home/leonardo/ros2_ws/install/examples_rclpy_minimal_client:/home/leonardo/ros2_ws/install/examples_rclpy_minimal_action_server:/home/leonardo/ros2_ws/install/examples_rclpy_minimal_action_client:/home/leonardo/ros2_ws/install/examples_rclpy_guard_conditions:/home/leonardo/ros2_ws/install/examples_rclpy_executors:/opt/ros/jazzy DEBUGINFOD_URLS=https://debuginfod.ubuntu.com /usr/bin/cmake /home/leonardo/git/autonomous-mobile-manipulation-in-simulation/src/ridgeback_description -DAMENT_CMAKE_SYMLINK_INSTALL=1 -DCMAKE_INSTALL_PREFIX=/home/leonardo/git/autonomous-mobile-manipulation-in-simulation/install/ridgeback_description
[1.249s] Invoking command in '/home/leonardo/git/autonomous-mobile-manipulation-in-simulation/build/ridgeback_description': CMAKE_PREFIX_PATH=${CMAKE_PREFIX_PATH}:/home/leonardo/ros2_ws/install/mirte_test:/home/leonardo/ros2_ws/install/launch_testing_examples:/home/leonardo/ros2_ws/install/examples_rclpy_pointcloud_publisher:/home/leonardo/ros2_ws/install/examples_rclpy_minimal_subscriber:/home/leonardo/ros2_ws/install/examples_rclpy_minimal_service:/home/leonardo/ros2_ws/install/examples_rclpy_minimal_publisher:/home/leonardo/ros2_ws/install/examples_rclpy_minimal_client:/home/leonardo/ros2_ws/install/examples_rclpy_minimal_action_server:/home/leonardo/ros2_ws/install/examples_rclpy_minimal_action_client:/home/leonardo/ros2_ws/install/examples_rclpy_guard_conditions:/home/leonardo/ros2_ws/install/examples_rclpy_executors:/opt/ros/jazzy DEBUGINFOD_URLS=https://debuginfod.ubuntu.com /usr/bin/cmake --build /home/leonardo/git/autonomous-mobile-manipulation-in-simulation/build/ridgeback_description -- -j8 -l8
[1.301s] Invoked command in '/home/leonardo/git/autonomous-mobile-manipulation-in-simulation/build/ridgeback_description' returned '0': CMAKE_PREFIX_PATH=${CMAKE_PREFIX_PATH}:/home/leonardo/ros2_ws/install/mirte_test:/home/leonardo/ros2_ws/install/launch_testing_examples:/home/leonardo/ros2_ws/install/examples_rclpy_pointcloud_publisher:/home/leonardo/ros2_ws/install/examples_rclpy_minimal_subscriber:/home/leonardo/ros2_ws/install/examples_rclpy_minimal_service:/home/leonardo/ros2_ws/install/examples_rclpy_minimal_publisher:/home/leonardo/ros2_ws/install/examples_rclpy_minimal_client:/home/leonardo/ros2_ws/install/examples_rclpy_minimal_action_server:/home/leonardo/ros2_ws/install/examples_rclpy_minimal_action_client:/home/leonardo/ros2_ws/install/examples_rclpy_guard_conditions:/home/leonardo/ros2_ws/install/examples_rclpy_executors:/opt/ros/jazzy DEBUGINFOD_URLS=https://debuginfod.ubuntu.com /usr/bin/cmake --build /home/leonardo/git/autonomous-mobile-manipulation-in-simulation/build/ridgeback_description -- -j8 -l8
[1.302s] Invoking command in '/home/leonardo/git/autonomous-mobile-manipulation-in-simulation/build/ridgeback_description': CMAKE_PREFIX_PATH=${CMAKE_PREFIX_PATH}:/home/leonardo/ros2_ws/install/mirte_test:/home/leonardo/ros2_ws/install/launch_testing_examples:/home/leonardo/ros2_ws/install/examples_rclpy_pointcloud_publisher:/home/leonardo/ros2_ws/install/examples_rclpy_minimal_subscriber:/home/leonardo/ros2_ws/install/examples_rclpy_minimal_service:/home/leonardo/ros2_ws/install/examples_rclpy_minimal_publisher:/home/leonardo/ros2_ws/install/examples_rclpy_minimal_client:/home/leonardo/ros2_ws/install/examples_rclpy_minimal_action_server:/home/leonardo/ros2_ws/install/examples_rclpy_minimal_action_client:/home/leonardo/ros2_ws/install/examples_rclpy_guard_conditions:/home/leonardo/ros2_ws/install/examples_rclpy_executors:/opt/ros/jazzy DEBUGINFOD_URLS=https://debuginfod.ubuntu.com /usr/bin/cmake --install /home/leonardo/git/autonomous-mobile-manipulation-in-simulation/build/ridgeback_description
[1.313s] -- Install configuration: ""
[1.314s] -- Execute custom install script
[1.314s] -- Symlinking: /home/leonardo/git/autonomous-mobile-manipulation-in-simulation/install/ridgeback_description/share/ridgeback_description/urdf/ridgeback.urdf.xacro
[1.326s] -- Symlinking: /home/leonardo/git/autonomous-mobile-manipulation-in-simulation/install/ridgeback_description/share/ament_index/resource_index/package_run_dependencies/ridgeback_description
[1.339s] -- Symlinking: /home/leonardo/git/autonomous-mobile-manipulation-in-simulation/install/ridgeback_description/share/ament_index/resource_index/parent_prefix_path/ridgeback_description
[1.351s] -- Symlinking: /home/leonardo/git/autonomous-mobile-manipulation-in-simulation/install/ridgeback_description/share/ridgeback_description/environment/ament_prefix_path.sh
[1.363s] -- Symlinking: /home/leonardo/git/autonomous-mobile-manipulation-in-simulation/install/ridgeback_description/share/ridgeback_description/environment/ament_prefix_path.dsv
[1.374s] -- Symlinking: /home/leonardo/git/autonomous-mobile-manipulation-in-simulation/install/ridgeback_description/share/ridgeback_description/environment/path.sh
[1.385s] -- Symlinking: /home/leonardo/git/autonomous-mobile-manipulation-in-simulation/install/ridgeback_description/share/ridgeback_description/environment/path.dsv
[1.396s] -- Symlinking: /home/leonardo/git/autonomous-mobile-manipulation-in-simulation/install/ridgeback_description/share/ridgeback_description/local_setup.bash
[1.407s] -- Symlinking: /home/leonardo/git/autonomous-mobile-manipulation-in-simulation/install/ridgeback_description/share/ridgeback_description/local_setup.sh
[1.419s] -- Symlinking: /home/leonardo/git/autonomous-mobile-manipulation-in-simulation/install/ridgeback_description/share/ridgeback_description/local_setup.zsh
[1.430s] -- Symlinking: /home/leonardo/git/autonomous-mobile-manipulation-in-simulation/install/ridgeback_description/share/ridgeback_description/local_setup.dsv
[1.441s] -- Symlinking: /home/leonardo/git/autonomous-mobile-manipulation-in-simulation/install/ridgeback_description/share/ridgeback_description/package.dsv
[1.451s] -- Symlinking: /home/leonardo/git/autonomous-mobile-manipulation-in-simulation/install/ridgeback_description/share/ament_index/resource_index/packages/ridgeback_description
[1.462s] -- Symlinking: /home/leonardo/git/autonomous-mobile-manipulation-in-simulation/install/ridgeback_description/share/ridgeback_description/cmake/ridgeback_descriptionConfig.cmake
[1.473s] -- Symlinking: /home/leonardo/git/autonomous-mobile-manipulation-in-simulation/install/ridgeback_description/share/ridgeback_description/cmake/ridgeback_descriptionConfig-version.cmake
[1.483s] -- Symlinking: /home/leonardo/git/autonomous-mobile-manipulation-in-simulation/install/ridgeback_description/share/ridgeback_description/package.xml
[1.496s] Invoked command in '/home/leonardo/git/autonomous-mobile-manipulation-in-simulation/build/ridgeback_description' returned '0': CMAKE_PREFIX_PATH=${CMAKE_PREFIX_PATH}:/home/leonardo/ros2_ws/install/mirte_test:/home/leonardo/ros2_ws/install/launch_testing_examples:/home/leonardo/ros2_ws/install/examples_rclpy_pointcloud_publisher:/home/leonardo/ros2_ws/install/examples_rclpy_minimal_subscriber:/home/leonardo/ros2_ws/install/examples_rclpy_minimal_service:/home/leonardo/ros2_ws/install/examples_rclpy_minimal_publisher:/home/leonardo/ros2_ws/install/examples_rclpy_minimal_client:/home/leonardo/ros2_ws/install/examples_rclpy_minimal_action_server:/home/leonardo/ros2_ws/install/examples_rclpy_minimal_action_client:/home/leonardo/ros2_ws/install/examples_rclpy_guard_conditions:/home/leonardo/ros2_ws/install/examples_rclpy_executors:/opt/ros/jazzy DEBUGINFOD_URLS=https://debuginfod.ubuntu.com /usr/bin/cmake --install /home/leonardo/git/autonomous-mobile-manipulation-in-simulation/build/ridgeback_description
