-- The C compiler identification is GNU 13.3.0
-- The CXX compiler identification is GNU 13.3.0
-- Detecting C compiler ABI info
-- Detecting C compiler ABI info - done
-- Check for working C compiler: /usr/bin/cc - skipped
-- Detecting C compile features
-- Detecting C compile features - done
-- Detecting CXX compiler ABI info
-- Detecting CXX compiler ABI info - done
-- Check for working CXX compiler: /usr/bin/c++ - skipped
-- Detecting CXX compile features
-- Detecting CXX compile features - done
-- Found ament_cmake: 2.5.5 (/opt/ros/jazzy/share/ament_cmake/cmake)
-- Found Python3: /usr/bin/python3 (found version "3.12.3") found components: Interpreter 
-- Override CMake install command with custom implementation using symlinks instead of copying resources
-- Configuring done (1.3s)
-- Generating done (0.0s)
-- Build files have been written to: /home/leonardo/git/autonomous-mobile-manipulation-in-simulation/build/amm_description
-- Install configuration: ""
-- Execute custom install script
-- Symlinking: /home/leonardo/git/autonomous-mobile-manipulation-in-simulation/install/amm_description/share/amm_description/urdf/ridgeback_franka.urdf.xacro
[31mCMake Error at ament_cmake_symlink_install/ament_cmake_symlink_install.cmake:105 (message):
  ament_cmake_symlink_install_directory() can't find
  '/home/leonardo/git/autonomous-mobile-manipulation-in-simulation/src/amm_description/config/'
Call Stack (most recent call first):
  ament_cmake_symlink_install/ament_cmake_symlink_install.cmake:325 (ament_cmake_symlink_install_directory)
  cmake_install.cmake:46 (include)

[0m
