[0.020s] Invoking command in '/home/leonardo/git/autonomous-mobile-manipulation-in-simulation/build/amm_description': CMAKE_PREFIX_PATH=${CMAKE_PREFIX_PATH}:/home/leonardo/ros2_ws/install/mirte_test:/home/leonardo/ros2_ws/install/launch_testing_examples:/home/leonardo/ros2_ws/install/examples_rclpy_pointcloud_publisher:/home/leonardo/ros2_ws/install/examples_rclpy_minimal_subscriber:/home/leonardo/ros2_ws/install/examples_rclpy_minimal_service:/home/leonardo/ros2_ws/install/examples_rclpy_minimal_publisher:/home/leonardo/ros2_ws/install/examples_rclpy_minimal_client:/home/leonardo/ros2_ws/install/examples_rclpy_minimal_action_server:/home/leonardo/ros2_ws/install/examples_rclpy_minimal_action_client:/home/leonardo/ros2_ws/install/examples_rclpy_guard_conditions:/home/leonardo/ros2_ws/install/examples_rclpy_executors:/opt/ros/jazzy DEBUGINFOD_URLS=https://debuginfod.ubuntu.com /usr/bin/cmake /home/leonardo/git/autonomous-mobile-manipulation-in-simulation/src/amm_description -DAMENT_CMAKE_SYMLINK_INSTALL=1 -DCMAKE_INSTALL_PREFIX=/home/leonardo/git/autonomous-mobile-manipulation-in-simulation/install/amm_description
[0.232s] -- The C compiler identification is GNU 13.3.0
[0.386s] -- The CXX compiler identification is GNU 13.3.0
[0.416s] -- Detecting C compiler ABI info
[0.558s] -- Detecting C compiler ABI info - done
[0.579s] -- Check for working C compiler: /usr/bin/cc - skipped
[0.579s] -- Detecting C compile features
[0.580s] -- Detecting C compile features - done
[0.593s] -- Detecting CXX compiler ABI info
[0.716s] -- Detecting CXX compiler ABI info - done
[0.728s] -- Check for working CXX compiler: /usr/bin/c++ - skipped
[0.728s] -- Detecting CXX compile features
[0.729s] -- Detecting CXX compile features - done
[0.757s] -- Found ament_cmake: 2.5.5 (/opt/ros/jazzy/share/ament_cmake/cmake)
[1.019s] -- Found Python3: /usr/bin/python3 (found version "3.12.3") found components: Interpreter 
[1.112s] -- Override CMake install command with custom implementation using symlinks instead of copying resources
[1.357s] -- Configuring done (1.3s)
[1.361s] -- Generating done (0.0s)
[1.364s] -- Build files have been written to: /home/leonardo/git/autonomous-mobile-manipulation-in-simulation/build/amm_description
[1.370s] Invoked command in '/home/leonardo/git/autonomous-mobile-manipulation-in-simulation/build/amm_description' returned '0': CMAKE_PREFIX_PATH=${CMAKE_PREFIX_PATH}:/home/leonardo/ros2_ws/install/mirte_test:/home/leonardo/ros2_ws/install/launch_testing_examples:/home/leonardo/ros2_ws/install/examples_rclpy_pointcloud_publisher:/home/leonardo/ros2_ws/install/examples_rclpy_minimal_subscriber:/home/leonardo/ros2_ws/install/examples_rclpy_minimal_service:/home/leonardo/ros2_ws/install/examples_rclpy_minimal_publisher:/home/leonardo/ros2_ws/install/examples_rclpy_minimal_client:/home/leonardo/ros2_ws/install/examples_rclpy_minimal_action_server:/home/leonardo/ros2_ws/install/examples_rclpy_minimal_action_client:/home/leonardo/ros2_ws/install/examples_rclpy_guard_conditions:/home/leonardo/ros2_ws/install/examples_rclpy_executors:/opt/ros/jazzy DEBUGINFOD_URLS=https://debuginfod.ubuntu.com /usr/bin/cmake /home/leonardo/git/autonomous-mobile-manipulation-in-simulation/src/amm_description -DAMENT_CMAKE_SYMLINK_INSTALL=1 -DCMAKE_INSTALL_PREFIX=/home/leonardo/git/autonomous-mobile-manipulation-in-simulation/install/amm_description
[1.373s] Invoking command in '/home/leonardo/git/autonomous-mobile-manipulation-in-simulation/build/amm_description': CMAKE_PREFIX_PATH=${CMAKE_PREFIX_PATH}:/home/leonardo/ros2_ws/install/mirte_test:/home/leonardo/ros2_ws/install/launch_testing_examples:/home/leonardo/ros2_ws/install/examples_rclpy_pointcloud_publisher:/home/leonardo/ros2_ws/install/examples_rclpy_minimal_subscriber:/home/leonardo/ros2_ws/install/examples_rclpy_minimal_service:/home/leonardo/ros2_ws/install/examples_rclpy_minimal_publisher:/home/leonardo/ros2_ws/install/examples_rclpy_minimal_client:/home/leonardo/ros2_ws/install/examples_rclpy_minimal_action_server:/home/leonardo/ros2_ws/install/examples_rclpy_minimal_action_client:/home/leonardo/ros2_ws/install/examples_rclpy_guard_conditions:/home/leonardo/ros2_ws/install/examples_rclpy_executors:/opt/ros/jazzy DEBUGINFOD_URLS=https://debuginfod.ubuntu.com /usr/bin/cmake --build /home/leonardo/git/autonomous-mobile-manipulation-in-simulation/build/amm_description -- -j8 -l8
[1.418s] Invoked command in '/home/leonardo/git/autonomous-mobile-manipulation-in-simulation/build/amm_description' returned '0': CMAKE_PREFIX_PATH=${CMAKE_PREFIX_PATH}:/home/leonardo/ros2_ws/install/mirte_test:/home/leonardo/ros2_ws/install/launch_testing_examples:/home/leonardo/ros2_ws/install/examples_rclpy_pointcloud_publisher:/home/leonardo/ros2_ws/install/examples_rclpy_minimal_subscriber:/home/leonardo/ros2_ws/install/examples_rclpy_minimal_service:/home/leonardo/ros2_ws/install/examples_rclpy_minimal_publisher:/home/leonardo/ros2_ws/install/examples_rclpy_minimal_client:/home/leonardo/ros2_ws/install/examples_rclpy_minimal_action_server:/home/leonardo/ros2_ws/install/examples_rclpy_minimal_action_client:/home/leonardo/ros2_ws/install/examples_rclpy_guard_conditions:/home/leonardo/ros2_ws/install/examples_rclpy_executors:/opt/ros/jazzy DEBUGINFOD_URLS=https://debuginfod.ubuntu.com /usr/bin/cmake --build /home/leonardo/git/autonomous-mobile-manipulation-in-simulation/build/amm_description -- -j8 -l8
[1.430s] Invoking command in '/home/leonardo/git/autonomous-mobile-manipulation-in-simulation/build/amm_description': CMAKE_PREFIX_PATH=${CMAKE_PREFIX_PATH}:/home/leonardo/ros2_ws/install/mirte_test:/home/leonardo/ros2_ws/install/launch_testing_examples:/home/leonardo/ros2_ws/install/examples_rclpy_pointcloud_publisher:/home/leonardo/ros2_ws/install/examples_rclpy_minimal_subscriber:/home/leonardo/ros2_ws/install/examples_rclpy_minimal_service:/home/leonardo/ros2_ws/install/examples_rclpy_minimal_publisher:/home/leonardo/ros2_ws/install/examples_rclpy_minimal_client:/home/leonardo/ros2_ws/install/examples_rclpy_minimal_action_server:/home/leonardo/ros2_ws/install/examples_rclpy_minimal_action_client:/home/leonardo/ros2_ws/install/examples_rclpy_guard_conditions:/home/leonardo/ros2_ws/install/examples_rclpy_executors:/opt/ros/jazzy DEBUGINFOD_URLS=https://debuginfod.ubuntu.com /usr/bin/cmake --install /home/leonardo/git/autonomous-mobile-manipulation-in-simulation/build/amm_description
[1.439s] -- Install configuration: ""
[1.439s] -- Execute custom install script
[1.440s] -- Symlinking: /home/leonardo/git/autonomous-mobile-manipulation-in-simulation/install/amm_description/share/amm_description/urdf/ridgeback_franka.urdf.xacro
[1.451s] [31mCMake Error at ament_cmake_symlink_install/ament_cmake_symlink_install.cmake:105 (message):
[1.451s]   ament_cmake_symlink_install_directory() can't find
[1.451s]   '/home/leonardo/git/autonomous-mobile-manipulation-in-simulation/src/amm_description/config/'
[1.451s] Call Stack (most recent call first):
[1.451s]   ament_cmake_symlink_install/ament_cmake_symlink_install.cmake:325 (ament_cmake_symlink_install_directory)
[1.451s]   cmake_install.cmake:46 (include)
[1.452s] 
[1.452s] [0m
[1.453s] Invoked command in '/home/leonardo/git/autonomous-mobile-manipulation-in-simulation/build/amm_description' returned '1': CMAKE_PREFIX_PATH=${CMAKE_PREFIX_PATH}:/home/leonardo/ros2_ws/install/mirte_test:/home/leonardo/ros2_ws/install/launch_testing_examples:/home/leonardo/ros2_ws/install/examples_rclpy_pointcloud_publisher:/home/leonardo/ros2_ws/install/examples_rclpy_minimal_subscriber:/home/leonardo/ros2_ws/install/examples_rclpy_minimal_service:/home/leonardo/ros2_ws/install/examples_rclpy_minimal_publisher:/home/leonardo/ros2_ws/install/examples_rclpy_minimal_client:/home/leonardo/ros2_ws/install/examples_rclpy_minimal_action_server:/home/leonardo/ros2_ws/install/examples_rclpy_minimal_action_client:/home/leonardo/ros2_ws/install/examples_rclpy_guard_conditions:/home/leonardo/ros2_ws/install/examples_rclpy_executors:/opt/ros/jazzy DEBUGINFOD_URLS=https://debuginfod.ubuntu.com /usr/bin/cmake --install /home/leonardo/git/autonomous-mobile-manipulation-in-simulation/build/amm_description
