[  1%] Built target amm_msgs__rosidl_generator_type_description
[  1%] Built target ament_cmake_python_symlink_amm_msgs
[  2%] Built target amm_msgs__cpp
[ 25%] Built target amm_msgs__rosidl_generator_c
[ 35%] Built target amm_msgs__rosidl_typesupport_introspection_c
[ 44%] Built target amm_msgs__rosidl_typesupport_c
[ 54%] Built target amm_msgs__rosidl_typesupport_cpp
[ 63%] Built target amm_msgs__rosidl_typesupport_fastrtps_c
[ 82%] Built target amm_msgs__rosidl_typesupport_introspection_cpp
[ 82%] Built target amm_msgs__rosidl_typesupport_fastrtps_cpp
[ 82%] Built target amm_msgs
[ 83%] Built target amm_msgs__py
[ 91%] Built target amm_msgs__rosidl_generator_py
[ 94%] Built target amm_msgs_s__rosidl_typesupport_c
[100%] Built target amm_msgs_s__rosidl_typesupport_fastrtps_c
[100%] Built target amm_msgs_s__rosidl_typesupport_introspection_c
running egg_info
writing amm_msgs.egg-info/PKG-INFO
writing dependency_links to amm_msgs.egg-info/dependency_links.txt
writing top-level names to amm_msgs.egg-info/top_level.txt
reading manifest file 'amm_msgs.egg-info/SOURCES.txt'
writing manifest file 'amm_msgs.egg-info/SOURCES.txt'
[100%] Built target ament_cmake_python_build_amm_msgs_egg
-- Install configuration: ""
-- Execute custom install script
-- Up-to-date symlink: /home/leonardo/git/autonomous-mobile-manipulation-in-simulation/install/amm_msgs/share/ament_index/resource_index/rosidl_interfaces/amm_msgs
-- Up-to-date symlink: /home/leonardo/git/autonomous-mobile-manipulation-in-simulation/install/amm_msgs/share/amm_msgs/msg/TaskCommand.json
-- Up-to-date symlink: /home/leonardo/git/autonomous-mobile-manipulation-in-simulation/install/amm_msgs/share/amm_msgs/msg/DetectedObject.json
-- Up-to-date symlink: /home/leonardo/git/autonomous-mobile-manipulation-in-simulation/install/amm_msgs/share/amm_msgs/action/ExecuteTask.json
-- Up-to-date symlink: /home/leonardo/git/autonomous-mobile-manipulation-in-simulation/install/amm_msgs/share/amm_msgs/action/PickObject.json
-- Up-to-date symlink: /home/leonardo/git/autonomous-mobile-manipulation-in-simulation/install/amm_msgs/share/amm_msgs/action/PlaceObject.json
-- Up-to-date symlink: /home/leonardo/git/autonomous-mobile-manipulation-in-simulation/install/amm_msgs/include/amm_msgs/amm_msgs/action/detail/execute_task__functions.h
-- Up-to-date symlink: /home/leonardo/git/autonomous-mobile-manipulation-in-simulation/install/amm_msgs/include/amm_msgs/amm_msgs/action/detail/execute_task__struct.h
-- Up-to-date symlink: /home/leonardo/git/autonomous-mobile-manipulation-in-simulation/install/amm_msgs/include/amm_msgs/amm_msgs/action/detail/execute_task__type_support.h
-- Up-to-date symlink: /home/leonardo/git/autonomous-mobile-manipulation-in-simulation/install/amm_msgs/include/amm_msgs/amm_msgs/action/detail/pick_object__functions.h
-- Up-to-date symlink: /home/leonardo/git/autonomous-mobile-manipulation-in-simulation/install/amm_msgs/include/amm_msgs/amm_msgs/action/detail/pick_object__struct.h
-- Up-to-date symlink: /home/leonardo/git/autonomous-mobile-manipulation-in-simulation/install/amm_msgs/include/amm_msgs/amm_msgs/action/detail/pick_object__type_support.h
-- Up-to-date symlink: /home/leonardo/git/autonomous-mobile-manipulation-in-simulation/install/amm_msgs/include/amm_msgs/amm_msgs/action/detail/place_object__functions.h
-- Up-to-date symlink: /home/leonardo/git/autonomous-mobile-manipulation-in-simulation/install/amm_msgs/include/amm_msgs/amm_msgs/action/detail/place_object__struct.h
-- Up-to-date symlink: /home/leonardo/git/autonomous-mobile-manipulation-in-simulation/install/amm_msgs/include/amm_msgs/amm_msgs/action/detail/place_object__type_support.h
-- Up-to-date symlink: /home/leonardo/git/autonomous-mobile-manipulation-in-simulation/install/amm_msgs/include/amm_msgs/amm_msgs/action/execute_task.h
-- Up-to-date symlink: /home/leonardo/git/autonomous-mobile-manipulation-in-simulation/install/amm_msgs/include/amm_msgs/amm_msgs/action/pick_object.h
-- Up-to-date symlink: /home/leonardo/git/autonomous-mobile-manipulation-in-simulation/install/amm_msgs/include/amm_msgs/amm_msgs/action/place_object.h
-- Up-to-date symlink: /home/leonardo/git/autonomous-mobile-manipulation-in-simulation/install/amm_msgs/include/amm_msgs/amm_msgs/msg/detail/detected_object__functions.h
-- Up-to-date symlink: /home/leonardo/git/autonomous-mobile-manipulation-in-simulation/install/amm_msgs/include/amm_msgs/amm_msgs/msg/detail/detected_object__struct.h
-- Up-to-date symlink: /home/leonardo/git/autonomous-mobile-manipulation-in-simulation/install/amm_msgs/include/amm_msgs/amm_msgs/msg/detail/detected_object__type_support.h
-- Up-to-date symlink: /home/leonardo/git/autonomous-mobile-manipulation-in-simulation/install/amm_msgs/include/amm_msgs/amm_msgs/msg/detail/task_command__functions.h
-- Up-to-date symlink: /home/leonardo/git/autonomous-mobile-manipulation-in-simulation/install/amm_msgs/include/amm_msgs/amm_msgs/msg/detail/task_command__struct.h
-- Up-to-date symlink: /home/leonardo/git/autonomous-mobile-manipulation-in-simulation/install/amm_msgs/include/amm_msgs/amm_msgs/msg/detail/task_command__type_support.h
-- Up-to-date symlink: /home/leonardo/git/autonomous-mobile-manipulation-in-simulation/install/amm_msgs/include/amm_msgs/amm_msgs/msg/detected_object.h
-- Up-to-date symlink: /home/leonardo/git/autonomous-mobile-manipulation-in-simulation/install/amm_msgs/include/amm_msgs/amm_msgs/msg/rosidl_generator_c__visibility_control.h
-- Up-to-date symlink: /home/leonardo/git/autonomous-mobile-manipulation-in-simulation/install/amm_msgs/include/amm_msgs/amm_msgs/msg/task_command.h
-- Up-to-date symlink: /home/leonardo/git/autonomous-mobile-manipulation-in-simulation/install/amm_msgs/share/amm_msgs/environment/library_path.sh
-- Up-to-date symlink: /home/leonardo/git/autonomous-mobile-manipulation-in-simulation/install/amm_msgs/share/amm_msgs/environment/library_path.dsv
-- Up-to-date symlink: /home/leonardo/git/autonomous-mobile-manipulation-in-simulation/install/amm_msgs/include/amm_msgs/amm_msgs/action/detail/execute_task__rosidl_typesupport_fastrtps_c.h
-- Up-to-date symlink: /home/leonardo/git/autonomous-mobile-manipulation-in-simulation/install/amm_msgs/include/amm_msgs/amm_msgs/action/detail/pick_object__rosidl_typesupport_fastrtps_c.h
-- Up-to-date symlink: /home/leonardo/git/autonomous-mobile-manipulation-in-simulation/install/amm_msgs/include/amm_msgs/amm_msgs/action/detail/place_object__rosidl_typesupport_fastrtps_c.h
-- Up-to-date symlink: /home/leonardo/git/autonomous-mobile-manipulation-in-simulation/install/amm_msgs/include/amm_msgs/amm_msgs/msg/detail/detected_object__rosidl_typesupport_fastrtps_c.h
-- Up-to-date symlink: /home/leonardo/git/autonomous-mobile-manipulation-in-simulation/install/amm_msgs/include/amm_msgs/amm_msgs/msg/detail/task_command__rosidl_typesupport_fastrtps_c.h
-- Up-to-date symlink: /home/leonardo/git/autonomous-mobile-manipulation-in-simulation/install/amm_msgs/include/amm_msgs/amm_msgs/msg/rosidl_typesupport_fastrtps_c__visibility_control.h
-- Up-to-date symlink: /home/leonardo/git/autonomous-mobile-manipulation-in-simulation/install/amm_msgs/include/amm_msgs/amm_msgs/action/detail/execute_task__rosidl_typesupport_introspection_c.h
-- Up-to-date symlink: /home/leonardo/git/autonomous-mobile-manipulation-in-simulation/install/amm_msgs/include/amm_msgs/amm_msgs/action/detail/pick_object__rosidl_typesupport_introspection_c.h
-- Up-to-date symlink: /home/leonardo/git/autonomous-mobile-manipulation-in-simulation/install/amm_msgs/include/amm_msgs/amm_msgs/action/detail/place_object__rosidl_typesupport_introspection_c.h
-- Up-to-date symlink: /home/leonardo/git/autonomous-mobile-manipulation-in-simulation/install/amm_msgs/include/amm_msgs/amm_msgs/msg/detail/detected_object__rosidl_typesupport_introspection_c.h
-- Up-to-date symlink: /home/leonardo/git/autonomous-mobile-manipulation-in-simulation/install/amm_msgs/include/amm_msgs/amm_msgs/msg/detail/task_command__rosidl_typesupport_introspection_c.h
-- Up-to-date symlink: /home/leonardo/git/autonomous-mobile-manipulation-in-simulation/install/amm_msgs/include/amm_msgs/amm_msgs/msg/rosidl_typesupport_introspection_c__visibility_control.h
-- Up-to-date symlink: /home/leonardo/git/autonomous-mobile-manipulation-in-simulation/install/amm_msgs/include/amm_msgs/amm_msgs/action/detail/execute_task__builder.hpp
-- Up-to-date symlink: /home/leonardo/git/autonomous-mobile-manipulation-in-simulation/install/amm_msgs/include/amm_msgs/amm_msgs/action/detail/execute_task__struct.hpp
-- Up-to-date symlink: /home/leonardo/git/autonomous-mobile-manipulation-in-simulation/install/amm_msgs/include/amm_msgs/amm_msgs/action/detail/execute_task__traits.hpp
-- Up-to-date symlink: /home/leonardo/git/autonomous-mobile-manipulation-in-simulation/install/amm_msgs/include/amm_msgs/amm_msgs/action/detail/execute_task__type_support.hpp
-- Up-to-date symlink: /home/leonardo/git/autonomous-mobile-manipulation-in-simulation/install/amm_msgs/include/amm_msgs/amm_msgs/action/detail/pick_object__builder.hpp
-- Up-to-date symlink: /home/leonardo/git/autonomous-mobile-manipulation-in-simulation/install/amm_msgs/include/amm_msgs/amm_msgs/action/detail/pick_object__struct.hpp
-- Up-to-date symlink: /home/leonardo/git/autonomous-mobile-manipulation-in-simulation/install/amm_msgs/include/amm_msgs/amm_msgs/action/detail/pick_object__traits.hpp
-- Up-to-date symlink: /home/leonardo/git/autonomous-mobile-manipulation-in-simulation/install/amm_msgs/include/amm_msgs/amm_msgs/action/detail/pick_object__type_support.hpp
-- Up-to-date symlink: /home/leonardo/git/autonomous-mobile-manipulation-in-simulation/install/amm_msgs/include/amm_msgs/amm_msgs/action/detail/place_object__builder.hpp
-- Up-to-date symlink: /home/leonardo/git/autonomous-mobile-manipulation-in-simulation/install/amm_msgs/include/amm_msgs/amm_msgs/action/detail/place_object__struct.hpp
-- Up-to-date symlink: /home/leonardo/git/autonomous-mobile-manipulation-in-simulation/install/amm_msgs/include/amm_msgs/amm_msgs/action/detail/place_object__traits.hpp
-- Up-to-date symlink: /home/leonardo/git/autonomous-mobile-manipulation-in-simulation/install/amm_msgs/include/amm_msgs/amm_msgs/action/detail/place_object__type_support.hpp
-- Up-to-date symlink: /home/leonardo/git/autonomous-mobile-manipulation-in-simulation/install/amm_msgs/include/amm_msgs/amm_msgs/action/execute_task.hpp
-- Up-to-date symlink: /home/leonardo/git/autonomous-mobile-manipulation-in-simulation/install/amm_msgs/include/amm_msgs/amm_msgs/action/pick_object.hpp
-- Up-to-date symlink: /home/leonardo/git/autonomous-mobile-manipulation-in-simulation/install/amm_msgs/include/amm_msgs/amm_msgs/action/place_object.hpp
-- Up-to-date symlink: /home/leonardo/git/autonomous-mobile-manipulation-in-simulation/install/amm_msgs/include/amm_msgs/amm_msgs/msg/detail/detected_object__builder.hpp
-- Up-to-date symlink: /home/leonardo/git/autonomous-mobile-manipulation-in-simulation/install/amm_msgs/include/amm_msgs/amm_msgs/msg/detail/detected_object__struct.hpp
-- Up-to-date symlink: /home/leonardo/git/autonomous-mobile-manipulation-in-simulation/install/amm_msgs/include/amm_msgs/amm_msgs/msg/detail/detected_object__traits.hpp
-- Up-to-date symlink: /home/leonardo/git/autonomous-mobile-manipulation-in-simulation/install/amm_msgs/include/amm_msgs/amm_msgs/msg/detail/detected_object__type_support.hpp
-- Up-to-date symlink: /home/leonardo/git/autonomous-mobile-manipulation-in-simulation/install/amm_msgs/include/amm_msgs/amm_msgs/msg/detail/task_command__builder.hpp
-- Up-to-date symlink: /home/leonardo/git/autonomous-mobile-manipulation-in-simulation/install/amm_msgs/include/amm_msgs/amm_msgs/msg/detail/task_command__struct.hpp
-- Up-to-date symlink: /home/leonardo/git/autonomous-mobile-manipulation-in-simulation/install/amm_msgs/include/amm_msgs/amm_msgs/msg/detail/task_command__traits.hpp
-- Up-to-date symlink: /home/leonardo/git/autonomous-mobile-manipulation-in-simulation/install/amm_msgs/include/amm_msgs/amm_msgs/msg/detail/task_command__type_support.hpp
-- Up-to-date symlink: /home/leonardo/git/autonomous-mobile-manipulation-in-simulation/install/amm_msgs/include/amm_msgs/amm_msgs/msg/detected_object.hpp
-- Up-to-date symlink: /home/leonardo/git/autonomous-mobile-manipulation-in-simulation/install/amm_msgs/include/amm_msgs/amm_msgs/msg/rosidl_generator_cpp__visibility_control.hpp
-- Up-to-date symlink: /home/leonardo/git/autonomous-mobile-manipulation-in-simulation/install/amm_msgs/include/amm_msgs/amm_msgs/msg/task_command.hpp
-- Up-to-date symlink: /home/leonardo/git/autonomous-mobile-manipulation-in-simulation/install/amm_msgs/include/amm_msgs/amm_msgs/action/detail/execute_task__rosidl_typesupport_fastrtps_cpp.hpp
-- Up-to-date symlink: /home/leonardo/git/autonomous-mobile-manipulation-in-simulation/install/amm_msgs/include/amm_msgs/amm_msgs/action/detail/pick_object__rosidl_typesupport_fastrtps_cpp.hpp
-- Up-to-date symlink: /home/leonardo/git/autonomous-mobile-manipulation-in-simulation/install/amm_msgs/include/amm_msgs/amm_msgs/action/detail/place_object__rosidl_typesupport_fastrtps_cpp.hpp
-- Up-to-date symlink: /home/leonardo/git/autonomous-mobile-manipulation-in-simulation/install/amm_msgs/include/amm_msgs/amm_msgs/msg/detail/detected_object__rosidl_typesupport_fastrtps_cpp.hpp
-- Up-to-date symlink: /home/leonardo/git/autonomous-mobile-manipulation-in-simulation/install/amm_msgs/include/amm_msgs/amm_msgs/msg/detail/task_command__rosidl_typesupport_fastrtps_cpp.hpp
-- Up-to-date symlink: /home/leonardo/git/autonomous-mobile-manipulation-in-simulation/install/amm_msgs/include/amm_msgs/amm_msgs/msg/rosidl_typesupport_fastrtps_cpp__visibility_control.h
-- Up-to-date symlink: /home/leonardo/git/autonomous-mobile-manipulation-in-simulation/install/amm_msgs/include/amm_msgs/amm_msgs/action/detail/execute_task__rosidl_typesupport_introspection_cpp.hpp
-- Up-to-date symlink: /home/leonardo/git/autonomous-mobile-manipulation-in-simulation/install/amm_msgs/include/amm_msgs/amm_msgs/action/detail/pick_object__rosidl_typesupport_introspection_cpp.hpp
-- Up-to-date symlink: /home/leonardo/git/autonomous-mobile-manipulation-in-simulation/install/amm_msgs/include/amm_msgs/amm_msgs/action/detail/place_object__rosidl_typesupport_introspection_cpp.hpp
-- Up-to-date symlink: /home/leonardo/git/autonomous-mobile-manipulation-in-simulation/install/amm_msgs/include/amm_msgs/amm_msgs/msg/detail/detected_object__rosidl_typesupport_introspection_cpp.hpp
-- Up-to-date symlink: /home/leonardo/git/autonomous-mobile-manipulation-in-simulation/install/amm_msgs/include/amm_msgs/amm_msgs/msg/detail/task_command__rosidl_typesupport_introspection_cpp.hpp
-- Up-to-date symlink: /home/leonardo/git/autonomous-mobile-manipulation-in-simulation/install/amm_msgs/share/amm_msgs/environment/pythonpath.sh
-- Up-to-date symlink: /home/leonardo/git/autonomous-mobile-manipulation-in-simulation/install/amm_msgs/share/amm_msgs/environment/pythonpath.dsv
-- Up-to-date symlink: /home/leonardo/git/autonomous-mobile-manipulation-in-simulation/install/amm_msgs/lib/python3.12/site-packages/amm_msgs-0.1.0-py3.12.egg-info/PKG-INFO
-- Up-to-date symlink: /home/leonardo/git/autonomous-mobile-manipulation-in-simulation/install/amm_msgs/lib/python3.12/site-packages/amm_msgs-0.1.0-py3.12.egg-info/SOURCES.txt
-- Up-to-date symlink: /home/leonardo/git/autonomous-mobile-manipulation-in-simulation/install/amm_msgs/lib/python3.12/site-packages/amm_msgs-0.1.0-py3.12.egg-info/dependency_links.txt
-- Up-to-date symlink: /home/leonardo/git/autonomous-mobile-manipulation-in-simulation/install/amm_msgs/lib/python3.12/site-packages/amm_msgs-0.1.0-py3.12.egg-info/top_level.txt
-- Up-to-date symlink: /home/leonardo/git/autonomous-mobile-manipulation-in-simulation/install/amm_msgs/lib/python3.12/site-packages/amm_msgs/__init__.py
-- Up-to-date symlink: /home/leonardo/git/autonomous-mobile-manipulation-in-simulation/install/amm_msgs/lib/python3.12/site-packages/amm_msgs/_amm_msgs_s.ep.rosidl_typesupport_c.c
-- Up-to-date symlink: /home/leonardo/git/autonomous-mobile-manipulation-in-simulation/install/amm_msgs/lib/python3.12/site-packages/amm_msgs/_amm_msgs_s.ep.rosidl_typesupport_fastrtps_c.c
-- Up-to-date symlink: /home/leonardo/git/autonomous-mobile-manipulation-in-simulation/install/amm_msgs/lib/python3.12/site-packages/amm_msgs/_amm_msgs_s.ep.rosidl_typesupport_introspection_c.c
-- Up-to-date symlink: /home/leonardo/git/autonomous-mobile-manipulation-in-simulation/install/amm_msgs/lib/python3.12/site-packages/amm_msgs/action/__init__.py
-- Up-to-date symlink: /home/leonardo/git/autonomous-mobile-manipulation-in-simulation/install/amm_msgs/lib/python3.12/site-packages/amm_msgs/action/_execute_task.py
-- Up-to-date symlink: /home/leonardo/git/autonomous-mobile-manipulation-in-simulation/install/amm_msgs/lib/python3.12/site-packages/amm_msgs/action/_execute_task_s.c
-- Up-to-date symlink: /home/leonardo/git/autonomous-mobile-manipulation-in-simulation/install/amm_msgs/lib/python3.12/site-packages/amm_msgs/action/_pick_object.py
-- Up-to-date symlink: /home/leonardo/git/autonomous-mobile-manipulation-in-simulation/install/amm_msgs/lib/python3.12/site-packages/amm_msgs/action/_pick_object_s.c
-- Up-to-date symlink: /home/leonardo/git/autonomous-mobile-manipulation-in-simulation/install/amm_msgs/lib/python3.12/site-packages/amm_msgs/action/_place_object.py
-- Up-to-date symlink: /home/leonardo/git/autonomous-mobile-manipulation-in-simulation/install/amm_msgs/lib/python3.12/site-packages/amm_msgs/action/_place_object_s.c
-- Up-to-date symlink: /home/leonardo/git/autonomous-mobile-manipulation-in-simulation/install/amm_msgs/lib/python3.12/site-packages/amm_msgs/amm_msgs_s__rosidl_typesupport_c.so
-- Up-to-date symlink: /home/leonardo/git/autonomous-mobile-manipulation-in-simulation/install/amm_msgs/lib/python3.12/site-packages/amm_msgs/amm_msgs_s__rosidl_typesupport_fastrtps_c.so
-- Up-to-date symlink: /home/leonardo/git/autonomous-mobile-manipulation-in-simulation/install/amm_msgs/lib/python3.12/site-packages/amm_msgs/amm_msgs_s__rosidl_typesupport_introspection_c.so
-- Up-to-date symlink: /home/leonardo/git/autonomous-mobile-manipulation-in-simulation/install/amm_msgs/lib/python3.12/site-packages/amm_msgs/msg/__init__.py
-- Up-to-date symlink: /home/leonardo/git/autonomous-mobile-manipulation-in-simulation/install/amm_msgs/lib/python3.12/site-packages/amm_msgs/msg/_detected_object.py
-- Up-to-date symlink: /home/leonardo/git/autonomous-mobile-manipulation-in-simulation/install/amm_msgs/lib/python3.12/site-packages/amm_msgs/msg/_detected_object_s.c
-- Up-to-date symlink: /home/leonardo/git/autonomous-mobile-manipulation-in-simulation/install/amm_msgs/lib/python3.12/site-packages/amm_msgs/msg/_task_command.py
-- Up-to-date symlink: /home/leonardo/git/autonomous-mobile-manipulation-in-simulation/install/amm_msgs/lib/python3.12/site-packages/amm_msgs/msg/_task_command_s.c
-- Up-to-date symlink: /home/leonardo/git/autonomous-mobile-manipulation-in-simulation/install/amm_msgs/lib/python3.12/site-packages/amm_msgs/amm_msgs_s__rosidl_typesupport_fastrtps_c.so
-- Up-to-date symlink: /home/leonardo/git/autonomous-mobile-manipulation-in-simulation/install/amm_msgs/lib/python3.12/site-packages/amm_msgs/amm_msgs_s__rosidl_typesupport_introspection_c.so
-- Up-to-date symlink: /home/leonardo/git/autonomous-mobile-manipulation-in-simulation/install/amm_msgs/lib/python3.12/site-packages/amm_msgs/amm_msgs_s__rosidl_typesupport_c.so
-- Up-to-date symlink: /home/leonardo/git/autonomous-mobile-manipulation-in-simulation/install/amm_msgs/share/amm_msgs/msg/TaskCommand.idl
-- Up-to-date symlink: /home/leonardo/git/autonomous-mobile-manipulation-in-simulation/install/amm_msgs/share/amm_msgs/msg/DetectedObject.idl
-- Up-to-date symlink: /home/leonardo/git/autonomous-mobile-manipulation-in-simulation/install/amm_msgs/share/amm_msgs/action/ExecuteTask.idl
-- Up-to-date symlink: /home/leonardo/git/autonomous-mobile-manipulation-in-simulation/install/amm_msgs/share/amm_msgs/action/PickObject.idl
-- Up-to-date symlink: /home/leonardo/git/autonomous-mobile-manipulation-in-simulation/install/amm_msgs/share/amm_msgs/action/PlaceObject.idl
-- Up-to-date symlink: /home/leonardo/git/autonomous-mobile-manipulation-in-simulation/install/amm_msgs/share/amm_msgs/msg/TaskCommand.msg
-- Up-to-date symlink: /home/leonardo/git/autonomous-mobile-manipulation-in-simulation/install/amm_msgs/share/amm_msgs/msg/DetectedObject.msg
-- Up-to-date symlink: /home/leonardo/git/autonomous-mobile-manipulation-in-simulation/install/amm_msgs/share/amm_msgs/action/ExecuteTask.action
-- Up-to-date symlink: /home/leonardo/git/autonomous-mobile-manipulation-in-simulation/install/amm_msgs/share/amm_msgs/action/PickObject.action
-- Up-to-date symlink: /home/leonardo/git/autonomous-mobile-manipulation-in-simulation/install/amm_msgs/share/amm_msgs/action/PlaceObject.action
-- Up-to-date symlink: /home/leonardo/git/autonomous-mobile-manipulation-in-simulation/install/amm_msgs/share/ament_index/resource_index/package_run_dependencies/amm_msgs
-- Up-to-date symlink: /home/leonardo/git/autonomous-mobile-manipulation-in-simulation/install/amm_msgs/share/ament_index/resource_index/parent_prefix_path/amm_msgs
-- Up-to-date symlink: /home/leonardo/git/autonomous-mobile-manipulation-in-simulation/install/amm_msgs/share/amm_msgs/environment/ament_prefix_path.sh
-- Up-to-date symlink: /home/leonardo/git/autonomous-mobile-manipulation-in-simulation/install/amm_msgs/share/amm_msgs/environment/ament_prefix_path.dsv
-- Up-to-date symlink: /home/leonardo/git/autonomous-mobile-manipulation-in-simulation/install/amm_msgs/share/amm_msgs/environment/path.sh
-- Up-to-date symlink: /home/leonardo/git/autonomous-mobile-manipulation-in-simulation/install/amm_msgs/share/amm_msgs/environment/path.dsv
-- Up-to-date symlink: /home/leonardo/git/autonomous-mobile-manipulation-in-simulation/install/amm_msgs/share/amm_msgs/local_setup.bash
-- Up-to-date symlink: /home/leonardo/git/autonomous-mobile-manipulation-in-simulation/install/amm_msgs/share/amm_msgs/local_setup.sh
-- Up-to-date symlink: /home/leonardo/git/autonomous-mobile-manipulation-in-simulation/install/amm_msgs/share/amm_msgs/local_setup.zsh
-- Up-to-date symlink: /home/leonardo/git/autonomous-mobile-manipulation-in-simulation/install/amm_msgs/share/amm_msgs/local_setup.dsv
-- Symlinking: /home/leonardo/git/autonomous-mobile-manipulation-in-simulation/install/amm_msgs/share/amm_msgs/package.dsv
-- Up-to-date symlink: /home/leonardo/git/autonomous-mobile-manipulation-in-simulation/install/amm_msgs/share/ament_index/resource_index/packages/amm_msgs
-- Up-to-date symlink: /home/leonardo/git/autonomous-mobile-manipulation-in-simulation/install/amm_msgs/share/amm_msgs/cmake/rosidl_cmake-extras.cmake
-- Up-to-date symlink: /home/leonardo/git/autonomous-mobile-manipulation-in-simulation/install/amm_msgs/share/amm_msgs/cmake/ament_cmake_export_dependencies-extras.cmake
-- Up-to-date symlink: /home/leonardo/git/autonomous-mobile-manipulation-in-simulation/install/amm_msgs/share/amm_msgs/cmake/ament_cmake_export_include_directories-extras.cmake
-- Up-to-date symlink: /home/leonardo/git/autonomous-mobile-manipulation-in-simulation/install/amm_msgs/share/amm_msgs/cmake/ament_cmake_export_libraries-extras.cmake
-- Up-to-date symlink: /home/leonardo/git/autonomous-mobile-manipulation-in-simulation/install/amm_msgs/share/amm_msgs/cmake/ament_cmake_export_targets-extras.cmake
-- Up-to-date symlink: /home/leonardo/git/autonomous-mobile-manipulation-in-simulation/install/amm_msgs/share/amm_msgs/cmake/rosidl_cmake_export_typesupport_targets-extras.cmake
-- Up-to-date symlink: /home/leonardo/git/autonomous-mobile-manipulation-in-simulation/install/amm_msgs/share/amm_msgs/cmake/rosidl_cmake_export_typesupport_libraries-extras.cmake
-- Up-to-date symlink: /home/leonardo/git/autonomous-mobile-manipulation-in-simulation/install/amm_msgs/share/amm_msgs/cmake/amm_msgsConfig.cmake
-- Up-to-date symlink: /home/leonardo/git/autonomous-mobile-manipulation-in-simulation/install/amm_msgs/share/amm_msgs/cmake/amm_msgsConfig-version.cmake
-- Up-to-date symlink: /home/leonardo/git/autonomous-mobile-manipulation-in-simulation/install/amm_msgs/share/amm_msgs/package.xml
-- Up-to-date: /home/leonardo/git/autonomous-mobile-manipulation-in-simulation/install/amm_msgs/lib/libamm_msgs__rosidl_generator_c.so
-- Up-to-date: /home/leonardo/git/autonomous-mobile-manipulation-in-simulation/install/amm_msgs/lib/libamm_msgs__rosidl_typesupport_fastrtps_c.so
-- Up-to-date: /home/leonardo/git/autonomous-mobile-manipulation-in-simulation/install/amm_msgs/lib/libamm_msgs__rosidl_typesupport_introspection_c.so
-- Up-to-date: /home/leonardo/git/autonomous-mobile-manipulation-in-simulation/install/amm_msgs/lib/libamm_msgs__rosidl_typesupport_c.so
-- Up-to-date: /home/leonardo/git/autonomous-mobile-manipulation-in-simulation/install/amm_msgs/lib/libamm_msgs__rosidl_typesupport_fastrtps_cpp.so
-- Up-to-date: /home/leonardo/git/autonomous-mobile-manipulation-in-simulation/install/amm_msgs/lib/libamm_msgs__rosidl_typesupport_introspection_cpp.so
-- Up-to-date: /home/leonardo/git/autonomous-mobile-manipulation-in-simulation/install/amm_msgs/lib/libamm_msgs__rosidl_typesupport_cpp.so
Listing '/home/leonardo/git/autonomous-mobile-manipulation-in-simulation/install/amm_msgs/lib/python3.12/site-packages/amm_msgs'...
Listing '/home/leonardo/git/autonomous-mobile-manipulation-in-simulation/install/amm_msgs/lib/python3.12/site-packages/amm_msgs/action'...
Listing '/home/leonardo/git/autonomous-mobile-manipulation-in-simulation/install/amm_msgs/lib/python3.12/site-packages/amm_msgs/msg'...
-- Up-to-date: /home/leonardo/git/autonomous-mobile-manipulation-in-simulation/install/amm_msgs/lib/libamm_msgs__rosidl_generator_py.so
-- Up-to-date: /home/leonardo/git/autonomous-mobile-manipulation-in-simulation/install/amm_msgs/share/amm_msgs/cmake/export_amm_msgs__rosidl_generator_cExport.cmake
-- Up-to-date: /home/leonardo/git/autonomous-mobile-manipulation-in-simulation/install/amm_msgs/share/amm_msgs/cmake/export_amm_msgs__rosidl_generator_cExport-noconfig.cmake
-- Up-to-date: /home/leonardo/git/autonomous-mobile-manipulation-in-simulation/install/amm_msgs/share/amm_msgs/cmake/export_amm_msgs__rosidl_typesupport_fastrtps_cExport.cmake
-- Up-to-date: /home/leonardo/git/autonomous-mobile-manipulation-in-simulation/install/amm_msgs/share/amm_msgs/cmake/export_amm_msgs__rosidl_typesupport_fastrtps_cExport-noconfig.cmake
-- Up-to-date: /home/leonardo/git/autonomous-mobile-manipulation-in-simulation/install/amm_msgs/share/amm_msgs/cmake/amm_msgs__rosidl_typesupport_introspection_cExport.cmake
-- Up-to-date: /home/leonardo/git/autonomous-mobile-manipulation-in-simulation/install/amm_msgs/share/amm_msgs/cmake/amm_msgs__rosidl_typesupport_introspection_cExport-noconfig.cmake
-- Up-to-date: /home/leonardo/git/autonomous-mobile-manipulation-in-simulation/install/amm_msgs/share/amm_msgs/cmake/amm_msgs__rosidl_typesupport_cExport.cmake
-- Up-to-date: /home/leonardo/git/autonomous-mobile-manipulation-in-simulation/install/amm_msgs/share/amm_msgs/cmake/amm_msgs__rosidl_typesupport_cExport-noconfig.cmake
-- Up-to-date: /home/leonardo/git/autonomous-mobile-manipulation-in-simulation/install/amm_msgs/share/amm_msgs/cmake/export_amm_msgs__rosidl_generator_cppExport.cmake
-- Up-to-date: /home/leonardo/git/autonomous-mobile-manipulation-in-simulation/install/amm_msgs/share/amm_msgs/cmake/export_amm_msgs__rosidl_typesupport_fastrtps_cppExport.cmake
-- Up-to-date: /home/leonardo/git/autonomous-mobile-manipulation-in-simulation/install/amm_msgs/share/amm_msgs/cmake/export_amm_msgs__rosidl_typesupport_fastrtps_cppExport-noconfig.cmake
-- Up-to-date: /home/leonardo/git/autonomous-mobile-manipulation-in-simulation/install/amm_msgs/share/amm_msgs/cmake/amm_msgs__rosidl_typesupport_introspection_cppExport.cmake
-- Up-to-date: /home/leonardo/git/autonomous-mobile-manipulation-in-simulation/install/amm_msgs/share/amm_msgs/cmake/amm_msgs__rosidl_typesupport_introspection_cppExport-noconfig.cmake
-- Up-to-date: /home/leonardo/git/autonomous-mobile-manipulation-in-simulation/install/amm_msgs/share/amm_msgs/cmake/amm_msgs__rosidl_typesupport_cppExport.cmake
-- Up-to-date: /home/leonardo/git/autonomous-mobile-manipulation-in-simulation/install/amm_msgs/share/amm_msgs/cmake/amm_msgs__rosidl_typesupport_cppExport-noconfig.cmake
-- Up-to-date: /home/leonardo/git/autonomous-mobile-manipulation-in-simulation/install/amm_msgs/share/amm_msgs/cmake/export_amm_msgs__rosidl_generator_pyExport.cmake
-- Up-to-date: /home/leonardo/git/autonomous-mobile-manipulation-in-simulation/install/amm_msgs/share/amm_msgs/cmake/export_amm_msgs__rosidl_generator_pyExport-noconfig.cmake
