[0.032s] Invoking command in '/home/leonardo/git/autonomous-mobile-manipulation-in-simulation/build/amm_msgs': CMAKE_PREFIX_PATH=${CMAKE_PREFIX_PATH}:/home/leonardo/ros2_ws/install/mirte_test:/home/leonardo/ros2_ws/install/launch_testing_examples:/home/leonardo/ros2_ws/install/examples_rclpy_pointcloud_publisher:/home/leonardo/ros2_ws/install/examples_rclpy_minimal_subscriber:/home/leonardo/ros2_ws/install/examples_rclpy_minimal_service:/home/leonardo/ros2_ws/install/examples_rclpy_minimal_publisher:/home/leonardo/ros2_ws/install/examples_rclpy_minimal_client:/home/leonardo/ros2_ws/install/examples_rclpy_minimal_action_server:/home/leonardo/ros2_ws/install/examples_rclpy_minimal_action_client:/home/leonardo/ros2_ws/install/examples_rclpy_guard_conditions:/home/leonardo/ros2_ws/install/examples_rclpy_executors:/opt/ros/jazzy DEBUGINFOD_URLS=https://debuginfod.ubuntu.com /usr/bin/cmake --build /home/leonardo/git/autonomous-mobile-manipulation-in-simulation/build/amm_msgs -- -j8 -l8
[0.102s] [  1%] Built target amm_msgs__rosidl_generator_type_description
[0.141s] [  1%] Built target ament_cmake_python_symlink_amm_msgs
[0.181s] [ 24%] Built target amm_msgs__rosidl_generator_c
[0.477s] running egg_info
[0.507s] writing amm_msgs.egg-info/PKG-INFO
[0.507s] writing dependency_links to amm_msgs.egg-info/dependency_links.txt
[0.507s] writing top-level names to amm_msgs.egg-info/top_level.txt
[0.584s] reading manifest file 'amm_msgs.egg-info/SOURCES.txt'
[0.584s] writing manifest file 'amm_msgs.egg-info/SOURCES.txt'
[0.613s] [ 24%] Built target ament_cmake_python_build_amm_msgs_egg
[0.647s] [ 33%] Built target amm_msgs__rosidl_typesupport_c
[0.681s] [ 43%] Built target amm_msgs__rosidl_typesupport_introspection_c
[0.723s] [ 52%] Built target amm_msgs__rosidl_typesupport_fastrtps_c
[0.751s] [ 54%] Built target amm_msgs__cpp
[0.789s] [ 63%] Built target amm_msgs__rosidl_typesupport_cpp
[0.826s] [ 72%] Built target amm_msgs__rosidl_typesupport_introspection_cpp
[0.865s] [ 82%] Built target amm_msgs__rosidl_typesupport_fastrtps_cpp
[0.893s] [ 82%] Built target amm_msgs
[0.920s] [ 83%] Built target amm_msgs__py
[0.954s] [ 91%] Built target amm_msgs__rosidl_generator_py
[0.983s] [ 94%] Built target amm_msgs_s__rosidl_typesupport_fastrtps_c
[1.012s] [ 97%] Built target amm_msgs_s__rosidl_typesupport_c
[1.042s] [100%] Built target amm_msgs_s__rosidl_typesupport_introspection_c
[1.057s] Invoked command in '/home/leonardo/git/autonomous-mobile-manipulation-in-simulation/build/amm_msgs' returned '0': CMAKE_PREFIX_PATH=${CMAKE_PREFIX_PATH}:/home/leonardo/ros2_ws/install/mirte_test:/home/leonardo/ros2_ws/install/launch_testing_examples:/home/leonardo/ros2_ws/install/examples_rclpy_pointcloud_publisher:/home/leonardo/ros2_ws/install/examples_rclpy_minimal_subscriber:/home/leonardo/ros2_ws/install/examples_rclpy_minimal_service:/home/leonardo/ros2_ws/install/examples_rclpy_minimal_publisher:/home/leonardo/ros2_ws/install/examples_rclpy_minimal_client:/home/leonardo/ros2_ws/install/examples_rclpy_minimal_action_server:/home/leonardo/ros2_ws/install/examples_rclpy_minimal_action_client:/home/leonardo/ros2_ws/install/examples_rclpy_guard_conditions:/home/leonardo/ros2_ws/install/examples_rclpy_executors:/opt/ros/jazzy DEBUGINFOD_URLS=https://debuginfod.ubuntu.com /usr/bin/cmake --build /home/leonardo/git/autonomous-mobile-manipulation-in-simulation/build/amm_msgs -- -j8 -l8
[1.059s] Invoking command in '/home/leonardo/git/autonomous-mobile-manipulation-in-simulation/build/amm_msgs': CMAKE_PREFIX_PATH=${CMAKE_PREFIX_PATH}:/home/leonardo/ros2_ws/install/mirte_test:/home/leonardo/ros2_ws/install/launch_testing_examples:/home/leonardo/ros2_ws/install/examples_rclpy_pointcloud_publisher:/home/leonardo/ros2_ws/install/examples_rclpy_minimal_subscriber:/home/leonardo/ros2_ws/install/examples_rclpy_minimal_service:/home/leonardo/ros2_ws/install/examples_rclpy_minimal_publisher:/home/leonardo/ros2_ws/install/examples_rclpy_minimal_client:/home/leonardo/ros2_ws/install/examples_rclpy_minimal_action_server:/home/leonardo/ros2_ws/install/examples_rclpy_minimal_action_client:/home/leonardo/ros2_ws/install/examples_rclpy_guard_conditions:/home/leonardo/ros2_ws/install/examples_rclpy_executors:/opt/ros/jazzy DEBUGINFOD_URLS=https://debuginfod.ubuntu.com /usr/bin/cmake --install /home/leonardo/git/autonomous-mobile-manipulation-in-simulation/build/amm_msgs
[1.069s] -- Install configuration: ""
[1.070s] -- Execute custom install script
[1.070s] -- Up-to-date symlink: /home/leonardo/git/autonomous-mobile-manipulation-in-simulation/install/amm_msgs/share/ament_index/resource_index/rosidl_interfaces/amm_msgs
[1.070s] -- Up-to-date symlink: /home/leonardo/git/autonomous-mobile-manipulation-in-simulation/install/amm_msgs/share/amm_msgs/msg/TaskCommand.json
[1.070s] -- Up-to-date symlink: /home/leonardo/git/autonomous-mobile-manipulation-in-simulation/install/amm_msgs/share/amm_msgs/msg/DetectedObject.json
[1.071s] -- Up-to-date symlink: /home/leonardo/git/autonomous-mobile-manipulation-in-simulation/install/amm_msgs/share/amm_msgs/action/ExecuteTask.json
[1.071s] -- Up-to-date symlink: /home/leonardo/git/autonomous-mobile-manipulation-in-simulation/install/amm_msgs/share/amm_msgs/action/PickObject.json
[1.071s] -- Up-to-date symlink: /home/leonardo/git/autonomous-mobile-manipulation-in-simulation/install/amm_msgs/share/amm_msgs/action/PlaceObject.json
[1.072s] -- Up-to-date symlink: /home/leonardo/git/autonomous-mobile-manipulation-in-simulation/install/amm_msgs/include/amm_msgs/amm_msgs/action/detail/execute_task__functions.h
[1.072s] -- Up-to-date symlink: /home/leonardo/git/autonomous-mobile-manipulation-in-simulation/install/amm_msgs/include/amm_msgs/amm_msgs/action/detail/execute_task__struct.h
[1.072s] -- Up-to-date symlink: /home/leonardo/git/autonomous-mobile-manipulation-in-simulation/install/amm_msgs/include/amm_msgs/amm_msgs/action/detail/execute_task__type_support.h
[1.072s] -- Up-to-date symlink: /home/leonardo/git/autonomous-mobile-manipulation-in-simulation/install/amm_msgs/include/amm_msgs/amm_msgs/action/detail/pick_object__functions.h
[1.073s] -- Up-to-date symlink: /home/leonardo/git/autonomous-mobile-manipulation-in-simulation/install/amm_msgs/include/amm_msgs/amm_msgs/action/detail/pick_object__struct.h
[1.073s] -- Up-to-date symlink: /home/leonardo/git/autonomous-mobile-manipulation-in-simulation/install/amm_msgs/include/amm_msgs/amm_msgs/action/detail/pick_object__type_support.h
[1.073s] -- Up-to-date symlink: /home/leonardo/git/autonomous-mobile-manipulation-in-simulation/install/amm_msgs/include/amm_msgs/amm_msgs/action/detail/place_object__functions.h
[1.073s] -- Up-to-date symlink: /home/leonardo/git/autonomous-mobile-manipulation-in-simulation/install/amm_msgs/include/amm_msgs/amm_msgs/action/detail/place_object__struct.h
[1.073s] -- Up-to-date symlink: /home/leonardo/git/autonomous-mobile-manipulation-in-simulation/install/amm_msgs/include/amm_msgs/amm_msgs/action/detail/place_object__type_support.h
[1.073s] -- Up-to-date symlink: /home/leonardo/git/autonomous-mobile-manipulation-in-simulation/install/amm_msgs/include/amm_msgs/amm_msgs/action/execute_task.h
[1.073s] -- Up-to-date symlink: /home/leonardo/git/autonomous-mobile-manipulation-in-simulation/install/amm_msgs/include/amm_msgs/amm_msgs/action/pick_object.h
[1.074s] -- Up-to-date symlink: /home/leonardo/git/autonomous-mobile-manipulation-in-simulation/install/amm_msgs/include/amm_msgs/amm_msgs/action/place_object.h
[1.074s] -- Up-to-date symlink: /home/leonardo/git/autonomous-mobile-manipulation-in-simulation/install/amm_msgs/include/amm_msgs/amm_msgs/msg/detail/detected_object__functions.h
[1.074s] -- Up-to-date symlink: /home/leonardo/git/autonomous-mobile-manipulation-in-simulation/install/amm_msgs/include/amm_msgs/amm_msgs/msg/detail/detected_object__struct.h
[1.074s] -- Up-to-date symlink: /home/leonardo/git/autonomous-mobile-manipulation-in-simulation/install/amm_msgs/include/amm_msgs/amm_msgs/msg/detail/detected_object__type_support.h
[1.074s] -- Up-to-date symlink: /home/leonardo/git/autonomous-mobile-manipulation-in-simulation/install/amm_msgs/include/amm_msgs/amm_msgs/msg/detail/task_command__functions.h
[1.074s] -- Up-to-date symlink: /home/leonardo/git/autonomous-mobile-manipulation-in-simulation/install/amm_msgs/include/amm_msgs/amm_msgs/msg/detail/task_command__struct.h
[1.075s] -- Up-to-date symlink: /home/leonardo/git/autonomous-mobile-manipulation-in-simulation/install/amm_msgs/include/amm_msgs/amm_msgs/msg/detail/task_command__type_support.h
[1.075s] -- Up-to-date symlink: /home/leonardo/git/autonomous-mobile-manipulation-in-simulation/install/amm_msgs/include/amm_msgs/amm_msgs/msg/detected_object.h
[1.075s] -- Up-to-date symlink: /home/leonardo/git/autonomous-mobile-manipulation-in-simulation/install/amm_msgs/include/amm_msgs/amm_msgs/msg/rosidl_generator_c__visibility_control.h
[1.075s] -- Up-to-date symlink: /home/leonardo/git/autonomous-mobile-manipulation-in-simulation/install/amm_msgs/include/amm_msgs/amm_msgs/msg/task_command.h
[1.075s] -- Up-to-date symlink: /home/leonardo/git/autonomous-mobile-manipulation-in-simulation/install/amm_msgs/share/amm_msgs/environment/library_path.sh
[1.076s] -- Up-to-date symlink: /home/leonardo/git/autonomous-mobile-manipulation-in-simulation/install/amm_msgs/share/amm_msgs/environment/library_path.dsv
[1.076s] -- Up-to-date symlink: /home/leonardo/git/autonomous-mobile-manipulation-in-simulation/install/amm_msgs/include/amm_msgs/amm_msgs/action/detail/execute_task__rosidl_typesupport_fastrtps_c.h
[1.076s] -- Up-to-date symlink: /home/leonardo/git/autonomous-mobile-manipulation-in-simulation/install/amm_msgs/include/amm_msgs/amm_msgs/action/detail/pick_object__rosidl_typesupport_fastrtps_c.h
[1.077s] -- Up-to-date symlink: /home/leonardo/git/autonomous-mobile-manipulation-in-simulation/install/amm_msgs/include/amm_msgs/amm_msgs/action/detail/place_object__rosidl_typesupport_fastrtps_c.h
[1.077s] -- Up-to-date symlink: /home/leonardo/git/autonomous-mobile-manipulation-in-simulation/install/amm_msgs/include/amm_msgs/amm_msgs/msg/detail/detected_object__rosidl_typesupport_fastrtps_c.h
[1.077s] -- Up-to-date symlink: /home/leonardo/git/autonomous-mobile-manipulation-in-simulation/install/amm_msgs/include/amm_msgs/amm_msgs/msg/detail/task_command__rosidl_typesupport_fastrtps_c.h
[1.077s] -- Up-to-date symlink: /home/leonardo/git/autonomous-mobile-manipulation-in-simulation/install/amm_msgs/include/amm_msgs/amm_msgs/msg/rosidl_typesupport_fastrtps_c__visibility_control.h
[1.077s] -- Up-to-date symlink: /home/leonardo/git/autonomous-mobile-manipulation-in-simulation/install/amm_msgs/include/amm_msgs/amm_msgs/action/detail/execute_task__rosidl_typesupport_introspection_c.h
[1.078s] -- Up-to-date symlink: /home/leonardo/git/autonomous-mobile-manipulation-in-simulation/install/amm_msgs/include/amm_msgs/amm_msgs/action/detail/pick_object__rosidl_typesupport_introspection_c.h
[1.078s] -- Up-to-date symlink: /home/leonardo/git/autonomous-mobile-manipulation-in-simulation/install/amm_msgs/include/amm_msgs/amm_msgs/action/detail/place_object__rosidl_typesupport_introspection_c.h
[1.078s] -- Up-to-date symlink: /home/leonardo/git/autonomous-mobile-manipulation-in-simulation/install/amm_msgs/include/amm_msgs/amm_msgs/msg/detail/detected_object__rosidl_typesupport_introspection_c.h
[1.078s] -- Up-to-date symlink: /home/leonardo/git/autonomous-mobile-manipulation-in-simulation/install/amm_msgs/include/amm_msgs/amm_msgs/msg/detail/task_command__rosidl_typesupport_introspection_c.h
[1.078s] -- Up-to-date symlink: /home/leonardo/git/autonomous-mobile-manipulation-in-simulation/install/amm_msgs/include/amm_msgs/amm_msgs/msg/rosidl_typesupport_introspection_c__visibility_control.h
[1.079s] -- Up-to-date symlink: /home/leonardo/git/autonomous-mobile-manipulation-in-simulation/install/amm_msgs/include/amm_msgs/amm_msgs/action/detail/execute_task__builder.hpp
[1.079s] -- Up-to-date symlink: /home/leonardo/git/autonomous-mobile-manipulation-in-simulation/install/amm_msgs/include/amm_msgs/amm_msgs/action/detail/execute_task__struct.hpp
[1.079s] -- Up-to-date symlink: /home/leonardo/git/autonomous-mobile-manipulation-in-simulation/install/amm_msgs/include/amm_msgs/amm_msgs/action/detail/execute_task__traits.hpp
[1.079s] -- Up-to-date symlink: /home/leonardo/git/autonomous-mobile-manipulation-in-simulation/install/amm_msgs/include/amm_msgs/amm_msgs/action/detail/execute_task__type_support.hpp
[1.080s] -- Up-to-date symlink: /home/leonardo/git/autonomous-mobile-manipulation-in-simulation/install/amm_msgs/include/amm_msgs/amm_msgs/action/detail/pick_object__builder.hpp
[1.080s] -- Up-to-date symlink: /home/leonardo/git/autonomous-mobile-manipulation-in-simulation/install/amm_msgs/include/amm_msgs/amm_msgs/action/detail/pick_object__struct.hpp
[1.080s] -- Up-to-date symlink: /home/leonardo/git/autonomous-mobile-manipulation-in-simulation/install/amm_msgs/include/amm_msgs/amm_msgs/action/detail/pick_object__traits.hpp
[1.080s] -- Up-to-date symlink: /home/leonardo/git/autonomous-mobile-manipulation-in-simulation/install/amm_msgs/include/amm_msgs/amm_msgs/action/detail/pick_object__type_support.hpp
[1.080s] -- Up-to-date symlink: /home/leonardo/git/autonomous-mobile-manipulation-in-simulation/install/amm_msgs/include/amm_msgs/amm_msgs/action/detail/place_object__builder.hpp
[1.081s] -- Up-to-date symlink: /home/leonardo/git/autonomous-mobile-manipulation-in-simulation/install/amm_msgs/include/amm_msgs/amm_msgs/action/detail/place_object__struct.hpp
[1.081s] -- Up-to-date symlink: /home/leonardo/git/autonomous-mobile-manipulation-in-simulation/install/amm_msgs/include/amm_msgs/amm_msgs/action/detail/place_object__traits.hpp
[1.081s] -- Up-to-date symlink: /home/leonardo/git/autonomous-mobile-manipulation-in-simulation/install/amm_msgs/include/amm_msgs/amm_msgs/action/detail/place_object__type_support.hpp
[1.081s] -- Up-to-date symlink: /home/leonardo/git/autonomous-mobile-manipulation-in-simulation/install/amm_msgs/include/amm_msgs/amm_msgs/action/execute_task.hpp
[1.081s] -- Up-to-date symlink: /home/leonardo/git/autonomous-mobile-manipulation-in-simulation/install/amm_msgs/include/amm_msgs/amm_msgs/action/pick_object.hpp
[1.081s] -- Up-to-date symlink: /home/leonardo/git/autonomous-mobile-manipulation-in-simulation/install/amm_msgs/include/amm_msgs/amm_msgs/action/place_object.hpp
[1.081s] -- Up-to-date symlink: /home/leonardo/git/autonomous-mobile-manipulation-in-simulation/install/amm_msgs/include/amm_msgs/amm_msgs/msg/detail/detected_object__builder.hpp
[1.082s] -- Up-to-date symlink: /home/leonardo/git/autonomous-mobile-manipulation-in-simulation/install/amm_msgs/include/amm_msgs/amm_msgs/msg/detail/detected_object__struct.hpp
[1.082s] -- Up-to-date symlink: /home/leonardo/git/autonomous-mobile-manipulation-in-simulation/install/amm_msgs/include/amm_msgs/amm_msgs/msg/detail/detected_object__traits.hpp
[1.082s] -- Up-to-date symlink: /home/leonardo/git/autonomous-mobile-manipulation-in-simulation/install/amm_msgs/include/amm_msgs/amm_msgs/msg/detail/detected_object__type_support.hpp
[1.082s] -- Up-to-date symlink: /home/leonardo/git/autonomous-mobile-manipulation-in-simulation/install/amm_msgs/include/amm_msgs/amm_msgs/msg/detail/task_command__builder.hpp
[1.082s] -- Up-to-date symlink: /home/leonardo/git/autonomous-mobile-manipulation-in-simulation/install/amm_msgs/include/amm_msgs/amm_msgs/msg/detail/task_command__struct.hpp
[1.082s] -- Up-to-date symlink: /home/leonardo/git/autonomous-mobile-manipulation-in-simulation/install/amm_msgs/include/amm_msgs/amm_msgs/msg/detail/task_command__traits.hpp
[1.083s] -- Up-to-date symlink: /home/leonardo/git/autonomous-mobile-manipulation-in-simulation/install/amm_msgs/include/amm_msgs/amm_msgs/msg/detail/task_command__type_support.hpp
[1.083s] -- Up-to-date symlink: /home/leonardo/git/autonomous-mobile-manipulation-in-simulation/install/amm_msgs/include/amm_msgs/amm_msgs/msg/detected_object.hpp
[1.083s] -- Up-to-date symlink: /home/leonardo/git/autonomous-mobile-manipulation-in-simulation/install/amm_msgs/include/amm_msgs/amm_msgs/msg/rosidl_generator_cpp__visibility_control.hpp
[1.083s] -- Up-to-date symlink: /home/leonardo/git/autonomous-mobile-manipulation-in-simulation/install/amm_msgs/include/amm_msgs/amm_msgs/msg/task_command.hpp
[1.084s] -- Up-to-date symlink: /home/leonardo/git/autonomous-mobile-manipulation-in-simulation/install/amm_msgs/include/amm_msgs/amm_msgs/action/detail/execute_task__rosidl_typesupport_fastrtps_cpp.hpp
[1.084s] -- Up-to-date symlink: /home/leonardo/git/autonomous-mobile-manipulation-in-simulation/install/amm_msgs/include/amm_msgs/amm_msgs/action/detail/pick_object__rosidl_typesupport_fastrtps_cpp.hpp
[1.084s] -- Up-to-date symlink: /home/leonardo/git/autonomous-mobile-manipulation-in-simulation/install/amm_msgs/include/amm_msgs/amm_msgs/action/detail/place_object__rosidl_typesupport_fastrtps_cpp.hpp
[1.084s] -- Up-to-date symlink: /home/leonardo/git/autonomous-mobile-manipulation-in-simulation/install/amm_msgs/include/amm_msgs/amm_msgs/msg/detail/detected_object__rosidl_typesupport_fastrtps_cpp.hpp
[1.084s] -- Up-to-date symlink: /home/leonardo/git/autonomous-mobile-manipulation-in-simulation/install/amm_msgs/include/amm_msgs/amm_msgs/msg/detail/task_command__rosidl_typesupport_fastrtps_cpp.hpp
[1.085s] -- Up-to-date symlink: /home/leonardo/git/autonomous-mobile-manipulation-in-simulation/install/amm_msgs/include/amm_msgs/amm_msgs/msg/rosidl_typesupport_fastrtps_cpp__visibility_control.h
[1.085s] -- Up-to-date symlink: /home/leonardo/git/autonomous-mobile-manipulation-in-simulation/install/amm_msgs/include/amm_msgs/amm_msgs/action/detail/execute_task__rosidl_typesupport_introspection_cpp.hpp
[1.085s] -- Up-to-date symlink: /home/leonardo/git/autonomous-mobile-manipulation-in-simulation/install/amm_msgs/include/amm_msgs/amm_msgs/action/detail/pick_object__rosidl_typesupport_introspection_cpp.hpp
[1.085s] -- Up-to-date symlink: /home/leonardo/git/autonomous-mobile-manipulation-in-simulation/install/amm_msgs/include/amm_msgs/amm_msgs/action/detail/place_object__rosidl_typesupport_introspection_cpp.hpp
[1.086s] -- Up-to-date symlink: /home/leonardo/git/autonomous-mobile-manipulation-in-simulation/install/amm_msgs/include/amm_msgs/amm_msgs/msg/detail/detected_object__rosidl_typesupport_introspection_cpp.hpp
[1.086s] -- Up-to-date symlink: /home/leonardo/git/autonomous-mobile-manipulation-in-simulation/install/amm_msgs/include/amm_msgs/amm_msgs/msg/detail/task_command__rosidl_typesupport_introspection_cpp.hpp
[1.086s] -- Up-to-date symlink: /home/leonardo/git/autonomous-mobile-manipulation-in-simulation/install/amm_msgs/share/amm_msgs/environment/pythonpath.sh
[1.086s] -- Up-to-date symlink: /home/leonardo/git/autonomous-mobile-manipulation-in-simulation/install/amm_msgs/share/amm_msgs/environment/pythonpath.dsv
[1.086s] -- Up-to-date symlink: /home/leonardo/git/autonomous-mobile-manipulation-in-simulation/install/amm_msgs/lib/python3.12/site-packages/amm_msgs-0.1.0-py3.12.egg-info/PKG-INFO
[1.087s] -- Up-to-date symlink: /home/leonardo/git/autonomous-mobile-manipulation-in-simulation/install/amm_msgs/lib/python3.12/site-packages/amm_msgs-0.1.0-py3.12.egg-info/SOURCES.txt
[1.087s] -- Up-to-date symlink: /home/leonardo/git/autonomous-mobile-manipulation-in-simulation/install/amm_msgs/lib/python3.12/site-packages/amm_msgs-0.1.0-py3.12.egg-info/dependency_links.txt
[1.087s] -- Up-to-date symlink: /home/leonardo/git/autonomous-mobile-manipulation-in-simulation/install/amm_msgs/lib/python3.12/site-packages/amm_msgs-0.1.0-py3.12.egg-info/top_level.txt
[1.088s] -- Up-to-date symlink: /home/leonardo/git/autonomous-mobile-manipulation-in-simulation/install/amm_msgs/lib/python3.12/site-packages/amm_msgs/__init__.py
[1.088s] -- Up-to-date symlink: /home/leonardo/git/autonomous-mobile-manipulation-in-simulation/install/amm_msgs/lib/python3.12/site-packages/amm_msgs/_amm_msgs_s.ep.rosidl_typesupport_c.c
[1.088s] -- Up-to-date symlink: /home/leonardo/git/autonomous-mobile-manipulation-in-simulation/install/amm_msgs/lib/python3.12/site-packages/amm_msgs/_amm_msgs_s.ep.rosidl_typesupport_fastrtps_c.c
[1.088s] -- Up-to-date symlink: /home/leonardo/git/autonomous-mobile-manipulation-in-simulation/install/amm_msgs/lib/python3.12/site-packages/amm_msgs/_amm_msgs_s.ep.rosidl_typesupport_introspection_c.c
[1.088s] -- Up-to-date symlink: /home/leonardo/git/autonomous-mobile-manipulation-in-simulation/install/amm_msgs/lib/python3.12/site-packages/amm_msgs/action/__init__.py
[1.088s] -- Up-to-date symlink: /home/leonardo/git/autonomous-mobile-manipulation-in-simulation/install/amm_msgs/lib/python3.12/site-packages/amm_msgs/action/_execute_task.py
[1.089s] -- Up-to-date symlink: /home/leonardo/git/autonomous-mobile-manipulation-in-simulation/install/amm_msgs/lib/python3.12/site-packages/amm_msgs/action/_execute_task_s.c
[1.089s] -- Up-to-date symlink: /home/leonardo/git/autonomous-mobile-manipulation-in-simulation/install/amm_msgs/lib/python3.12/site-packages/amm_msgs/action/_pick_object.py
[1.089s] -- Up-to-date symlink: /home/leonardo/git/autonomous-mobile-manipulation-in-simulation/install/amm_msgs/lib/python3.12/site-packages/amm_msgs/action/_pick_object_s.c
[1.089s] -- Up-to-date symlink: /home/leonardo/git/autonomous-mobile-manipulation-in-simulation/install/amm_msgs/lib/python3.12/site-packages/amm_msgs/action/_place_object.py
[1.089s] -- Up-to-date symlink: /home/leonardo/git/autonomous-mobile-manipulation-in-simulation/install/amm_msgs/lib/python3.12/site-packages/amm_msgs/action/_place_object_s.c
[1.089s] -- Up-to-date symlink: /home/leonardo/git/autonomous-mobile-manipulation-in-simulation/install/amm_msgs/lib/python3.12/site-packages/amm_msgs/amm_msgs_s__rosidl_typesupport_c.so
[1.089s] -- Up-to-date symlink: /home/leonardo/git/autonomous-mobile-manipulation-in-simulation/install/amm_msgs/lib/python3.12/site-packages/amm_msgs/amm_msgs_s__rosidl_typesupport_fastrtps_c.so
[1.090s] -- Up-to-date symlink: /home/leonardo/git/autonomous-mobile-manipulation-in-simulation/install/amm_msgs/lib/python3.12/site-packages/amm_msgs/amm_msgs_s__rosidl_typesupport_introspection_c.so
[1.090s] -- Up-to-date symlink: /home/leonardo/git/autonomous-mobile-manipulation-in-simulation/install/amm_msgs/lib/python3.12/site-packages/amm_msgs/msg/__init__.py
[1.090s] -- Up-to-date symlink: /home/leonardo/git/autonomous-mobile-manipulation-in-simulation/install/amm_msgs/lib/python3.12/site-packages/amm_msgs/msg/_detected_object.py
[1.090s] -- Up-to-date symlink: /home/leonardo/git/autonomous-mobile-manipulation-in-simulation/install/amm_msgs/lib/python3.12/site-packages/amm_msgs/msg/_detected_object_s.c
[1.090s] -- Up-to-date symlink: /home/leonardo/git/autonomous-mobile-manipulation-in-simulation/install/amm_msgs/lib/python3.12/site-packages/amm_msgs/msg/_task_command.py
[1.090s] -- Up-to-date symlink: /home/leonardo/git/autonomous-mobile-manipulation-in-simulation/install/amm_msgs/lib/python3.12/site-packages/amm_msgs/msg/_task_command_s.c
[1.090s] -- Up-to-date symlink: /home/leonardo/git/autonomous-mobile-manipulation-in-simulation/install/amm_msgs/lib/python3.12/site-packages/amm_msgs/amm_msgs_s__rosidl_typesupport_fastrtps_c.so
[1.091s] -- Up-to-date symlink: /home/leonardo/git/autonomous-mobile-manipulation-in-simulation/install/amm_msgs/lib/python3.12/site-packages/amm_msgs/amm_msgs_s__rosidl_typesupport_introspection_c.so
[1.091s] -- Up-to-date symlink: /home/leonardo/git/autonomous-mobile-manipulation-in-simulation/install/amm_msgs/lib/python3.12/site-packages/amm_msgs/amm_msgs_s__rosidl_typesupport_c.so
[1.091s] -- Up-to-date symlink: /home/leonardo/git/autonomous-mobile-manipulation-in-simulation/install/amm_msgs/share/amm_msgs/msg/TaskCommand.idl
[1.091s] -- Up-to-date symlink: /home/leonardo/git/autonomous-mobile-manipulation-in-simulation/install/amm_msgs/share/amm_msgs/msg/DetectedObject.idl
[1.091s] -- Up-to-date symlink: /home/leonardo/git/autonomous-mobile-manipulation-in-simulation/install/amm_msgs/share/amm_msgs/action/ExecuteTask.idl
[1.091s] -- Up-to-date symlink: /home/leonardo/git/autonomous-mobile-manipulation-in-simulation/install/amm_msgs/share/amm_msgs/action/PickObject.idl
[1.092s] -- Up-to-date symlink: /home/leonardo/git/autonomous-mobile-manipulation-in-simulation/install/amm_msgs/share/amm_msgs/action/PlaceObject.idl
[1.092s] -- Up-to-date symlink: /home/leonardo/git/autonomous-mobile-manipulation-in-simulation/install/amm_msgs/share/amm_msgs/msg/TaskCommand.msg
[1.092s] -- Up-to-date symlink: /home/leonardo/git/autonomous-mobile-manipulation-in-simulation/install/amm_msgs/share/amm_msgs/msg/DetectedObject.msg
[1.092s] -- Up-to-date symlink: /home/leonardo/git/autonomous-mobile-manipulation-in-simulation/install/amm_msgs/share/amm_msgs/action/ExecuteTask.action
[1.092s] -- Up-to-date symlink: /home/leonardo/git/autonomous-mobile-manipulation-in-simulation/install/amm_msgs/share/amm_msgs/action/PickObject.action
[1.092s] -- Up-to-date symlink: /home/leonardo/git/autonomous-mobile-manipulation-in-simulation/install/amm_msgs/share/amm_msgs/action/PlaceObject.action
[1.093s] -- Up-to-date symlink: /home/leonardo/git/autonomous-mobile-manipulation-in-simulation/install/amm_msgs/share/ament_index/resource_index/package_run_dependencies/amm_msgs
[1.093s] -- Up-to-date symlink: /home/leonardo/git/autonomous-mobile-manipulation-in-simulation/install/amm_msgs/share/ament_index/resource_index/parent_prefix_path/amm_msgs
[1.093s] -- Up-to-date symlink: /home/leonardo/git/autonomous-mobile-manipulation-in-simulation/install/amm_msgs/share/amm_msgs/environment/ament_prefix_path.sh
[1.093s] -- Up-to-date symlink: /home/leonardo/git/autonomous-mobile-manipulation-in-simulation/install/amm_msgs/share/amm_msgs/environment/ament_prefix_path.dsv
[1.093s] -- Up-to-date symlink: /home/leonardo/git/autonomous-mobile-manipulation-in-simulation/install/amm_msgs/share/amm_msgs/environment/path.sh
[1.093s] -- Up-to-date symlink: /home/leonardo/git/autonomous-mobile-manipulation-in-simulation/install/amm_msgs/share/amm_msgs/environment/path.dsv
[1.094s] -- Up-to-date symlink: /home/leonardo/git/autonomous-mobile-manipulation-in-simulation/install/amm_msgs/share/amm_msgs/local_setup.bash
[1.094s] -- Up-to-date symlink: /home/leonardo/git/autonomous-mobile-manipulation-in-simulation/install/amm_msgs/share/amm_msgs/local_setup.sh
[1.094s] -- Up-to-date symlink: /home/leonardo/git/autonomous-mobile-manipulation-in-simulation/install/amm_msgs/share/amm_msgs/local_setup.zsh
[1.094s] -- Up-to-date symlink: /home/leonardo/git/autonomous-mobile-manipulation-in-simulation/install/amm_msgs/share/amm_msgs/local_setup.dsv
[1.094s] -- Symlinking: /home/leonardo/git/autonomous-mobile-manipulation-in-simulation/install/amm_msgs/share/amm_msgs/package.dsv
[1.105s] -- Up-to-date symlink: /home/leonardo/git/autonomous-mobile-manipulation-in-simulation/install/amm_msgs/share/ament_index/resource_index/packages/amm_msgs
[1.105s] -- Up-to-date symlink: /home/leonardo/git/autonomous-mobile-manipulation-in-simulation/install/amm_msgs/share/amm_msgs/cmake/rosidl_cmake-extras.cmake
[1.105s] -- Up-to-date symlink: /home/leonardo/git/autonomous-mobile-manipulation-in-simulation/install/amm_msgs/share/amm_msgs/cmake/ament_cmake_export_dependencies-extras.cmake
[1.105s] -- Up-to-date symlink: /home/leonardo/git/autonomous-mobile-manipulation-in-simulation/install/amm_msgs/share/amm_msgs/cmake/ament_cmake_export_include_directories-extras.cmake
[1.105s] -- Up-to-date symlink: /home/leonardo/git/autonomous-mobile-manipulation-in-simulation/install/amm_msgs/share/amm_msgs/cmake/ament_cmake_export_libraries-extras.cmake
[1.105s] -- Up-to-date symlink: /home/leonardo/git/autonomous-mobile-manipulation-in-simulation/install/amm_msgs/share/amm_msgs/cmake/ament_cmake_export_targets-extras.cmake
[1.106s] -- Up-to-date symlink: /home/leonardo/git/autonomous-mobile-manipulation-in-simulation/install/amm_msgs/share/amm_msgs/cmake/rosidl_cmake_export_typesupport_targets-extras.cmake
[1.106s] -- Up-to-date symlink: /home/leonardo/git/autonomous-mobile-manipulation-in-simulation/install/amm_msgs/share/amm_msgs/cmake/rosidl_cmake_export_typesupport_libraries-extras.cmake
[1.106s] -- Up-to-date symlink: /home/leonardo/git/autonomous-mobile-manipulation-in-simulation/install/amm_msgs/share/amm_msgs/cmake/amm_msgsConfig.cmake
[1.106s] -- Up-to-date symlink: /home/leonardo/git/autonomous-mobile-manipulation-in-simulation/install/amm_msgs/share/amm_msgs/cmake/amm_msgsConfig-version.cmake
[1.106s] -- Up-to-date symlink: /home/leonardo/git/autonomous-mobile-manipulation-in-simulation/install/amm_msgs/share/amm_msgs/package.xml
[1.107s] -- Up-to-date: /home/leonardo/git/autonomous-mobile-manipulation-in-simulation/install/amm_msgs/lib/libamm_msgs__rosidl_generator_c.so
[1.107s] -- Up-to-date: /home/leonardo/git/autonomous-mobile-manipulation-in-simulation/install/amm_msgs/lib/libamm_msgs__rosidl_typesupport_fastrtps_c.so
[1.108s] -- Up-to-date: /home/leonardo/git/autonomous-mobile-manipulation-in-simulation/install/amm_msgs/lib/libamm_msgs__rosidl_typesupport_introspection_c.so
[1.108s] -- Up-to-date: /home/leonardo/git/autonomous-mobile-manipulation-in-simulation/install/amm_msgs/lib/libamm_msgs__rosidl_typesupport_c.so
[1.108s] -- Up-to-date: /home/leonardo/git/autonomous-mobile-manipulation-in-simulation/install/amm_msgs/lib/libamm_msgs__rosidl_typesupport_fastrtps_cpp.so
[1.109s] -- Up-to-date: /home/leonardo/git/autonomous-mobile-manipulation-in-simulation/install/amm_msgs/lib/libamm_msgs__rosidl_typesupport_introspection_cpp.so
[1.109s] -- Up-to-date: /home/leonardo/git/autonomous-mobile-manipulation-in-simulation/install/amm_msgs/lib/libamm_msgs__rosidl_typesupport_cpp.so
[1.151s] Listing '/home/leonardo/git/autonomous-mobile-manipulation-in-simulation/install/amm_msgs/lib/python3.12/site-packages/amm_msgs'...
[1.151s] Listing '/home/leonardo/git/autonomous-mobile-manipulation-in-simulation/install/amm_msgs/lib/python3.12/site-packages/amm_msgs/action'...
[1.151s] Listing '/home/leonardo/git/autonomous-mobile-manipulation-in-simulation/install/amm_msgs/lib/python3.12/site-packages/amm_msgs/msg'...
[1.156s] -- Up-to-date: /home/leonardo/git/autonomous-mobile-manipulation-in-simulation/install/amm_msgs/lib/libamm_msgs__rosidl_generator_py.so
[1.156s] -- Up-to-date: /home/leonardo/git/autonomous-mobile-manipulation-in-simulation/install/amm_msgs/share/amm_msgs/cmake/export_amm_msgs__rosidl_generator_cExport.cmake
[1.156s] -- Up-to-date: /home/leonardo/git/autonomous-mobile-manipulation-in-simulation/install/amm_msgs/share/amm_msgs/cmake/export_amm_msgs__rosidl_generator_cExport-noconfig.cmake
[1.156s] -- Up-to-date: /home/leonardo/git/autonomous-mobile-manipulation-in-simulation/install/amm_msgs/share/amm_msgs/cmake/export_amm_msgs__rosidl_typesupport_fastrtps_cExport.cmake
[1.157s] -- Up-to-date: /home/leonardo/git/autonomous-mobile-manipulation-in-simulation/install/amm_msgs/share/amm_msgs/cmake/export_amm_msgs__rosidl_typesupport_fastrtps_cExport-noconfig.cmake
[1.157s] -- Up-to-date: /home/leonardo/git/autonomous-mobile-manipulation-in-simulation/install/amm_msgs/share/amm_msgs/cmake/amm_msgs__rosidl_typesupport_introspection_cExport.cmake
[1.157s] -- Up-to-date: /home/leonardo/git/autonomous-mobile-manipulation-in-simulation/install/amm_msgs/share/amm_msgs/cmake/amm_msgs__rosidl_typesupport_introspection_cExport-noconfig.cmake
[1.157s] -- Up-to-date: /home/leonardo/git/autonomous-mobile-manipulation-in-simulation/install/amm_msgs/share/amm_msgs/cmake/amm_msgs__rosidl_typesupport_cExport.cmake
[1.157s] -- Up-to-date: /home/leonardo/git/autonomous-mobile-manipulation-in-simulation/install/amm_msgs/share/amm_msgs/cmake/amm_msgs__rosidl_typesupport_cExport-noconfig.cmake
[1.157s] -- Up-to-date: /home/leonardo/git/autonomous-mobile-manipulation-in-simulation/install/amm_msgs/share/amm_msgs/cmake/export_amm_msgs__rosidl_generator_cppExport.cmake
[1.157s] -- Up-to-date: /home/leonardo/git/autonomous-mobile-manipulation-in-simulation/install/amm_msgs/share/amm_msgs/cmake/export_amm_msgs__rosidl_typesupport_fastrtps_cppExport.cmake
[1.157s] -- Up-to-date: /home/leonardo/git/autonomous-mobile-manipulation-in-simulation/install/amm_msgs/share/amm_msgs/cmake/export_amm_msgs__rosidl_typesupport_fastrtps_cppExport-noconfig.cmake
[1.157s] -- Up-to-date: /home/leonardo/git/autonomous-mobile-manipulation-in-simulation/install/amm_msgs/share/amm_msgs/cmake/amm_msgs__rosidl_typesupport_introspection_cppExport.cmake
[1.157s] -- Up-to-date: /home/leonardo/git/autonomous-mobile-manipulation-in-simulation/install/amm_msgs/share/amm_msgs/cmake/amm_msgs__rosidl_typesupport_introspection_cppExport-noconfig.cmake
[1.157s] -- Up-to-date: /home/leonardo/git/autonomous-mobile-manipulation-in-simulation/install/amm_msgs/share/amm_msgs/cmake/amm_msgs__rosidl_typesupport_cppExport.cmake
[1.157s] -- Up-to-date: /home/leonardo/git/autonomous-mobile-manipulation-in-simulation/install/amm_msgs/share/amm_msgs/cmake/amm_msgs__rosidl_typesupport_cppExport-noconfig.cmake
[1.157s] -- Up-to-date: /home/leonardo/git/autonomous-mobile-manipulation-in-simulation/install/amm_msgs/share/amm_msgs/cmake/export_amm_msgs__rosidl_generator_pyExport.cmake
[1.158s] -- Up-to-date: /home/leonardo/git/autonomous-mobile-manipulation-in-simulation/install/amm_msgs/share/amm_msgs/cmake/export_amm_msgs__rosidl_generator_pyExport-noconfig.cmake
[1.159s] Invoked command in '/home/leonardo/git/autonomous-mobile-manipulation-in-simulation/build/amm_msgs' returned '0': CMAKE_PREFIX_PATH=${CMAKE_PREFIX_PATH}:/home/leonardo/ros2_ws/install/mirte_test:/home/leonardo/ros2_ws/install/launch_testing_examples:/home/leonardo/ros2_ws/install/examples_rclpy_pointcloud_publisher:/home/leonardo/ros2_ws/install/examples_rclpy_minimal_subscriber:/home/leonardo/ros2_ws/install/examples_rclpy_minimal_service:/home/leonardo/ros2_ws/install/examples_rclpy_minimal_publisher:/home/leonardo/ros2_ws/install/examples_rclpy_minimal_client:/home/leonardo/ros2_ws/install/examples_rclpy_minimal_action_server:/home/leonardo/ros2_ws/install/examples_rclpy_minimal_action_client:/home/leonardo/ros2_ws/install/examples_rclpy_guard_conditions:/home/leonardo/ros2_ws/install/examples_rclpy_executors:/opt/ros/jazzy DEBUGINFOD_URLS=https://debuginfod.ubuntu.com /usr/bin/cmake --install /home/leonardo/git/autonomous-mobile-manipulation-in-simulation/build/amm_msgs
