-- Found ament_cmake: 2.5.5 (/opt/ros/jazzy/share/ament_cmake/cmake)
-- Override CMake install command with custom implementation using symlinks instead of copying resources
-- Configuring done (0.4s)
-- Generating done (0.0s)
-- Build files have been written to: /home/leonardo/git/autonomous-mobile-manipulation-in-simulation/build/amm_description
-- Install configuration: ""
-- Execute custom install script
-- Up-to-date symlink: /home/leonardo/git/autonomous-mobile-manipulation-in-simulation/install/amm_description/share/amm_description/urdf/ridgeback_franka.urdf.xacro
-- Symlinking: /home/leonardo/git/autonomous-mobile-manipulation-in-simulation/install/amm_description/share/amm_description/launch/description.launch.py
-- Symlinking: /home/leonardo/git/autonomous-mobile-manipulation-in-simulation/install/amm_description/share/ament_index/resource_index/package_run_dependencies/amm_description
-- Symlinking: /home/leonardo/git/autonomous-mobile-manipulation-in-simulation/install/amm_description/share/ament_index/resource_index/parent_prefix_path/amm_description
-- Symlinking: /home/leonardo/git/autonomous-mobile-manipulation-in-simulation/install/amm_description/share/amm_description/environment/ament_prefix_path.sh
-- Symlinking: /home/leonardo/git/autonomous-mobile-manipulation-in-simulation/install/amm_description/share/amm_description/environment/ament_prefix_path.dsv
-- Symlinking: /home/leonardo/git/autonomous-mobile-manipulation-in-simulation/install/amm_description/share/amm_description/environment/path.sh
-- Symlinking: /home/leonardo/git/autonomous-mobile-manipulation-in-simulation/install/amm_description/share/amm_description/environment/path.dsv
-- Symlinking: /home/leonardo/git/autonomous-mobile-manipulation-in-simulation/install/amm_description/share/amm_description/local_setup.bash
-- Symlinking: /home/leonardo/git/autonomous-mobile-manipulation-in-simulation/install/amm_description/share/amm_description/local_setup.sh
-- Symlinking: /home/leonardo/git/autonomous-mobile-manipulation-in-simulation/install/amm_description/share/amm_description/local_setup.zsh
-- Symlinking: /home/leonardo/git/autonomous-mobile-manipulation-in-simulation/install/amm_description/share/amm_description/local_setup.dsv
-- Symlinking: /home/leonardo/git/autonomous-mobile-manipulation-in-simulation/install/amm_description/share/amm_description/package.dsv
-- Symlinking: /home/leonardo/git/autonomous-mobile-manipulation-in-simulation/install/amm_description/share/ament_index/resource_index/packages/amm_description
-- Symlinking: /home/leonardo/git/autonomous-mobile-manipulation-in-simulation/install/amm_description/share/amm_description/cmake/amm_descriptionConfig.cmake
-- Symlinking: /home/leonardo/git/autonomous-mobile-manipulation-in-simulation/install/amm_description/share/amm_description/cmake/amm_descriptionConfig-version.cmake
-- Symlinking: /home/leonardo/git/autonomous-mobile-manipulation-in-simulation/install/amm_description/share/amm_description/package.xml
