-- The C compiler identification is GNU 13.3.0
-- The CXX compiler identification is GNU 13.3.0
-- Detecting C compiler ABI info
-- Detecting C compiler ABI info - done
-- Check for working C compiler: /usr/bin/cc - skipped
-- Detecting C compile features
-- Detecting C compile features - done
-- Detecting CXX compiler ABI info
-- Detecting CXX compiler ABI info - done
-- Check for working CXX compiler: /usr/bin/c++ - skipped
-- Detecting CXX compile features
-- Detecting CXX compile features - done
-- Found ament_cmake: 2.5.5 (/opt/ros/jazzy/share/ament_cmake/cmake)
-- Found Python3: /usr/bin/python3 (found version "3.12.3") found components: Interpreter 
-- Override CMake install command with custom implementation using symlinks instead of copying resources
-- Configuring done (1.0s)
-- Generating done (0.0s)
-- Build files have been written to: /home/leonardo/git/autonomous-mobile-manipulation-in-simulation/build/amm_bringup
-- Install configuration: ""
-- Execute custom install script
-- Symlinking: /home/leonardo/git/autonomous-mobile-manipulation-in-simulation/install/amm_bringup/share/amm_bringup/launch/simulation.launch.py
-- Symlinking: /home/leonardo/git/autonomous-mobile-manipulation-in-simulation/install/amm_bringup/share/amm_bringup/config/manipulation.yaml
-- Symlinking: /home/leonardo/git/autonomous-mobile-manipulation-in-simulation/install/amm_bringup/share/amm_bringup/config/nav2_params.yaml
-- Symlinking: /home/leonardo/git/autonomous-mobile-manipulation-in-simulation/install/amm_bringup/share/amm_bringup/config/navigation.yaml
-- Symlinking: /home/leonardo/git/autonomous-mobile-manipulation-in-simulation/install/amm_bringup/share/amm_bringup/config/slam_toolbox.yaml
-- Symlinking: /home/leonardo/git/autonomous-mobile-manipulation-in-simulation/install/amm_bringup/share/amm_bringup/config/task_planner.yaml
-- Symlinking: /home/leonardo/git/autonomous-mobile-manipulation-in-simulation/install/amm_bringup/share/ament_index/resource_index/package_run_dependencies/amm_bringup
-- Symlinking: /home/leonardo/git/autonomous-mobile-manipulation-in-simulation/install/amm_bringup/share/ament_index/resource_index/parent_prefix_path/amm_bringup
-- Symlinking: /home/leonardo/git/autonomous-mobile-manipulation-in-simulation/install/amm_bringup/share/amm_bringup/environment/ament_prefix_path.sh
-- Symlinking: /home/leonardo/git/autonomous-mobile-manipulation-in-simulation/install/amm_bringup/share/amm_bringup/environment/ament_prefix_path.dsv
-- Symlinking: /home/leonardo/git/autonomous-mobile-manipulation-in-simulation/install/amm_bringup/share/amm_bringup/environment/path.sh
-- Symlinking: /home/leonardo/git/autonomous-mobile-manipulation-in-simulation/install/amm_bringup/share/amm_bringup/environment/path.dsv
-- Symlinking: /home/leonardo/git/autonomous-mobile-manipulation-in-simulation/install/amm_bringup/share/amm_bringup/local_setup.bash
-- Symlinking: /home/leonardo/git/autonomous-mobile-manipulation-in-simulation/install/amm_bringup/share/amm_bringup/local_setup.sh
-- Symlinking: /home/leonardo/git/autonomous-mobile-manipulation-in-simulation/install/amm_bringup/share/amm_bringup/local_setup.zsh
-- Symlinking: /home/leonardo/git/autonomous-mobile-manipulation-in-simulation/install/amm_bringup/share/amm_bringup/local_setup.dsv
-- Symlinking: /home/leonardo/git/autonomous-mobile-manipulation-in-simulation/install/amm_bringup/share/amm_bringup/package.dsv
-- Symlinking: /home/leonardo/git/autonomous-mobile-manipulation-in-simulation/install/amm_bringup/share/ament_index/resource_index/packages/amm_bringup
-- Symlinking: /home/leonardo/git/autonomous-mobile-manipulation-in-simulation/install/amm_bringup/share/amm_bringup/cmake/amm_bringupConfig.cmake
-- Symlinking: /home/leonardo/git/autonomous-mobile-manipulation-in-simulation/install/amm_bringup/share/amm_bringup/cmake/amm_bringupConfig-version.cmake
-- Symlinking: /home/leonardo/git/autonomous-mobile-manipulation-in-simulation/install/amm_bringup/share/amm_bringup/package.xml
