-- The C compiler identification is GNU 13.3.0
-- The CXX compiler identification is GNU 13.3.0
-- Detecting C compiler ABI info
-- Detecting C compiler ABI info - done
-- Check for working C compiler: /usr/bin/cc - skipped
-- Detecting C compile features
-- Detecting C compile features - done
-- Detecting CXX compiler ABI info
-- Detecting CXX compiler ABI info - done
-- Check for working CXX compiler: /usr/bin/c++ - skipped
-- Detecting CXX compile features
-- Detecting CXX compile features - done
-- Found ament_cmake: 2.5.5 (/opt/ros/jazzy/share/ament_cmake/cmake)
-- Found Python3: /usr/bin/python3 (found version "3.12.3") found components: Interpreter 
-- Override CMake install command with custom implementation using symlinks instead of copying resources
-- Configuring done (1.0s)
-- Generating done (0.0s)
-- Build files have been written to: /home/leonardo/git/autonomous-mobile-manipulation-in-simulation/build/amm_gazebo
-- Install configuration: ""
-- Execute custom install script
-- Symlinking: /home/leonardo/git/autonomous-mobile-manipulation-in-simulation/install/amm_gazebo/share/amm_gazebo/worlds/three_room.sdf
-- Symlinking: /home/leonardo/git/autonomous-mobile-manipulation-in-simulation/install/amm_gazebo/share/amm_gazebo/launch/gazebo_sim.launch.py
-- Symlinking: /home/leonardo/git/autonomous-mobile-manipulation-in-simulation/install/amm_gazebo/share/amm_gazebo/config/ros_gz_bridge.yaml
-- Symlinking: /home/leonardo/git/autonomous-mobile-manipulation-in-simulation/install/amm_gazebo/share/ament_index/resource_index/package_run_dependencies/amm_gazebo
-- Symlinking: /home/leonardo/git/autonomous-mobile-manipulation-in-simulation/install/amm_gazebo/share/ament_index/resource_index/parent_prefix_path/amm_gazebo
-- Symlinking: /home/leonardo/git/autonomous-mobile-manipulation-in-simulation/install/amm_gazebo/share/amm_gazebo/environment/ament_prefix_path.sh
-- Symlinking: /home/leonardo/git/autonomous-mobile-manipulation-in-simulation/install/amm_gazebo/share/amm_gazebo/environment/ament_prefix_path.dsv
-- Symlinking: /home/leonardo/git/autonomous-mobile-manipulation-in-simulation/install/amm_gazebo/share/amm_gazebo/environment/path.sh
-- Symlinking: /home/leonardo/git/autonomous-mobile-manipulation-in-simulation/install/amm_gazebo/share/amm_gazebo/environment/path.dsv
-- Symlinking: /home/leonardo/git/autonomous-mobile-manipulation-in-simulation/install/amm_gazebo/share/amm_gazebo/local_setup.bash
-- Symlinking: /home/leonardo/git/autonomous-mobile-manipulation-in-simulation/install/amm_gazebo/share/amm_gazebo/local_setup.sh
-- Symlinking: /home/leonardo/git/autonomous-mobile-manipulation-in-simulation/install/amm_gazebo/share/amm_gazebo/local_setup.zsh
-- Symlinking: /home/leonardo/git/autonomous-mobile-manipulation-in-simulation/install/amm_gazebo/share/amm_gazebo/local_setup.dsv
-- Symlinking: /home/leonardo/git/autonomous-mobile-manipulation-in-simulation/install/amm_gazebo/share/amm_gazebo/package.dsv
-- Symlinking: /home/leonardo/git/autonomous-mobile-manipulation-in-simulation/install/amm_gazebo/share/ament_index/resource_index/packages/amm_gazebo
-- Symlinking: /home/leonardo/git/autonomous-mobile-manipulation-in-simulation/install/amm_gazebo/share/amm_gazebo/cmake/amm_gazeboConfig.cmake
-- Symlinking: /home/leonardo/git/autonomous-mobile-manipulation-in-simulation/install/amm_gazebo/share/amm_gazebo/cmake/amm_gazeboConfig-version.cmake
-- Symlinking: /home/leonardo/git/autonomous-mobile-manipulation-in-simulation/install/amm_gazebo/share/amm_gazebo/package.xml
